--- Initial population ---
<< ID: 0, SCORE: 0.0577777777778 { q: [0.28428190643146906] }  { lambda: [1.9243447973005927] }  { h: [69] }  { centers: [448, 530, 841, 761, 591, 507, 769, 12, 260, 797, 127, 835, 286, 475, 528, 233, 580, 33, 270, 634, 134, 486, 892, 417, 558, 36, 189, 298, 268, 57, 128, 519, 487, 680, 169, 279, 282, 123, 103, 314, 225, 860, 771, 3, 406, 227, 569, 722, 457, 244, 636, 414, 454, 131, 809, 871, 164, 851, 839, 172, 202, 820, 35, 802, 425, 759, 303, 221, 359] }  { gammas: [2.0728098850789647, 2.7127190404983041, 1.3509079061705216, 2.0784251501158346, 0.36821819615211115, 0.23875652231228861, 1.3888515668073516, 1.9809613487108784, 0.71363234035012524, 1.2599798494097434, 1.7195746035333848, 0.51247883450973575, 2.3912053442973429, 0.6863455736562728, 2.2274955115464925, 2.9995233657251656, 2.0210841919081046, 0.11312367901543763, 2.9250664451685737, 2.308120830063062, 1.9738513699860267, 2.0475135906436188, 1.1479269887241932, 0.71609665257904032, 0.47433304599430171, 2.3761669292649126, 1.5792165682157768, 1.0523313527704306, 2.5401388279671027, 0.9771749263390298, 1.4902042329543566, 0.72393733388952308, 1.3270433691903425, 1.8010057577522252, 0.60325632918720518, 2.9776048579373287, 0.68717692411275122, 2.8774492985162006, 2.7182689245565905, 0.9471840803851489, 2.1161140222966361, 1.276782091790408, 2.2131947836444921, 2.6858716078151228, 0.79076985766572194, 2.6161602747479189, 1.0101396086945602, 0.28589665273322773, 1.5490427622954783, 2.6178780134862709, 1.681521797836605, 2.2208326469612008, 2.2825535630895288, 1.6235140406527631, 1.7768939319477401, 1.1466598301322795, 2.0660267372855321, 0.23988193362502819, 0.47991481242393419, 0.56682107462791265, 2.7373052060117091, 0.10654555083449724, 2.6465274969200228, 1.9646094362368847, 2.9276123324364822, 2.301009869887928, 2.7084056753861181, 1.9371399338477495, 2.1125330928843118] } >>
<< ID: 1, SCORE: 0.0 { q: [1.1373902725624969] }  { lambda: [1.6312124039917004] }  { h: [44] }  { centers: [273, 622, 390, 235, 145, 103, 844, 392, 598, 510, 816, 587, 233, 639, 224, 247, 726, 17, 533, 868, 463, 512, 374, 346, 371, 807, 693, 788, 509, 256, 883, 173, 659, 142, 444, 169, 803, 694, 487, 55, 606, 857, 373, 433] }  { gammas: [0.98187287022858105, 2.3083316314268139, 2.9912100670121795, 0.18845135601584284, 0.66118986041646233, 2.6724145953687231, 2.5428805135379555, 0.24726957953237083, 0.086137629481156885, 2.7324378963681109, 0.7837947517626549, 2.6480992525486737, 0.97519760170563174, 2.630242324926412, 2.0590403317385615, 2.2741144543184642, 0.40427817935416988, 1.79553388796564, 2.5911228947162139, 0.9912693376706182, 2.1137321938868299, 2.5677863280609472, 2.5066105738322717, 1.3840698167833454, 1.8894365772926998, 0.081149289489417686, 2.1853608114502556, 1.9252654864937695, 2.4850110226293998, 0.9941758979659272, 2.0741555734212103, 0.98574018570002897, 0.17806599265847589, 1.5391102669336769, 1.5856440945664074, 0.71208489860591029, 1.1603816253718469, 2.9919051553750986, 0.44738343976412276, 2.4594036491148676, 0.854811470461596, 2.4624214206335688, 1.4498006549212294, 1.4731349397207278] } >>
<< ID: 2, SCORE: 0.0 { q: [0.79202974614322874] }  { lambda: [0.83825260861689932] }  { h: [84] }  { centers: [548, 210, 524, 474, 484, 401, 829, 107, 278, 595, 157, 507, 121, 437, 74, 327, 451, 517, 181, 333, 713, 552, 581, 489, 200, 395, 769, 731, 377, 399, 439, 295, 249, 88, 707, 775, 545, 72, 580, 237, 472, 834, 354, 128, 493, 5, 698, 7, 37, 562, 837, 336, 831, 96, 239, 470, 682, 361, 785, 149, 761, 612, 297, 896, 293, 140, 805, 258, 635, 91, 450, 504, 287, 435, 691, 751, 205, 145, 830, 265, 124, 118, 558, 525] }  { gammas: [1.1810399845199622, 2.9342796009649583, 0.30648842569284185, 2.6290242869968465, 2.1510904139202274, 2.0867819027760617, 0.57755077467451454, 0.68295956110028189, 2.7795124816573571, 2.5123932355608152, 1.087127772042717, 2.3392544521351741, 0.03147021566725805, 1.3958929595811156, 0.091277718499186866, 2.6534371537628791, 1.0129027143152345, 2.0247128904570917, 0.40171073175337235, 0.79058541382756231, 1.3775886596340252, 2.9967422759327262, 0.5687988189212968, 0.21305264538314739, 0.94370291557900854, 2.8450316081076168, 2.3902160600349251, 0.56643262102687097, 0.71474257959599996, 1.752518843202755, 1.3560863817186228, 2.0345701177513833, 0.60218856770972118, 0.58442411485609158, 0.97894739381488605, 0.99912593140189598, 0.22845799987409732, 0.48366907068749054, 1.9086916174438726, 1.1650770913089954, 2.1878164517445757, 2.9813712534399515, 1.2282837004864644, 2.5498552717427612, 0.27483605026528035, 1.7341223939560306, 0.58079304307301149, 2.0988504368668406, 2.5133264066849259, 2.7973262978146618, 2.2574557377960582, 2.1881736926202007, 2.5171518901844161, 1.5663267233646985, 1.8387591354858088, 0.29505314589548692, 1.4275747582309752, 2.0753088787358345, 0.33089085138905039, 1.9865498080103468, 1.2049421805753946, 0.35974029883308689, 1.5742077225847466, 2.8051763407597234, 2.438249157032399, 1.236040629237718, 0.27479848131807949, 2.0778470736450654, 0.085902870519886654, 0.66183576664278154, 2.4979726509439897, 0.98799399863473003, 1.6643965684728828, 1.5112056763571169, 1.1637774196443165, 1.3811113700104276, 1.6707176568670956, 2.4748218883345485, 0.94935722527079169, 1.075029403019532, 1.9013203903740283, 1.9365810064065039, 1.0535564574507477, 2.6975967936262712] } >>
<< ID: 3, SCORE: 0.0444444444444 { q: [-0.20087089882443229] }  { lambda: [1.379945343683797] }  { h: [51] }  { centers: [144, 181, 867, 155, 810, 415, 62, 277, 314, 345, 244, 288, 779, 295, 893, 895, 270, 675, 753, 21, 557, 334, 885, 68, 825, 739, 252, 413, 348, 256, 772, 701, 228, 612, 504, 509, 519, 401, 494, 650, 408, 142, 582, 81, 266, 505, 589, 791, 12, 236, 554] }  { gammas: [2.4988810852000274, 0.54743800923243546, 2.0350390689546236, 2.7313431195588258, 1.4373756409050995, 2.8998808715807889, 1.2229755657962191, 2.2712378425103887, 1.3162157897060616, 1.5222686704729576, 1.4854389519799904, 2.3117784605430307, 2.4784610924115347, 2.6295783518204217, 2.8572733248307376, 2.6962023484051252, 0.9211797362618307, 1.1984942621680523, 2.4574071922591334, 0.019691613348793324, 1.0166785080658716, 2.6206507216328414, 0.99069227323669762, 1.983208053347334, 0.49712724921455198, 2.3258203760607419, 2.6632718384342335, 0.20202415637125604, 1.4114214228483548, 1.7041186992519237, 1.2146512874301643, 1.6848267901203799, 2.7160904577007083, 1.6050810532649873, 1.7017921096138058, 1.8713539394675636, 0.44387848763607651, 1.4508326981468749, 1.6809026537322556, 0.7925745600194275, 0.69307250544858967, 1.1259058056068165, 0.38413566521324738, 0.41108147414210661, 2.1769207497031711, 0.84577569249366602, 2.6127451172470639, 1.3863099678426174, 0.27829421392590781, 1.8251398069930527, 0.053998556513990326] } >>
<< ID: 4, SCORE: 0.0844444444444 { q: [-2.2223463158700363] }  { lambda: [1.1902432063684729] }  { h: [72] }  { centers: [6, 865, 666, 751, 518, 52, 256, 564, 301, 0, 646, 526, 790, 719, 534, 848, 887, 34, 714, 298, 293, 508, 558, 274, 892, 360, 340, 369, 283, 623, 540, 492, 389, 212, 318, 497, 306, 446, 697, 183, 520, 118, 474, 475, 847, 115, 418, 456, 345, 411, 408, 102, 143, 645, 286, 174, 762, 574, 137, 644, 514, 690, 440, 71, 460, 875, 181, 10, 688, 633, 818, 401] }  { gammas: [1.6475012528265971, 2.775820114060116, 2.784280695787904, 1.7796492097002434, 0.43301232461256345, 2.5511553620149887, 1.1211638399760178, 0.54012739070845484, 1.0593155609438367, 1.7866736126821428, 2.7098946454362935, 0.91333355928061644, 2.7525064018513503, 1.7817061138310968, 0.55227185395659717, 2.3506820471365266, 0.48693116836130323, 1.3974651442164467, 0.51106676215653812, 2.6512160551550115, 2.1892822885078753, 2.2811449727562598, 0.91830235682561512, 2.4524564991625759, 0.19466102367436255, 1.6648521715808902, 1.1577046393716532, 2.684276572188026, 1.6046223731723253, 0.28978968962080465, 0.24402357051573997, 1.4344635676457818, 0.2842523910367919, 0.80390840932598762, 1.7342768351854438, 0.427513052707583, 0.85553149418574537, 1.1801769163666564, 0.16051924541118701, 0.33376087573515101, 2.8126509652145852, 1.3465203124835994, 0.55660148222513961, 1.1536894166185232, 1.5823742250948407, 0.71025650748239366, 2.1322707348141821, 0.49468557060031537, 0.039277248738864623, 0.91285694724414601, 0.33463423596274822, 0.76221547397933653, 0.83960205016614131, 1.6026306182374075, 2.009355002104074, 1.7056181459291357, 0.99945967488099352, 0.11857894988825057, 0.26340115986885893, 2.9325594310447509, 2.4557085208732472, 2.5957127446731532, 1.0487608965460489, 1.6703193144675366, 2.0778423188913706, 1.2332160619979624, 2.1861140957205456, 0.29711538163496332, 1.2695949764473315, 0.43384410217918645, 2.6054157557081772, 0.67587043863755558] } >>
<< ID: 5, SCORE: 0.0622222222222 { q: [-0.62817887473985656] }  { lambda: [0.76911802630235981] }  { h: [7] }  { centers: [680, 580, 162, 615, 881, 274, 180] }  { gammas: [1.5196716436013404, 1.0813355579562058, 1.3768258733297825, 0.41200589571876411, 2.9139280656695488, 1.6494627638569572, 0.20477625223828566] } >>
<< ID: 6, SCORE: 0.0 { q: [0.35023595617122733] }  { lambda: [1.8487717746530441] }  { h: [53] }  { centers: [657, 285, 283, 540, 126, 212, 260, 645, 697, 408, 14, 300, 384, 780, 710, 196, 631, 472, 864, 724, 263, 481, 448, 627, 778, 302, 207, 642, 198, 400, 381, 460, 685, 360, 428, 326, 115, 335, 190, 325, 208, 81, 426, 518, 306, 527, 350, 816, 389, 677, 583, 469, 69] }  { gammas: [1.5740058791699607, 0.55335469294687278, 0.4868161432850584, 0.062923793990314114, 1.2144631956990204, 2.7736831709834036, 1.29684836137298, 2.9975279015525786, 2.1606285654711401, 2.1055506461368898, 2.8224595804386312, 2.9995255267281964, 1.892909366976451, 1.559935752124884, 0.890036912488119, 1.6900403459687081, 1.9951884297898017, 0.90001431484041816, 1.722158121763788, 1.9989929199823595, 1.2505046862502232, 0.82740108305535121, 0.3571294288740956, 0.98163307196751004, 1.9986326493074567, 0.67904618601337596, 0.72389971105964823, 0.52791884061056749, 2.4991199908364812, 2.258733275918154, 1.8315953242278087, 1.8610445738128589, 0.36768532905347018, 0.89697170430456774, 2.3269607697480321, 1.400642642486376, 0.83833043608345381, 0.52667487699282367, 2.2499341223754321, 2.1306852276788013, 2.8691850953229925, 1.618394961321326, 1.5436640962913528, 0.89500902815790429, 0.44115519226768884, 1.5316034141668089, 0.091870405804281186, 1.7743979138126487, 2.0418653475771622, 2.4260852675521529, 2.3721100428442274, 1.792235471509414, 2.2876718415365853] } >>
<< ID: 7, SCORE: 0.0 { q: [1.9835176857826087] }  { lambda: [0.26477314111353079] }  { h: [44] }  { centers: [847, 777, 843, 617, 73, 224, 744, 824, 691, 766, 168, 313, 55, 464, 126, 94, 77, 232, 83, 631, 3, 524, 712, 137, 127, 190, 567, 21, 862, 438, 181, 800, 788, 337, 411, 643, 16, 886, 562, 486, 301, 32, 248, 471] }  { gammas: [0.86534469274104298, 0.5274170035999256, 1.9973816263651232, 1.3259148844851354, 1.1078335557002736, 0.23389936436236269, 0.19841450745372213, 2.1242193164481469, 2.690766850380319, 1.8014210070487535, 0.93030480674374483, 1.1182001408745306, 1.9887790570502377, 0.81553375251642124, 0.96486704845124271, 1.607454207876907, 1.0809189212329735, 0.92827553886607228, 0.089294124711010836, 2.7342337868378559, 0.014210252065571916, 0.77633392860774542, 1.2929765562510211, 0.54366960250746266, 0.75323055428129271, 0.5473488474665773, 0.0064032679452080687, 2.869996491428433, 0.34331661090362608, 0.20496351950538227, 1.6814268747620471, 1.7755479895141666, 1.1456098597646802, 1.8106069733348074, 0.83270233253640324, 0.84102036415113202, 1.3333014847116986, 0.35315975770914376, 2.4833956542701312, 2.7432198391078035, 1.0532182437954005, 0.34808000907938208, 0.29887886213355219, 2.0470205818818261] } >>
<< ID: 8, SCORE: 0.0666666666667 { q: [-1.9216199012107662] }  { lambda: [1.5987256327786876] }  { h: [54] }  { centers: [525, 324, 575, 879, 586, 376, 179, 215, 670, 687, 461, 217, 420, 318, 10, 654, 702, 647, 142, 313, 551, 860, 261, 424, 65, 774, 458, 573, 835, 193, 47, 441, 55, 768, 349, 56, 202, 86, 444, 683, 806, 380, 538, 540, 339, 269, 433, 21, 649, 867, 572, 660, 559, 346] }  { gammas: [1.685206520533987, 1.2841435551514253, 0.7612429516334267, 2.6921761094223462, 0.26950968152387222, 2.5093577524708022, 2.5337898725121772, 0.77887810996841444, 0.052410642804211149, 2.7284023418729224, 2.0424886773168787, 1.5589576675106642, 2.5651245919528134, 0.24277446189452456, 1.4689537207569994, 2.1804002437739061, 2.2279548930705593, 0.015894727969294586, 0.59263640395480965, 0.55705903556816161, 1.8748873695956256, 0.68373345452722378, 2.8177894429366002, 0.43009568195253467, 2.9897987880313743, 2.8086232798036481, 1.5545529340386877, 0.81402619582069624, 1.1451800012192672, 2.7783776499675734, 2.6641685878048609, 0.51117417619978978, 1.7041781673586951, 0.3987125545182264, 2.7543813303450011, 1.6608457874986868, 1.520044515589781, 1.4591372155709652, 0.17765512104841341, 0.32001091234475587, 1.9898232598524164, 1.846134212885457, 1.6370913408845658, 1.2921216230061505, 1.6584428048828681, 0.56958461252141324, 0.70831848256701846, 1.7512848439865061, 0.16209553446133196, 0.76194998667185176, 2.6636992254263068, 0.20446282634836255, 2.6755649789650451, 0.98402140263514004] } >>
<< ID: 9, SCORE: 0.0622222222222 { q: [-0.84474375201313712] }  { lambda: [0.75634398180988449] }  { h: [46] }  { centers: [455, 226, 712, 218, 580, 295, 325, 700, 411, 755, 741, 879, 403, 116, 449, 889, 632, 308, 849, 886, 155, 892, 767, 259, 781, 425, 415, 745, 204, 711, 404, 764, 89, 749, 578, 669, 888, 611, 407, 713, 35, 607, 445, 743, 498, 570] }  { gammas: [0.56725364209887197, 1.7570600953838031, 2.2033495381220911, 1.7326942175377238, 0.72801763960497645, 2.432627281158473, 1.3229862573631892, 0.031416122030229365, 0.21842700659005754, 2.8240866942811742, 0.22328990468507037, 1.5532296438100577, 0.51919088581340334, 0.93423803897619295, 1.7439622156318955, 1.3481649347359543, 0.17774054329744904, 2.083857781960083, 2.6822116853301949, 2.2066827768219386, 2.4270888692101269, 2.7715087783445056, 2.1425946283267061, 2.6095945116083135, 1.0810453394765895, 2.4817803065472921, 0.17787143888680457, 1.3004801810592501, 0.50117200314127841, 2.4765311369473624, 0.13317133541540338, 1.5022428359680264, 2.994919222970589, 1.0395985347296883, 1.3743059167402509, 2.0371489268214149, 2.9931695202002526, 1.3497391097140319, 2.5173833449284602, 0.32666253238058895, 0.37963845818171238, 0.91927392916607864, 1.733893071201591, 0.33095496301721039, 1.1307593848010424, 1.928511600765425] } >>
Generation 1
--- Selection...
--- Mutation...
--- Replacement...
Best: << ID: 21, SCORE: 0.226666666667 { q: [-0.15239269624819199] }  { lambda: [-0.88807322878369432] }  { h: [51] }  { centers: [144, 181, 867, 155, 810, 415, 62, 277, 314, 345, 244, 288, 779, 295, 893, 895, 270, 675, 753, 21, 557, 334, 885, 68, 825, 739, 252, 413, 348, 256, 772, 701, 228, 612, 504, 509, 519, 401, 494, 650, 408, 142, 582, 81, 266, 505, 589, 791, 12, 236, 554] }  { gammas: [2.0683249856850425, -0.32704621998123173, 2.1069000048998126, 2.0169574643932346, 1.3986156244573404, 2.8680212359697865, 1.2977424745381363, 2.7747162404729946, 1.3665345181901014, 2.0380244098670905, 1.0394159539422485, 2.0587157182156073, 2.4835768592925911, 2.2882625438186714, 3.0, 2.8033143176963931, 2.2232614410840865, 2.1036983862558269, 2.4077706426573173, 0.24265484380973848, 1.0546105193312831, 2.5966525996282672, 0.8106449829521809, 1.7357146426127223, -1.4878410278349512, 1.6483470443474546, 2.6764544356296929, 0.078921643336879843, 2.3978918449454083, 1.8855002096371789, 1.7066853851183033, 1.6379732789477042, 2.3022610016927629, 1.6966647844542653, 2.0111090642806633, 2.3056007055626928, 0.53445406201451473, 1.8478547318581242, 1.6877605944176068, 0.62706058347730464, 0.41768068715766998, 0.66387799190299335, -0.81202653849851536, 1.0315458282547207, 2.6001204526147048, -0.27335084854310099, 2.4398467491274904, 1.3407226849081775, 0.097580491184708656, 0.91534335218338558, 0.74071722762845527] } >>
(Parent ID: 3)
Generation 2
--- Selection...
--- Mutation...
--- Replacement...
Best: << ID: 87, SCORE: 0.808888888889 { q: [-0.92463690706625778] }  { lambda: [-0.47739128174145162] }  { h: [51] }  { centers: [144, 181, 867, 155, 810, 415, 62, 277, 314, 345, 244, 288, 779, 295, 893, 895, 270, 675, 753, 21, 557, 334, 885, 68, 825, 739, 252, 413, 348, 256, 772, 701, 228, 612, 504, 509, 519, 401, 494, 650, 408, 142, 582, 81, 266, 505, 589, 791, 12, 236, 554] }  { gammas: [0.72971925131313164, -2.3656640528411139, 2.4135868712374666, 2.03189580652188, 1.331970437215737, 2.2586900083663499, 1.4731491883318082, 3.0, 1.2756089773217212, 2.2760257882952057, 0.81014846376500138, 1.7984194740410295, 2.4836738826464564, 2.0633962021314685, 2.9413508679285401, 3.0, 1.9322529548046301, 2.4553153661610345, 2.4892477733304443, 0.50288469805746849, 1.0400518127932037, 2.608150350021877, 1.2897782443252017, 2.5129479140383721, -1.280230050888058, 1.8851606626733084, 2.6697224413061473, 0.086605669348896991, 2.6480232326557847, 2.0338723981051903, 2.507426073077466, 1.5911046810894853, 2.0020380006899376, 2.0551516396104068, 2.186890880329571, 1.8426100713597695, 0.36489591656228471, 1.7858427094849596, 0.94532232698576901, 0.45957344181191406, 0.35870092334674941, 1.1321894815216211, -1.4466385187118278, 0.99285373607116389, 2.8055898092843621, -0.95547337797790088, 2.2141360483904737, 1.3948260815624258, 0.18413855566714438, 0.46388180333210305, 1.070327173501213] } >>
(Parent ID: 21)
Generation 3
--- Selection...
--- Mutation...
--- Replacement...
Best: << ID: 172, SCORE: 0.8 { q: [1.7324958620234412] }  { lambda: [0.60812650906860144] }  { h: [7] }  { centers: [680, 237, 162, 615, 881, 274, 507] }  { gammas: [1.2967922842759063, 0.32089593581702264, 1.3658785513670815, 0.99517471851248818, 1.8339671113930502, 2.6964920973195494, 0.64549369554313185] } >>
(Parent ID: 138)
Generation 4
--- Selection...
--- Mutation...
--- Replacement...
Best: << ID: 245, SCORE: 0.813333333333 { q: [0.64418973369303911] }  { lambda: [1.0470826543218217] }  { h: [8] }  { centers: [680, 237, 162, 507, 881, 173, 592, 534] }  { gammas: [1.3946614469814145, 1.1593564558930507, 2.7870224840498801, 0.15236166979853114, 2.0426966085846039, 2.8822084126534318, 2.1358050168720921, -4.7055912631921117] } >>
(Parent ID: 176)
Generation 5
--- Selection...
--- Mutation...
--- Replacement...
Best: << ID: 308, SCORE: 0.8 { q: [1.8812412990725664] }  { lambda: [0.75048629223554641] }  { h: [7] }  { centers: [619, 237, 162, 615, 881, 173, 507] }  { gammas: [1.3310779260627881, 0.22319313864924004, 0.44570940958074245, 1.2186805619480598, 2.8228943614422652, 2.6055762005645713, 0.57113556952141409] } >>
(Parent ID: 216)
Generation 6
--- Selection...
--- Mutation...
--- Replacement...
Best: << ID: 358, SCORE: 0.831111111111 { q: [0.22790040357825181] }  { lambda: [0.65001995165900506] }  { h: [8] }  { centers: [680, 580, 162, 592, 881, 274, 507, 534] }  { gammas: [1.5693595577039965, -0.38874320832110204, 2.0593639290753845, 1.3623432191970006, 2.5587739700862913, 2.8111155228109244, -0.73561881009887053, -1.3110340050070355] } >>
(Parent ID: 315)
Generation 7
--- Selection...
--- Mutation...
--- Replacement...
Best: << ID: 424, SCORE: 0.804444444444 { q: [0.35998661211139421] }  { lambda: [2.1147803585797647] }  { h: [9] }  { centers: [680, 580, 162, 592, 472, 274, 507, 480, 119] }  { gammas: [1.3616791998204514, 0.77329505742326721, 3.0, 1.262119337534819, 2.5713194324500952, 2.8789947520384072, 0.42764428158272327, -1.5598095157546572, 0.62116689859244634] } >>
(Parent ID: 392)
Generation 8
--- Selection...
--- Mutation...
--- Replacement...
Best: << ID: 522, SCORE: 0.8 { q: [0.22440778589819504] }  { lambda: [1.051337213682751] }  { h: [8] }  { centers: [680, 580, 162, 615, 881, 173, 507, 480] }  { gammas: [2.6384931908143692, -0.64378493736486098, 2.6955726467985506, 0.57867687667905776, 2.3911266575132015, 0.26463397497839763, 0.76820827697598526, -0.18725905613494009] } >>
(Parent ID: 458)
Generation 9
--- Selection...
--- Mutation...
--- Replacement...
Best: << ID: 599, SCORE: 0.808888888889 { q: [0.81450283720724503] }  { lambda: [2.1193138383714403] }  { h: [10] }  { centers: [680, 580, 162, 592, 472, 274, 615, 480, 119, 177] }  { gammas: [1.4811973334122801, 0.65596308701429806, 1.4878767972575886, 2.2208249990814073, 2.700720545080411, 1.7722604976334162, 0.13648784926330065, -1.8864998746200212, -0.27191519870025599, 1.1125488133144721] } >>
(Parent ID: 477)
Generation 10
--- Selection...
--- Mutation...
--- Replacement...
Best: << ID: 639, SCORE: 0.804444444444 { q: [2.4813963089315072] }  { lambda: [0.55158298426522645] }  { h: [5] }  { centers: [619, 580, 162, 615, 881] }  { gammas: [1.8227116187689756, 0.3619310270110403, 1.5190021038319372, 3.0, 2.5367808530004328] } >>
(Parent ID: 607)
Generation 11
--- Selection...
--- Mutation...
--- Replacement...
Best: << ID: 685, SCORE: 0.822222222222 { q: [2.6824197184285814] }  { lambda: [0.54409212786716721] }  { h: [5] }  { centers: [356, 580, 162, 592, 881] }  { gammas: [1.6582046517331319, 0.36419990578616418, 0.32954729563354079, 3.0, 2.0423202332103783] } >>
(Parent ID: 639)
Generation 12
--- Selection...
--- Mutation...
--- Replacement...
Best: << ID: 760, SCORE: 0.813333333333 { q: [-1.720799378872788] }  { lambda: [1.0430920369820464] }  { h: [8] }  { centers: [680, 580, 8, 615, 30, 173, 576, 699] }  { gammas: [2.3099709268102089, -0.74280552095965668, 2.8356505500624296, 1.0034644910258048, 2.2850138039321077, -0.052541135646777648, 2.5107935313398757, -1.0494168662414805] } >>
(Parent ID: 709)
Generation 13
--- Selection...
--- Mutation...
--- Replacement...
Best: << ID: 804, SCORE: 0.822222222222 { q: [-2.1548453758371249] }  { lambda: [0.58145400382073853] }  { h: [8] }  { centers: [680, 580, 8, 615, 200, 173, 576, 699] }  { gammas: [2.0714958920492541, -0.76707330492235437, 1.7786671011387996, 1.1234781826308309, 2.2569230730385144, 0.11101861675597502, 2.3470069330175662, -1.6689314633229382] } >>
(Parent ID: 760)
Generation 14
--- Selection...
--- Mutation...
--- Replacement...
Best: << ID: 901, SCORE: 0.813333333333 { q: [2.6126668012573631] }  { lambda: [0.56594674107765819] }  { h: [4] }  { centers: [619, 580, 162, 592] }  { gammas: [1.7105283381923997, 0.35226694845024842, 0.619690708890969, 2.7488046248100249] } >>
(Parent ID: 839)
Generation 15
--- Selection...
--- Mutation...
--- Replacement...
Best: << ID: 964, SCORE: 0.826666666667 { q: [3.7867140204984633] }  { lambda: [0.56081401747840665] }  { h: [5] }  { centers: [619, 580, 8, 592, 472] }  { gammas: [3.0, 0.34698725386969642, 0.15884385480422969, 2.0207251181048869, 2.1161987527365689] } >>
(Parent ID: 879)
Generation 16
--- Selection...
--- Mutation...
--- Replacement...
Best: << ID: 1030, SCORE: 0.8 { q: [2.6203603345535353] }  { lambda: [0.56711499178600855] }  { h: [4] }  { centers: [356, 237, 8, 507] }  { gammas: [1.4033730044526003, 0.36011740555341809, 2.0389028682156223, 2.8961623806320986] } >>
(Parent ID: 940)
Generation 17
--- Selection...
--- Mutation...
--- Replacement...
Best: << ID: 1077, SCORE: 0.822222222222 { q: [2.3796264030844752] }  { lambda: [0.71358168235541408] }  { h: [5] }  { centers: [356, 580, 8, 592, 672] }  { gammas: [3.0, 0.346117608256028, 3.0, 2.8350361829453359, 2.7393131330074199] } >>
(Parent ID: 1032)
Generation 18
--- Selection...
--- Mutation...
--- Replacement...
Best: << ID: 1152, SCORE: 0.813333333333 { q: [2.6163019293764185] }  { lambda: [0.56697332262463951] }  { h: [4] }  { centers: [619, 237, 8, 507] }  { gammas: [1.2286212119204591, 0.35224606496881522, 2.1348348579292509, 3.0] } >>
(Parent ID: 1094)
Generation 19
--- Selection...
--- Mutation...
--- Replacement...
Best: << ID: 1196, SCORE: 0.813333333333 { q: [2.6163850127260733] }  { lambda: [0.56684562913885306] }  { h: [4] }  { centers: [356, 580, 8, 592] }  { gammas: [1.2208885116947676, 0.35503480648861857, 1.6113966881573605, 2.8705390260950554] } >>
(Parent ID: 1152)
Generation 20
--- Selection...
--- Mutation...
--- Replacement...
Best: << ID: 1274, SCORE: 0.808888888889 { q: [2.6086893963335296] }  { lambda: [0.56691521146614243] }  { h: [4] }  { centers: [619, 237, 162, 507] }  { gammas: [1.3870972706808682, 0.36661615087595711, 1.9328787179011884, 3.0] } >>
(Parent ID: 1199)
Generation 21
--- Selection...
--- Mutation...
--- Replacement...
Best: << ID: 1336, SCORE: 0.813333333333 { q: [2.6180701529097505] }  { lambda: [0.58041985576837962] }  { h: [6] }  { centers: [619, 237, 162, 592, 672, 809] }  { gammas: [2.7780985463399799, 0.34767756259626992, 2.1855523049554861, 3.0, 2.2403851604591303, 0.45500575814694283] } >>
(Parent ID: 1265)
Generation 22
--- Selection...
--- Mutation...
--- Replacement...
Best: << ID: 1392, SCORE: 0.804444444444 { q: [2.6497803895286709] }  { lambda: [0.58020273843367864] }  { h: [8] }  { centers: [356, 237, 8, 507, 472, 809, 462, 875] }  { gammas: [0.94333439844955458, 0.3644695801487518, 0.28482238932753606, -1.0861602897220155, 2.2366167827667014, 0.88269945105838643, 1.7240735097754478, 0.54840113030607085] } >>
(Parent ID: 1343)
Generation 23
--- Selection...
--- Mutation...
--- Replacement...
Best: << ID: 1485, SCORE: 0.813333333333 { q: [2.5263023117588443] }  { lambda: [0.58020372199949877] }  { h: [7] }  { centers: [619, 237, 8, 507, 472, 809, 254] }  { gammas: [2.2521525444088675, 0.38335809511945568, 0.66637200005243646, -6.4541380958407313, 2.2384856069424766, 1.7588366896129601, 1.9051532376235987] } >>
(Parent ID: 1410)
Generation 24
--- Selection...
--- Mutation...
--- Replacement...
Best: << ID: 1561, SCORE: 0.795555555556 { q: [2.6825419857207233] }  { lambda: [0.58013743855887634] }  { h: [9] }  { centers: [619, 237, 8, 507, 472, 140, 462, 875, 683] }  { gammas: [2.1593819394906886, 0.38042662585558229, 0.79872359105544177, 3.0, 2.239834722739531, 0.96344296922399564, 1.761237610236736, 0.049426456118556783, 1.9334522707484361] } >>
(Parent ID: 1447)
Generation 25
--- Selection...
--- Mutation...
--- Replacement...
Best: << ID: 1629, SCORE: 0.826666666667 { q: [-6.7229940584054653] }  { lambda: [3.2041165500559829] }  { h: [12] }  { centers: [680, 580, 215, 469, 200, 738, 592, 699, 576, 41, 573, 160] }  { gammas: [-4.5134883228427576, -1.1215590283718453, 0.61974195533654031, 0.43127507935842924, 1.7454541243219768, 3.0, 1.7536211780719988, -2.3205649359003724, 1.3971809758203837, 3.0, 2.7529465769736445, 2.1441098038215203] } >>
(Parent ID: 1574)
Generation 26
--- Selection...
--- Mutation...
--- Replacement...
Best: << ID: 1684, SCORE: 0.808888888889 { q: [2.6665992802139855] }  { lambda: [0.57987809925087497] }  { h: [9] }  { centers: [619, 237, 8, 507, 472, 809, 462, 875, 683] }  { gammas: [3.0, 0.38163247989645627, 3.0, -5.23328204168652, 2.2800439764031797, 0.94745450722769287, 1.849069391118098, -6.8560781495543859, 0.35815955885927075] } >>
(Parent ID: 1589)
Generation 27
--- Selection...
--- Mutation...
--- Replacement...
Best: << ID: 1751, SCORE: 0.813333333333 { q: [2.2363351367841351] }  { lambda: [0.57976270452553091] }  { h: [9] }  { centers: [619, 580, 8, 507, 472, 809, 254, 750, 239] }  { gammas: [1.6325331604970299, 0.38507991895792371, -2.9015152738479992, 0.95217250028035949, 1.8117935291378611, 1.0183374743393732, 2.0687479780578144, 2.0234621075212544, 2.5684628819387285] } >>
(Parent ID: 1672)
Generation 28
--- Selection...
--- Mutation...
--- Replacement...
Best: << ID: 1816, SCORE: 0.804444444444 { q: [0.8015430206555465] }  { lambda: [0.58001571815498643] }  { h: [10] }  { centers: [619, 580, 8, 592, 472, 809, 254, 189, 239, 702] }  { gammas: [3.0, 0.3885525185434251, -1.3359927143516694, -2.1138453360085214, 1.7743644521704542, 1.2256970197426411, 1.9422605941763542, 2.4300296362576974, 1.9950619370876816, -0.33319095700351675] } >>
(Parent ID: 1749)
Generation 29
--- Selection...
--- Mutation...
--- Replacement...
Best: << ID: 1859, SCORE: 0.831111111111 { q: [2.6786030851686897] }  { lambda: [0.58273549555311144] }  { h: [9] }  { centers: [619, 237, 8, 507, 672, 140, 462, 848, 683] }  { gammas: [1.2656893048451834, 0.37435299192700877, -0.34698036821999656, -15.704201418046175, 2.2180440156982493, 1.4287842310513907, 1.9777787095628079, 3.0, 3.0] } >>
(Parent ID: 1799)
Generation 30
--- Selection...
--- Mutation...
--- Replacement...
Best: << ID: 1956, SCORE: 0.808888888889 { q: [1.9678363093903233] }  { lambda: [0.57341889645981758] }  { h: [9] }  { centers: [619, 580, 8, 592, 472, 809, 254, 189, 178] }  { gammas: [3.0, 0.37858768487273625, -0.0030617565401939717, 0.38400537999343698, 3.0, 1.4249275571586943, 2.3797331892703411, 3.0, 3.0] } >>
(Parent ID: 1886)
Generation 31
--- Selection...
--- Mutation...
--- Replacement...
Best: << ID: 2028, SCORE: 0.8 { q: [1.511005577109287] }  { lambda: [0.58711108579257554] }  { h: [9] }  { centers: [619, 580, 162, 592, 672, 140, 462, 750, 239] }  { gammas: [3.0, 0.40091066362939032, -2.3852952225255306, -2.2938732233073358, 2.1473752113524323, 1.1654566581608035, 1.7999889581974076, 1.8571419861543212, 2.302228549268484] } >>
(Parent ID: 1924)
Generation 32
--- Selection...
--- Mutation...
--- Replacement...
Best: << ID: 2056, SCORE: 0.822222222222 { q: [2.6788066095661409] }  { lambda: [0.58161040529804697] }  { h: [10] }  { centers: [356, 237, 8, 507, 672, 809, 462, 848, 683, 515] }  { gammas: [1.1550254445132468, 0.3906016060550983, -1.9747755404871823, -38.811560209853909, 2.2468075467328088, 1.288465722456235, 2.1527782930367536, -29.496818180969427, 3.0, 2.7453056262175197] } >>
(Parent ID: 2041)
Generation 33
--- Selection...
--- Mutation...
--- Replacement...
Best: << ID: 2138, SCORE: 0.813333333333 { q: [1.1168019533500142] }  { lambda: [0.57996822398774583] }  { h: [7] }  { centers: [356, 237, 162, 592, 672, 809, 462] }  { gammas: [-3.6410743790115569, 0.37260300716404404, -5.3260690152089687, -3.3854890190062821, 2.1892708366642135, 0.87403381625125609, 1.9758509472613035] } >>
(Parent ID: 2078)
Generation 34
--- Selection...
--- Mutation...
--- Replacement...
Best: << ID: 2230, SCORE: 0.831111111111 { q: [1.0975697960983333] }  { lambda: [0.57991671452646676] }  { h: [8] }  { centers: [356, 580, 8, 592, 672, 809, 254, 189] }  { gammas: [-2.2948122328326956, 0.37290592248577198, -6.2036460823597901, -3.5868869690116276, 2.0288826846912102, 1.4219421756254349, 1.9181170294004142, 2.7389552224674669] } >>
(Parent ID: 2135)
Generation 35
--- Selection...
--- Mutation...
--- Replacement...
Best: << ID: 2252, SCORE: 0.817777777778 { q: [2.6811471916125842] }  { lambda: [0.58224218194256705] }  { h: [9] }  { centers: [356, 237, 8, 592, 672, 809, 462, 875, 683] }  { gammas: [1.6279956305275944, 0.4273222785771294, -15.597950804175051, -28.977155395183818, 2.2478097917853814, 1.3623202472916678, 2.5402315973660157, -35.152774582175383, 2.2842308572677084] } >>
(Parent ID: 2184)
Generation 36
--- Selection...
--- Mutation...
--- Replacement...
Best: << ID: 2364, SCORE: 0.826666666667 { q: [1.0984759273513107] }  { lambda: [0.58001333490969775] }  { h: [8] }  { centers: [356, 580, 8, 592, 672, 809, 254, 189] }  { gammas: [-1.6199879649319708, 0.36754480435653941, -6.6108568976293363, -2.0304159495170451, 2.0536544836574868, 3.0, 1.7671286426177104, 2.1617517258628265] } >>
(Parent ID: 2247)
Generation 37
--- Selection...
--- Mutation...
--- Replacement...
Best: << ID: 2380, SCORE: 0.826666666667 { q: [2.6787025533831836] }  { lambda: [0.57846380648438822] }  { h: [10] }  { centers: [619, 580, 8, 592, 672, 809, 254, 848, 644, 446] }  { gammas: [2.6717950327748294, 0.36635163205133059, -4.0657150227640528, -89.432412358474295, 2.2855696403329642, 1.6628209164773851, 2.1949931267035407, -5.2551402890767989, 1.58177563142885, 2.8809287522246683] } >>
(Parent ID: 2351)
Generation 38
--- Selection...
--- Mutation...
--- Replacement...
Best: << ID: 2454, SCORE: 0.813333333333 { q: [1.0573915176239648] }  { lambda: [0.57919715286388274] }  { h: [10] }  { centers: [356, 580, 162, 592, 672, 809, 254, 189, 692, 275] }  { gammas: [0.42576858446523003, 0.37339665355058055, -6.7458306032836921, -2.4714061373525711, 1.9861578110639322, 3.0, 1.7787983641755216, 2.5015421358371239, 2.092289047709281, 2.0929991064514493] } >>
(Parent ID: 2401)
Generation 39
--- Selection...
--- Mutation...
--- Replacement...
Best: << ID: 2532, SCORE: 0.826666666667 { q: [2.3668792569213517] }  { lambda: [0.45704345642714633] }  { h: [12] }  { centers: [619, 580, 162, 592, 672, 140, 462, 750, 239, 799, 658, 556] }  { gammas: [3.0, 0.414634990840967, -1.7039953120193077, -2.5933881200704629, 2.1693056453730253, 2.2325973747305357, 1.8283451810456397, -0.83775226380925472, 2.3748859041046737, 1.7144828913066155, 1.6748756283726935, 2.9681388222858436] } >>
(Parent ID: 2484)
Generation 40
--- Selection...
--- Mutation...
--- Replacement...
Best: << ID: 2607, SCORE: 0.808888888889 { q: [0.80350295666236793] }  { lambda: [0.48613338207984941] }  { h: [12] }  { centers: [619, 580, 162, 592, 672, 809, 462, 750, 239, 370, 658, 556] }  { gammas: [3.0, 0.38471155202898677, -10.623510914792432, -2.6143395939746048, 2.4199518009564676, 2.0168303448416407, 1.7346798381410358, 1.9090551000823677, 2.862523416368147, -7.9756789689961636, 1.5983734595986296, 3.0] } >>
(Parent ID: 2506)
Generation 41
--- Selection...
--- Mutation...
--- Replacement...
Best: << ID: 2647, SCORE: 0.817777777778 { q: [1.0568180093821142] }  { lambda: [0.57912653666111635] }  { h: [10] }  { centers: [356, 580, 162, 507, 298, 809, 254, 663, 692, 680] }  { gammas: [-2.8660889411697927, 0.3677764890711212, -7.1957660708380224, -2.4406513451905458, 2.0449967937280538, 2.6209068199289614, 1.7099012963874751, 3.0, 2.3067970622205709, 0.74066902223307851] } >>
(Parent ID: 2601)
Generation 42
--- Selection...
--- Mutation...
--- Replacement...
Best: << ID: 2742, SCORE: 0.822222222222 { q: [0.72105211657632962] }  { lambda: [0.52164968832228287] }  { h: [10] }  { centers: [619, 237, 162, 592, 672, 809, 462, 750, 239, 799] }  { gammas: [2.6603182258026385, 0.41374532001862879, -9.8423898869953277, -2.9194718124082688, 2.2932357264294874, 2.0191376236786711, 1.7132432250883309, 1.0216208405742631, 2.7322903675913683, -8.972177890440598] } >>
(Parent ID: 2670)
Generation 43
--- Selection...
--- Mutation...
--- Replacement...
Best: << ID: 2776, SCORE: 0.822222222222 { q: [2.6813090644734152] }  { lambda: [0.58080069898244224] }  { h: [10] }  { centers: [356, 580, 162, 507, 298, 809, 462, 848, 644, 310] }  { gammas: [-9.1327010826940871, 0.36666409057552812, 3.0, -75.800708653783687, 2.2456169439313292, 1.5716842484218674, 1.5331511853969808, -5.2882750671193932, 0.56381818155882646, 2.296478083251523] } >>
(Parent ID: 2722)
Generation 44
--- Selection...
--- Mutation...
--- Replacement...
Best: << ID: 2869, SCORE: 0.831111111111 { q: [1.0565927437117806] }  { lambda: [0.57948759721034393] }  { h: [11] }  { centers: [619, 237, 162, 507, 298, 140, 254, 663, 640, 680, 620] }  { gammas: [2.4082755360115726, 0.37716735310684801, -7.9599562682587965, -3.9753833899045814, 1.9051469358370514, 1.9591789038648288, 1.8916007049519117, -0.15653390772042952, 2.8801941384608352, 0.48087876254497924, 1.1121466473977439] } >>
(Parent ID: 2780)
Generation 45
--- Selection...
--- Mutation...
--- Replacement...
Best: << ID: 2879, SCORE: 0.808888888889 { q: [1.0573251308239402] }  { lambda: [0.57958974762632876] }  { h: [10] }  { centers: [619, 237, 162, 507, 298, 140, 254, 663, 640, 680] }  { gammas: [1.7160901207221515, 0.3765041889757994, -7.5061405387357825, -3.4511076008620929, 1.861417068267587, 2.9008836443040447, 2.3017724188788398, -0.69712229519954949, 2.5554935379707095, 0.59398367152820408] } >>
(Parent ID: 2869)
Generation 46
--- Selection...
--- Mutation...
--- Replacement...
Best: << ID: 2967, SCORE: 0.804444444444 { q: [0.74118348837044867] }  { lambda: [0.80199386435721975] }  { h: [8] }  { centers: [619, 237, 162, 592, 672, 809, 254, 750] }  { gammas: [0.90832094225470483, 0.41442803884695145, -12.145056333326764, -2.980604562070218, 2.3078610771137265, 2.015307251615138, 1.8371824569221149, 1.6282089605435497] } >>
(Parent ID: 2888)
Generation 47
--- Selection...
--- Mutation...
--- Replacement...
Best: << ID: 3018, SCORE: 0.826666666667 { q: [0.73405340711812295] }  { lambda: [0.80763942517619092] }  { h: [8] }  { centers: [619, 237, 162, 592, 672, 809, 254, 750] }  { gammas: [0.76133716254862716, 0.40800004478258306, -9.8975312869023071, -3.0768710374521073, 2.2940545495080404, 1.7113465039206148, 1.8965727235670737, 1.4660674659089645] } >>
(Parent ID: 2967)
Generation 48
--- Selection...
--- Mutation...
--- Replacement...
Best: << ID: 3129, SCORE: 0.817777777778 { q: [1.056210248325373] }  { lambda: [0.57932234918655401] }  { h: [11] }  { centers: [356, 237, 8, 507, 298, 809, 254, 189, 692, 680, 618] }  { gammas: [-19.358016527447656, 0.36347735423938465, -7.1689701305873177, -4.2050661102654407, 2.0369533880711805, 2.6073574696008817, 2.0842528957558466, 0.29690662826193726, 1.8666479298386252, -0.1781830330687969, -0.52970487507899455] } >>
(Parent ID: 3032)
Generation 49
--- Selection...
--- Mutation...
--- Replacement...
Best: << ID: 3207, SCORE: 0.813333333333 { q: [0.74039892861336842] }  { lambda: [0.77761843531796415] }  { h: [8] }  { centers: [356, 237, 162, 592, 672, 809, 254, 776] }  { gammas: [1.7870511215411982, 0.42527344060043965, -8.9262384632091809, -2.5867908250804517, 2.2976409414994259, 2.1508764057619416, 1.83931200842322, 3.0] } >>
(Parent ID: 3106)
Generation 50
--- Selection...
--- Mutation...
--- Replacement...
Best: << ID: 3239, SCORE: 0.813333333333 { q: [0.65943268951678102] }  { lambda: [0.51272326684346325] }  { h: [11] }  { centers: [356, 580, 162, 592, 672, 809, 462, 189, 239, 370, 150] }  { gammas: [1.7169963545395952, 0.42987107972793631, -21.708574054310652, -0.15678595007168572, 2.4178942122936893, 2.1702933944425147, 1.9414108618919441, 1.3615041985398779, 2.5610325542092194, -14.43142422307668, 2.903186200280627] } >>
(Parent ID: 3182)
Generation 51
--- Selection...
--- Mutation...
--- Replacement...
Best: << ID: 3316, SCORE: 0.826666666667 { q: [0.51537605134710829] }  { lambda: [1.5614230610289395] }  { h: [11] }  { centers: [619, 237, 162, 592, 672, 809, 462, 189, 178, 370, 434] }  { gammas: [1.0635859563651793, 0.41494373081856906, -19.608002467433543, -2.3623487887742427, 2.3355624523078165, 1.9425220738180193, 1.9871176856227319, 1.994040994847547, 3.0, 3.0, 2.7041593401178683] } >>
(Parent ID: 3259)
Generation 52
--- Selection...
--- Mutation...
--- Replacement...
Best: << ID: 3405, SCORE: 0.813333333333 { q: [1.1324609879854228] }  { lambda: [0.57866545871771591] }  { h: [13] }  { centers: [356, 237, 8, 507, 298, 140, 462, 189, 741, 619, 698, 795, 51] }  { gammas: [-7.3646975955083569, 0.36495412334630251, -6.5375521874802587, -4.3414477737675314, 2.0292599624045429, 3.0, 2.1079858885331975, 2.2874157182603589, 2.0402679167645461, -0.0030612583645990288, 1.1582622129349573, 0.94107901514322612, 2.5606708662269084] } >>
(Parent ID: 3305)
Generation 53
--- Selection...
--- Mutation...
--- Replacement...
Best: << ID: 3460, SCORE: 0.831111111111 { q: [0.60623408324531025] }  { lambda: [1.7984447434604505] }  { h: [13] }  { centers: [356, 237, 8, 507, 298, 140, 462, 189, 178, 370, 69, 806, 820] }  { gammas: [2.942174051076885, 0.33903106696426283, -19.358974961900675, -1.4956650346205214, 2.4001468738164315, 2.0586785298049257, 2.0372955980209704, 3.0, -0.42683483054646243, -40.638978005899219, 3.0, 3.0, 0.42524170538448502] } >>
(Parent ID: 3348)
Generation 54
--- Selection...
--- Mutation...
--- Replacement...
Best: << ID: 3532, SCORE: 0.813333333333 { q: [0.57875457460251822] }  { lambda: [1.0774505764604525] }  { h: [11] }  { centers: [619, 237, 8, 507, 298, 140, 462, 189, 239, 370, 69] }  { gammas: [3.0, 0.39208767277689471, -16.88426242873113, -2.5662139373814274, 2.3992246857269479, 1.9810435929324555, 2.6141308159322567, 2.3341760553914317, 0.2836072834245893, 3.0, 2.9480361581608348] } >>
(Parent ID: 3440)
Generation 55
--- Selection...
--- Mutation...
--- Replacement...
Best: << ID: 3591, SCORE: 0.813333333333 { q: [0.72580372076004895] }  { lambda: [1.7196668859837776] }  { h: [13] }  { centers: [356, 237, 8, 592, 672, 809, 254, 663, 239, 370, 150, 2, 190] }  { gammas: [0.079567190240352692, 0.41011897527950336, 3.0, -1.1125301085996209, 2.4530724682047222, 2.2460372290387642, 2.9860377469803714, 3.0, -7.3620879178045975, 3.0, 2.5585042553375072, 0.3373652678375692, 3.0] } >>
(Parent ID: 3542)
Generation 56
--- Selection...
--- Mutation...
--- Replacement...
Best: << ID: 3614, SCORE: 0.817777777778 { q: [0.70953882341311791] }  { lambda: [2.9893316510814114] }  { h: [14] }  { centers: [356, 237, 8, 592, 672, 809, 462, 663, 239, 370, 150, 2, 190, 191] }  { gammas: [-0.1404015252900685, 0.41223375553195785, 1.575554199004163, -1.5020566221405467, 2.4601567429766571, 2.3158995438432872, 2.9660869723090659, 3.0, -7.6842032087769621, 3.0, 1.7314012583966845, 0.12423136368328278, 2.7248418017786884, 2.1836027511520362] } >>
(Parent ID: 3591)
Generation 57
--- Selection...
--- Mutation...
--- Replacement...
Best: << ID: 3713, SCORE: 0.817777777778 { q: [0.60597127647618021] }  { lambda: [2.0587939777605757] }  { h: [15] }  { centers: [356, 580, 8, 507, 298, 140, 462, 189, 178, 370, 69, 806, 820, 520, 6] }  { gammas: [2.4691196512226914, 0.31312316831613707, -19.71665517022608, -1.6512137122959925, 2.3938619028692298, 1.9973224259799947, 1.4014813620159376, 2.0977147836996664, 0.21506695607723059, -35.635573885721378, 2.7691292611999829, -4.7803138851126317, 0.41283063573588608, 1.0877175650753925, 0.76348816243242168] } >>
(Parent ID: 3632)
Generation 58
--- Selection...
--- Mutation...
--- Replacement...
Best: << ID: 3788, SCORE: 0.817777777778 { q: [0.44191511861211102] }  { lambda: [3.6729573626062155] }  { h: [8] }  { centers: [356, 237, 162, 507, 298, 140, 254, 189] }  { gammas: [1.5450256986138498, 0.41173981517158315, -11.89463829283471, -1.4580547232746424, 2.3355690625313854, 2.0786312838541123, 1.9246069602531091, 1.6926542351042397] } >>
(Parent ID: 3714)
Generation 59
--- Selection...
--- Mutation...
--- Replacement...
Best: << ID: 3824, SCORE: 0.804444444444 { q: [0.59867998727827199] }  { lambda: [2.0768020180178848] }  { h: [13] }  { centers: [619, 237, 8, 507, 298, 809, 462, 189, 178, 799, 69, 806, 60] }  { gammas: [2.872186183820804, 0.31608250355431883, -20.804794180723327, -1.8005710905307537, 2.3812487646885701, 2.0594318404791667, 1.5319702317063459, 3.0, -0.33740113887109152, -30.394267638871277, -2.4112528401186863, -2.3168860377662028, 2.0475133919842134] } >>
(Parent ID: 3784)
Generation 60
--- Selection...
--- Mutation...
--- Replacement...
Best: << ID: 3874, SCORE: 0.804444444444 { q: [0.59501886884445054] }  { lambda: [0.59978357972478014] }  { h: [14] }  { centers: [356, 237, 8, 507, 298, 809, 254, 189, 239, 799, 258, 595, 60, 1] }  { gammas: [3.0, 0.34815577925098973, -20.953589354613865, -1.1258898031326501, 2.3840463672018335, 1.964467628835121, 2.7158774243255097, 3.0, 0.03419131685062092, 0.35622819366077785, 1.9462731473092683, 1.5670125616190027, 2.052769322181895, 2.8008333103980565] } >>
(Parent ID: 3846)
Generation 61
--- Selection...
--- Mutation...
--- Replacement...
Best: << ID: 3934, SCORE: 0.831111111111 { q: [0.59501574465882856] }  { lambda: [0.39827407261308911] }  { h: [14] }  { centers: [356, 237, 8, 507, 298, 140, 254, 189, 239, 799, 258, 595, 60, 1] }  { gammas: [3.0, 0.31384980212557512, -21.029605228126499, -1.3724193713626163, 2.3825657648509306, 1.933992735981263, 3.0, 3.0, 0.098555898800973221, -4.4095361832215039, 2.4162779745446996, 2.0126972256035742, 2.0583728550075095, 2.8693649325376778] } >>
(Parent ID: 3874)
Generation 62
--- Selection...
--- Mutation...
