--- Initial population ---
<< ID: 0, SCORE: 0.108571428571 { q: [-0.67172993781365364] }  { lambda: [0.67719296608834001] }  { h: [92] }  { centers: [495, 371, 96, 166, 212, 65, 518, 478, 512, 288, 209, 24, 532, 144, 566, 338, 260, 29, 614, 110, 628, 275, 295, 113, 214, 563, 280, 108, 258, 339, 358, 677, 281, 226, 439, 684, 392, 665, 527, 654, 664, 44, 578, 195, 287, 261, 188, 391, 370, 204, 156, 216, 443, 161, 322, 199, 436, 82, 519, 153, 593, 328, 172, 483, 481, 139, 447, 332, 32, 311, 600, 465, 422, 451, 499, 193, 252, 361, 116, 20, 554, 579, 560, 220, 122, 227, 225, 112, 194, 390, 81, 39] }  { gammas: [1.5390437789879234, 2.5758417658964317, 1.6979702003963428, 0.98788511585025574, 0.53387956469022879, 1.7292157419126541, 0.62312940993892119, 1.9124431460439655, 1.8024519719410885, 1.8759335812061184, 0.2935187588429693, 1.3179821417974054, 2.7690063623176124, 1.9359393187429323, 1.6057590643056121, 1.9952707390079207, 1.3379658414556361, 1.1296637597354848, 1.8941162420186362, 1.4394722692308735, 2.079965602609442, 2.4221943769336822, 2.2899216482515641, 0.67363298894426038, 1.9585834216386528, 0.64778459273174005, 2.8373936911651243, 1.1261565088328744, 1.7929352570264858, 1.4281476110407798, 0.84256416032665105, 0.74202887492415026, 2.7624135443114857, 0.12371101083311065, 0.5932790228896615, 2.0117525316087148, 2.6765382979919341, 0.77546423078240834, 2.4418202886719698, 0.68486319664004625, 2.0726525813163503, 0.50327426954905696, 2.3259391750974938, 1.7312906557217049, 2.8017923115124579, 0.015991723487918885, 0.83260578656967765, 1.5645995470592342, 2.6237078620922274, 0.025017529668854399, 1.5242455041871337, 2.1625955741700533, 2.1909415514672483, 2.4160680775431742, 1.8215581991024066, 1.2808080664621992, 0.18624656481261759, 0.78241360898452839, 2.0586104988784326, 1.5144034914903812, 2.2390141761522351, 0.048980902643148361, 1.0866373790326991, 2.0475023998837809, 0.013219560086526028, 2.4345856562280308, 2.6781030852699619, 0.34952016501748628, 0.806067619247679, 2.2598398736491858, 1.3125980093116776, 1.1911144069551014, 2.0127679500216704, 1.5659082301965037, 0.36521884704311591, 0.56023628227434652, 2.527666896126874, 0.69043833192881865, 1.8003758385449589, 0.76358427243459515, 1.154029670406119, 0.1584352580763414, 1.4312570095221688, 2.0076887931272793, 0.14495557916980084, 2.3843787408210759, 0.10511518369232387, 0.32154994642056767, 1.3170060845401896, 1.991709790413571, 2.8311418408706674, 2.0855835009862589] } >>
<< ID: 1, SCORE: 0.0285714285714 { q: [1.8469545898461424] }  { lambda: [0.87472014928313024] }  { h: [37] }  { centers: [644, 495, 256, 603, 27, 314, 424, 34, 37, 246, 573, 610, 356, 344, 266, 525, 637, 55, 397, 232, 503, 93, 183, 659, 466, 544, 49, 215, 676, 689, 178, 326, 691, 132, 485, 517, 619] }  { gammas: [1.1704239637329183, 1.6288152296500993, 2.395014859373183, 0.50055025921917429, 1.3546954597129446, 1.5066620465009319, 1.8760010355729615, 0.28332961618195429, 1.4040058691893071, 1.0808205309660877, 2.3987226565945532, 0.12795686454477551, 1.0158536879490951, 2.6366448399719298, 0.27548972616944667, 2.3720937860018099, 0.89826901891542354, 1.0626767423921772, 2.5301614375524673, 2.1683023462872182, 2.2547594571998988, 0.82643031044898396, 2.4049903056028645, 0.41024551197516668, 2.0144492756539085, 1.9765751355264667, 0.40074605782909611, 0.89764852248856419, 2.3772142294006873, 0.86853261229684831, 0.44244853734048173, 1.2040042972649925, 2.3739188932767865, 1.3731681012041039, 1.377957244933095, 1.1474204943797275, 1.9722579980305555] } >>
<< ID: 2, SCORE: 0.491428571429 { q: [1.0131029680369141] }  { lambda: [1.7869284115188779] }  { h: [25] }  { centers: [70, 486, 331, 637, 687, 532, 444, 585, 73, 583, 319, 249, 662, 253, 8, 154, 308, 561, 63, 317, 666, 140, 542, 505, 679] }  { gammas: [2.1383614630708907, 0.9187410998269202, 2.4147802638176072, 2.7860945504394516, 1.7497176152628673, 2.4986939890334519, 0.73702223289378943, 1.7305101102707305, 0.64409500048329671, 2.1894402225834786, 0.32347195090172398, 0.70777334550399262, 1.1451657029697495, 1.4000686177176007, 0.8361532348159959, 1.9682197172294522, 1.0955387920801769, 2.9203099001456496, 2.0889050632690149, 0.43600924026061161, 1.4153575641904503, 2.4158237705663819, 0.14660950453591748, 2.3238480080491035, 2.3716388179405539] } >>
<< ID: 3, SCORE: 0.36 { q: [-1.5885712968842334] }  { lambda: [0.39953952158203498] }  { h: [90] }  { centers: [361, 382, 254, 521, 132, 330, 169, 646, 275, 3, 581, 120, 113, 300, 125, 354, 212, 305, 373, 451, 512, 174, 500, 632, 285, 475, 564, 149, 0, 66, 246, 49, 694, 176, 25, 463, 340, 107, 523, 549, 171, 237, 18, 344, 572, 153, 400, 375, 404, 276, 198, 108, 192, 482, 385, 261, 393, 31, 415, 360, 495, 438, 328, 662, 325, 42, 123, 625, 231, 160, 506, 414, 430, 291, 270, 205, 524, 395, 656, 191, 669, 598, 233, 403, 437, 239, 218, 644, 465, 161] }  { gammas: [0.53015658945202293, 0.67071270260163063, 1.9511502834957781, 2.5496651111042414, 1.5450092441562129, 1.708592791339266, 0.73207389390755218, 0.75609366974670511, 0.36376631447012442, 0.14196071580352021, 2.673197239664848, 1.9767227182219231, 2.0605242457757287, 2.7021690132732932, 0.19680331036519294, 2.5495972995710043, 0.60306094267145982, 2.5209040103334046, 0.38172016602608561, 2.1987609409431488, 2.3620587292085808, 0.82217608934573749, 2.608141384787027, 0.16863875972270448, 1.7546479725051429, 2.9400743428261507, 1.3247836205428598, 0.71543670174448903, 2.0180956522593885, 0.27402093563218166, 2.4504444579509488, 2.2156705311001206, 2.8872167683351395, 0.30890309257386661, 2.0411616844486011, 2.264169465290319, 2.235866849876059, 1.1987585635006659, 1.3717330761669855, 2.7663874369128001, 1.8203622768010113, 1.8989390689386605, 1.6979838614178908, 0.62389254561816909, 2.7246087080991002, 2.5696537118703819, 0.22274413740162202, 0.97952007108615813, 1.1982732089142187, 1.5488441413948175, 1.6380123256188948, 0.33946296749488947, 1.4686775828178549, 0.88446789025066608, 1.6352773955992272, 1.5147597960615955, 2.9821305114913539, 1.7942403519095755, 2.0380672531734128, 1.5912208798152354, 2.1844592571304839, 1.2569487283288052, 0.8636213228619819, 2.2392977436129797, 1.0208142988139715, 1.5739777378280309, 0.6706314283910294, 0.49935902135536903, 1.8861041719980818, 1.4181838332125021, 2.3401294065866387, 2.9219596811240756, 1.6593690809148989, 1.4583089678189221, 1.2135458581358529, 1.2549260077147824, 0.85829095561772695, 1.1535455037513951, 0.64435700614497582, 1.0646734235714037, 2.7326894492647678, 2.0345238769501153, 1.0733612738324716, 2.0674835521728201, 0.05422378229121072, 2.1318156539504907, 1.8162796840393294, 1.1422339169357989, 0.30771059864886796, 2.8635610099047195] } >>
<< ID: 4, SCORE: 0.417142857143 { q: [0.89124859188148009] }  { lambda: [0.44715610075462453] }  { h: [71] }  { centers: [256, 476, 71, 549, 307, 494, 620, 107, 497, 306, 545, 105, 253, 631, 29, 401, 669, 292, 619, 118, 190, 109, 42, 480, 54, 653, 276, 193, 592, 688, 696, 589, 433, 354, 504, 41, 242, 553, 460, 368, 371, 324, 150, 237, 61, 438, 95, 252, 243, 383, 417, 539, 281, 659, 662, 100, 357, 621, 386, 32, 333, 506, 372, 481, 419, 618, 123, 443, 92, 236, 165] }  { gammas: [1.9841950063204628, 0.86967264323756044, 0.20276171720981606, 2.1476729900771461, 0.34139981531069186, 1.5157163768367248, 1.0577005351992486, 2.1348370734213922, 1.1285863226368156, 0.85380244049407006, 0.83656367421219968, 0.81472481387330031, 0.38788544789447332, 1.2058573718871823, 2.241150348573322, 0.76073255976072973, 2.7043387515179669, 2.6565733761059702, 2.6765291764897756, 0.10694782388294599, 2.8519646094642916, 2.3647889090017098, 1.8060552398477738, 0.94026466173225232, 0.23418779286450242, 0.010675978842678235, 1.8440571470482983, 2.6803679394897517, 2.7561133783582581, 0.4595881009422299, 2.5904725001690725, 0.68680462833290523, 0.33743024376622655, 1.5222446795969553, 0.93043267143929576, 2.5349815459570504, 2.8978430541851332, 1.3562294586112933, 2.0756430129708181, 1.5367957267666441, 1.9428416310067127, 1.7188129997888351, 1.8170691164672514, 0.4932971131424353, 1.2093145654979383, 2.6849675968723465, 2.867462158002013, 1.7115708630706732, 0.76081963013824205, 1.102567633898655, 0.22295634913842044, 2.7701154961780343, 0.95649629745089459, 2.5016279877611036, 2.8534815879641924, 0.54350755190720934, 0.3602592056080588, 0.56690133870103621, 2.99874100596347, 2.6007510842518551, 1.1114879023064193, 0.93177115397290933, 0.89039572296037606, 2.0253118702899013, 0.19618750150631503, 2.8121539619006866, 0.017455010950096939, 2.6946968138709142, 1.7735627133975183, 0.68284647603839987, 0.24148680417886859] } >>
<< ID: 5, SCORE: 0.434285714286 { q: [0.38164445029877653] }  { lambda: [1.5797954227044562] }  { h: [77] }  { centers: [332, 4, 89, 355, 551, 114, 322, 428, 125, 540, 361, 561, 300, 160, 439, 193, 565, 294, 327, 155, 203, 422, 364, 5, 621, 580, 130, 54, 610, 139, 572, 518, 682, 412, 508, 389, 39, 647, 345, 201, 544, 64, 285, 502, 525, 271, 258, 36, 575, 590, 351, 101, 445, 128, 140, 581, 286, 356, 117, 516, 195, 219, 691, 511, 118, 671, 650, 472, 143, 276, 316, 635, 12, 22, 199, 630, 121] }  { gammas: [0.00046285880501373278, 0.83699448045907976, 2.4210637082543762, 2.2324723416492347, 0.95711132639872376, 2.5948369503889892, 2.4031393015337841, 0.57284181284560809, 1.3629122366085595, 2.8660768939133567, 2.9262014801581224, 0.76533506633285708, 1.1165123839392059, 0.33432788552147508, 0.31121706579066, 1.3538794137020245, 1.2184109867272104, 2.8926015065716717, 1.8277311977957376, 0.29152154910254591, 0.93189877316987579, 1.7961611222573031, 2.3646658345400056, 2.5500925810063357, 2.1904990864672578, 1.0201192208641903, 1.0210008643849595, 1.1349171146537316, 0.21378098764381404, 2.9873279401408617, 2.5565348910874963, 1.7064412748782105, 2.1491202732505998, 1.9121467904532343, 1.9907006737947919, 1.5487109317609096, 1.9891306892038565, 2.9619617103791978, 0.52197698472312914, 0.40898395091350348, 1.5996145301274383, 2.7202116427783207, 1.5193488174654508, 2.5454279298307072, 2.9747381299142113, 2.016360438824905, 1.922011151196539, 1.0204437055914739, 2.5890554744344509, 1.9199292476033822, 1.4075886579801662, 2.4389305827322127, 1.3953507788484014, 0.1533184364456176, 0.58016312973409534, 2.9210874325083349, 2.9723829253209177, 2.1124850699689266, 0.78514000694141184, 2.0703755949004758, 0.48064733405793358, 1.429996672137644, 2.1564081764007192, 2.4660854440313127, 1.5481976820649781, 1.875935703281125, 0.28467469050982164, 1.0839561353470635, 2.4169641104477706, 2.0340334739561667, 0.63309534136027357, 1.5325744060662041, 1.1353346507853326, 2.8511205472681915, 1.8030715366023857, 0.61337971763411026, 0.56037856535737041] } >>
<< ID: 6, SCORE: 0.52 { q: [-0.75389991197628325] }  { lambda: [0.54351411976489072] }  { h: [35] }  { centers: [539, 460, 271, 170, 625, 249, 162, 22, 679, 642, 129, 106, 126, 352, 663, 72, 285, 64, 66, 610, 136, 363, 131, 88, 417, 375, 198, 346, 268, 113, 612, 183, 156, 90, 646] }  { gammas: [2.7488374878385207, 0.94007291379580815, 0.58151789022671163, 2.7405030470671505, 1.303681983343679, 2.0714004933642083, 0.574067180235457, 0.79537471261595627, 0.5977728113182198, 1.8555682832650118, 2.8298288593560668, 1.950830804813952, 1.9197045950449918, 1.4215747309530413, 1.5270223027577556, 0.049649021683527028, 0.29745105001897565, 2.0016245008346942, 1.8004156611564752, 0.87482612029518203, 1.1869550321490085, 1.8332452256162746, 1.7429004591323014, 1.0381040620205795, 1.7789198252069065, 2.7407337042619733, 2.6964487951473974, 1.5489214519886123, 2.6964805450576286, 0.62634313074124082, 2.9344239922398851, 2.1229125490554135, 1.9790728884766369, 0.14999931685829093, 2.763113457131436] } >>
<< ID: 7, SCORE: 0.0 { q: [-0.57331934253488459] }  { lambda: [0.51620039683449725] }  { h: [23] }  { centers: [167, 131, 71, 333, 546, 158, 683, 247, 370, 665, 549, 172, 638, 663, 562, 605, 135, 586, 553, 116, 147, 210, 560] }  { gammas: [0.97207982253796765, 1.2039942639668595, 1.0584866867394949, 2.2771732568845899, 0.96151212013796428, 1.3218274744023666, 1.771708916928548, 2.5074359139343283, 1.8263642027867335, 0.64765000788023441, 1.2176330170744945, 2.0250366370028692, 1.8525739169093105, 2.0105840147451302, 0.53031830887602849, 1.5824003924486432, 0.35829910941199017, 2.0823350310606199, 1.1467019386829698, 0.93679640656571794, 1.6147289052619627, 2.4892882020611653, 2.1700047737600552] } >>
<< ID: 8, SCORE: 0.0 { q: [-0.57079374237408897] }  { lambda: [1.4684090869845767] }  { h: [62] }  { centers: [248, 465, 293, 321, 568, 691, 159, 246, 508, 394, 384, 311, 547, 545, 215, 250, 543, 424, 183, 152, 28, 37, 172, 436, 60, 320, 164, 73, 371, 636, 83, 536, 126, 21, 284, 137, 77, 16, 348, 332, 493, 288, 639, 84, 497, 484, 116, 98, 354, 233, 461, 97, 339, 49, 525, 169, 216, 291, 2, 650, 223, 314] }  { gammas: [1.2062702302864028, 0.62337861531163186, 1.8731266850719417, 2.8333683709972677, 2.2555393736144853, 1.0750151984892322, 2.8431896361407274, 0.84052760238208002, 0.79512479883193798, 0.92471510373051269, 0.45674025669678942, 1.5508705713013167, 1.577281661373958, 0.53403625279751843, 1.2038090045107319, 0.60718507855591708, 0.73514567287910471, 0.29185532114064894, 0.92641571990137117, 2.6461823529562016, 1.3666575388066722, 1.4770945662879509, 2.5452232843961862, 2.7366480838140101, 2.9561067226156408, 1.7352894458026253, 2.9760239659648144, 1.3542796227190554, 0.80286196441071467, 1.350414428777778, 1.3864176537810686, 1.9708875641845909, 0.5573514434365302, 0.56381319857408785, 0.31148672065482552, 1.3759400190227651, 1.1800861206697739, 2.0491076706295588, 1.4607482557588898, 0.94321360818863131, 1.2176729297090727, 0.86382975764239633, 1.6987583006759186, 1.8315950681383102, 0.46933613489560833, 1.4484747188022529, 1.241453338623558, 2.7636295943027673, 2.2178444031004565, 2.8070270413561911, 2.1980298952141997, 0.78489483174603802, 0.23871362571046062, 0.23527938939334336, 1.3067381182671554, 1.9746994751913109, 2.4846829915707103, 1.1633264489868509, 1.6436453261047199, 1.7876288448315547, 0.97219439102992844, 2.6104722484090481] } >>
<< ID: 9, SCORE: 0.502857142857 { q: [1.6356364534106524] }  { lambda: [1.1159139430855394] }  { h: [69] }  { centers: [107, 524, 126, 336, 648, 369, 398, 208, 621, 496, 117, 204, 125, 322, 61, 193, 599, 662, 565, 281, 421, 494, 317, 583, 693, 523, 5, 226, 553, 308, 414, 448, 96, 489, 513, 176, 354, 629, 375, 245, 607, 46, 115, 386, 387, 515, 683, 199, 47, 310, 518, 293, 244, 214, 587, 167, 578, 22, 250, 49, 424, 550, 123, 661, 581, 362, 512, 206, 417] }  { gammas: [1.5530647545274059, 1.3061391694720053, 2.2636046956591409, 1.0784254423929931, 2.3924200772756143, 2.2936931316507119, 1.020548456343378, 2.8917956568064103, 2.8152033983175127, 1.8426023012851585, 2.9878656186624721, 0.075098084923907682, 0.63929650706172358, 2.4759840285353407, 0.72391861393839019, 2.0495027440898781, 1.6376734551527918, 1.7294276091271845, 1.671505085566513, 0.63597652067335064, 2.6989173515785736, 1.2394782022147173, 2.7344970073765014, 2.4982056049477599, 0.24853936398149135, 2.2647270177335548, 2.104897945438279, 0.49228070176453509, 1.7120860880684763, 0.76154077528404496, 1.8666359835639836, 1.7050660643728475, 1.068473027971828, 0.096934659109665255, 1.9751806890450707, 2.2911678666773976, 2.550090910844125, 1.7041515251099935, 2.3685397153948569, 0.14623790120655544, 2.7040979970342844, 1.3452833692290114, 1.8908678351802946, 1.1112068214406425, 0.80579340825733248, 2.6128787497166903, 0.89660120015087219, 0.70292830918545701, 2.4060518199270984, 2.8014201094217253, 0.20837990384050953, 1.0653449378139168, 1.4329605786661215, 2.6258132918591515, 0.54166716595333975, 2.3124371022981216, 0.68488457312283746, 0.76037096546768812, 1.9415673666091644, 1.0879968333662855, 0.3356887756821052, 1.2992612961307075, 1.5882913762768678, 2.4321889162514418, 0.10916614737032848, 0.49970196956746704, 2.1364710142803514, 2.2509568824544637, 2.8405541009468189] } >>
Generation 1
--- Selection...
--- Mutation...
--- Replacement...
Best: << ID: 21, SCORE: 0.577142857143 { q: [0.92949722719336414] }  { lambda: [0.71799073965788396] }  { h: [25] }  { centers: [70, 486, 331, 637, 687, 532, 444, 585, 73, 583, 319, 249, 662, 253, 8, 154, 308, 561, 204, 317, 666, 140, 542, 505, 679] }  { gammas: [1.7738098678787328, 0.85812642042072163, 2.2845624507223703, 2.7266166088700525, 1.8012602389547285, 2.4511541776171391, 0.89561278834462454, 3.0, 1.9201744799382219, 2.6533520931387833, 0.017531819471358678, 0.55772045177721186, 1.7024349789759805, 1.8331622246002981, 0.54070307358626923, 1.8395886645388551, 0.75651192028820602, 2.3197772132320855, 2.6858161319249447, 0.48154866897965898, 1.2945435448174678, 3.0, 0.11794500612392772, 1.7410931321421939, 2.2570551097827924] } >>
(Parent ID: 2)
Generation 2
--- Selection...
--- Mutation...
--- Replacement...
Best: << ID: 85, SCORE: 0.531428571429 { q: [0.732840799737418] }  { lambda: [1.4153877050952066] }  { h: [71] }  { centers: [256, 476, 71, 549, 307, 494, 620, 107, 497, 306, 545, 105, 253, 631, 29, 401, 669, 292, 619, 118, 190, 109, 42, 480, 54, 672, 276, 193, 592, 688, 696, 589, 433, 354, 504, 41, 242, 553, 460, 368, 371, 324, 150, 237, 684, 438, 95, 252, 243, 383, 417, 539, 281, 495, 662, 100, 357, 621, 386, 32, 333, 506, 372, 481, 419, 618, 123, 443, 92, 236, 165] }  { gammas: [1.889777189638147, 1.0340124291034696, 0.99559405859018768, 2.2802712512797894, 0.32331319435063199, 2.0973491276282936, 0.59564962941620114, 2.8499461432959148, -0.31565084704359792, 0.89009893229078629, 1.2287781211760807, 0.68904459103391202, -0.97878165748828461, 1.4324807683999838, 2.8715619983521012, 0.7748219469917349, 2.1482391388800024, 3.0, 2.9854928834944152, -0.044334394361932858, 2.6728171665151081, 1.7569396973789477, 1.6221217194684452, 1.3963160386836591, -0.11113199998113213, 2.3079944331157347, 1.3048653519898539, 2.1541473600626055, 3.0, 0.58863051061459348, 2.279592018911015, 1.0920630247736072, 0.31623621951809922, 0.71266820914414919, 0.6867968927248147, 2.3895089937406704, 0.54993732679590523, 1.4031765271366774, 1.8927592321239053, 1.7895140250815054, 1.9942432104533458, 3.0, 1.6151744011616824, 0.37462337245889832, 3.0, 1.9715269928346573, 2.9586050052432777, 1.5862552359469602, 1.1654576893325681, 0.91562122803657098, 0.182643140346477, -0.32643271656076989, 0.48166318987352319, 1.8164132346591699, 0.6466746459469499, 0.68515361700222366, 0.74093966709902115, -0.062418502471617621, 3.0, 2.4173009578197506, 0.91118808886338376, 0.98396280289894045, 1.0204955557600037, 2.3629636690685434, 0.58078816613585993, 2.7845156231366635, 0.015246588733493792, 2.6718165837269852, 1.108976801657686, 0.81489581367500652, 1.8495261275648913] } >>
(Parent ID: 33)
Generation 3
--- Selection...
--- Mutation...
--- Replacement...
Best: << ID: 157, SCORE: 0.582857142857 { q: [0.92109422054482004] }  { lambda: [0.39526603122689608] }  { h: [25] }  { centers: [70, 486, 331, 637, 687, 532, 444, 585, 73, 583, 319, 249, 662, 253, 8, 332, 308, 561, 288, 317, 666, 140, 542, 505, 679] }  { gammas: [1.5596394499337392, 0.99732609409480288, 3.0, 2.5869135019247937, 1.8721800050756194, 2.4398197811253435, 0.94194852752878855, 2.8800825378489181, 1.4112376994478368, 2.4345749081815891, -0.30965758696363477, 1.7463684504317998, 2.1953466267303132, 2.1159569713963151, 0.621094782009038, 1.7956484266393391, 0.86618490657256375, 2.1342262162852021, 2.5537327336499733, 0.67114105514986744, 0.86142725145934207, 1.73637131628983, -0.33486257794468216, 0.059236553601569042, 1.991439059232605] } >>
(Parent ID: 81)
Generation 4
--- Selection...
--- Mutation...
--- Replacement...
Best: << ID: 273, SCORE: 0.571428571429 { q: [0.89561608587562813] }  { lambda: [12.99532547628791] }  { h: [77] }  { centers: [332, 4, 89, 355, 551, 114, 322, 407, 125, 540, 361, 561, 300, 160, 439, 193, 565, 294, 327, 155, 203, 422, 364, 5, 621, 580, 130, 54, 610, 139, 572, 518, 682, 412, 508, 389, 39, 647, 345, 201, 544, 64, 285, 502, 525, 271, 258, 36, 575, 590, 351, 101, 445, 128, 140, 581, 286, 356, 117, 516, 195, 219, 691, 511, 118, 671, 650, 472, 143, 276, 316, 635, 12, 22, 199, 630, 357] }  { gammas: [3.0, 0.44532932110503975, 2.1573226241779659, 2.5617791927438809, -4.9456439982100271, 3.0, 3.0, 1.4674491726955268, 3.0, 2.649213738571448, 2.506607398849924, -0.60750532423832349, -10.938701075248193, -3.8389558326625406, 0.82616764716350422, 2.427426226319517, 0.71953214907714624, 2.0735128408539154, 1.754125525531036, 3.0, 0.85259013800142303, -1.4123365585355816, 3.0, 2.7644853189378562, 2.2396815741648504, 3.0, -0.27191065827214755, 0.37941381581435207, 0.70292160134835124, 1.238597953565576, 1.668579291988205, 0.59209416108098689, 2.214951255709114, 3.0, 1.5844745255432546, 0.24714738706714051, 3.0, 2.8672394542668429, 3.0, -1.2642782922313367, -0.6428001939404705, 2.9305995783052139, 1.5194587005923363, 2.2211385090738553, 3.0, -0.1677868993261209, 2.6299704088281359, 1.909216687867096, 2.4839371787228481, 3.0, -0.1335132516476657, 2.2678315139191532, 1.3207550721492722, -0.74468613403415951, -0.27995062120998015, 2.9149610284231291, 3.0, 3.0, 0.96921500777586223, 2.1144974991261924, 2.5586641178298288, 0.6423908465117627, 2.1763784774509469, 2.613255983364005, 0.62718237652362396, 3.0, -0.39541109662461221, 1.5956773750698043, 2.4227944314511887, 3.0, 1.193692661215676, 1.224269398430571, 2.9273318181492858, 2.4875586238199281, 3.0, 1.9506219805343206, 2.7974510340937995] } >>
(Parent ID: 164)
Generation 5
--- Selection...
--- Mutation...
--- Replacement...
Best: << ID: 321, SCORE: 0.577142857143 { q: [-0.40150030586907637] }  { lambda: [1.5583049647813136] }  { h: [72] }  { centers: [256, 476, 71, 549, 307, 494, 620, 107, 497, 306, 545, 105, 253, 631, 29, 401, 669, 292, 619, 431, 190, 109, 42, 480, 54, 672, 276, 193, 592, 688, 696, 589, 433, 354, 504, 41, 242, 553, 460, 368, 371, 324, 150, 237, 684, 438, 95, 252, 243, 383, 417, 539, 281, 495, 662, 100, 357, 621, 386, 32, 333, 506, 372, 481, 419, 618, 123, 443, 92, 236, 165, 466] }  { gammas: [1.9255620188663245, 0.73082332662567251, 1.1237480721794828, 2.2351939845426325, 0.29310707800044061, 3.0, 0.2819627030989772, 2.8497559701602087, -1.2844712003835141, 0.82896690477002177, 1.7182060112229851, 0.54706513614499142, 0.24072077732857386, 2.0806840952502319, 3.0, 0.71901095590922381, 2.8256546056572969, 3.0, 0.47257855849739316, 0.75314562320734713, 2.7038429297150874, 0.98874853017732323, 3.0, 2.3010629564886314, -0.25947223197262248, 2.7494859295157137, 0.96744374441302128, 1.9613907644465769, 3.0, 0.0083351900595010631, 2.2619513435920924, 0.21406296868049268, 0.36381394322008065, 0.58270125576089105, -0.42669867865907868, 1.9886883589133504, 1.8809151818121839, 2.5419678911872552, 0.35724140743657407, 1.4258790457003909, 2.0686623976193719, 2.9796465942117458, 1.7115640991358914, -1.6351793819855578, 3.0, 1.6673858593204582, 2.0314369840890132, 1.4370461700005366, 0.48132119793537814, -0.6379343999914695, -1.2538453440495958, -3.6299909331530809, 0.7481376319889137, 1.2028172326457474, 1.4734054189707444, 0.4911546082979642, 0.74178812772317848, 1.3444536503228925, 2.6818998534838263, 3.0, 0.93670599570974555, 0.96736128492630546, 1.3343692466493129, 1.6185813696057592, 0.35568700273749315, 2.7763136848674246, 0.049004244938362411, 3.0, 1.3746733487302625, 0.79272870532004269, 1.1082898668157437, 1.8677253009676262] } >>
(Parent ID: 233)
Generation 6
--- Selection...
--- Mutation...
--- Replacement...
Best: << ID: 358, SCORE: 0.611428571429 { q: [0.97543918033320054] }  { lambda: [-0.76070196263031187] }  { h: [25] }  { centers: [70, 486, 331, 637, 687, 532, 545, 585, 73, 583, 319, 249, 662, 253, 8, 332, 308, 561, 288, 317, 666, 140, 542, 505, 679] }  { gammas: [3.0, 1.7654863429298415, 3.0, 2.3744787030211185, 1.8728826952486739, 2.5117215218823059, 0.830726864655565, 3.0, 1.1591157497955009, 0.96002741506936973, -0.65766940366132254, 1.4625372476311183, -0.65555940798390366, 2.266683288908427, 0.2433203202518805, 1.5395302411781224, -0.0002061395357096929, 2.6722246172518362, 1.3475649449501634, 0.21057610746117267, 0.10169024658851789, 2.6850693308883082, -1.0838678887358788, -2.1877619272321231, 1.9637777801247291] } >>
(Parent ID: 333)
Generation 7
--- Selection...
--- Mutation...
--- Replacement...
Best: << ID: 408, SCORE: 0.6 { q: [0.93169712213984257] }  { lambda: [-1.2291359857572564] }  { h: [24] }  { centers: [70, 486, 331, 637, 687, 532, 545, 585, 73, 583, 319, 249, 662, 253, 8, 332, 308, 561, 288, 317, 666, 140, 542, 505] }  { gammas: [3.0, 1.9220880197468515, 1.7260724440739921, 2.6143508910168958, 1.8817570545267184, 2.5233277182819496, 0.86325206666805554, 2.2793175439230691, 0.66859548816173109, 1.3609432965978776, -0.40981162042214347, 1.3821316316553776, -1.1870380748044131, 3.0, 1.1175272499107727, 1.5163906036584154, 0.16650689041769196, 1.9915006944289562, 1.5058210301716484, 0.78498668614910794, -6.7134137182415952, 0.71243233947457729, -0.068789979440528448, -2.3605066890484281] } >>
(Parent ID: 358)
Generation 8
--- Selection...
--- Mutation...
--- Replacement...
Best: << ID: 470, SCORE: 0.617142857143 { q: [0.94404594872251302] }  { lambda: [-1.2710411338205609] }  { h: [24] }  { centers: [70, 486, 331, 637, 687, 532, 545, 585, 73, 583, 319, 249, 662, 253, 8, 332, 308, 561, 288, 317, 666, 140, 542, 505] }  { gammas: [1.2104950125724157, 2.227520484239125, 3.0, 2.8014001322291011, 1.8182562545330883, 2.550325889253013, 0.13763723892155111, 3.0, 0.65172735097394341, 1.2110932561354808, -0.16710384145742035, 1.5233313559070232, -1.8776830368175237, 3.0, 1.0155674167927062, 1.4924334765648817, 0.27843217884601562, 1.7339243697206075, 0.4141836893724824, 1.0583264389521583, -0.58983297555729219, 3.0, 0.40536914337184105, -5.0467161772608664] } >>
(Parent ID: 408)
Generation 9
--- Selection...
--- Mutation...
--- Replacement...
Best: << ID: 562, SCORE: 0.588571428571 { q: [0.94710558519365007] }  { lambda: [-1.2060301059143992] }  { h: [24] }  { centers: [70, 486, 331, 637, 687, 532, 545, 585, 73, 583, 319, 249, 662, 253, 8, 332, 308, 561, 288, 317, 347, 471, 542, 505] }  { gammas: [3.0, 1.2018016210488347, 3.0, 2.1827545333479357, 1.9606732927390025, 2.5665096229486948, 0.7355254193826668, 3.0, 0.7317893765869905, 0.8917976494771459, -0.11449566127698951, 1.2822437134044662, -1.4156185081440955, 2.2449407960741845, 0.47181272094047455, 1.443671663861581, -0.070972079959424839, 1.0148012905728878, 1.8076435567110192, 0.76369957738131899, -7.4910772018169043, -6.8307928594387315, -0.4617924249927714, -2.2313579604411409] } >>
(Parent ID: 471)
Generation 10
--- Selection...
--- Mutation...
--- Replacement...
Best: << ID: 599, SCORE: 0.582857142857 { q: [0.9515972536885392] }  { lambda: [-1.2348531176289557] }  { h: [24] }  { centers: [70, 486, 331, 637, 687, 532, 545, 585, 73, 669, 319, 249, 662, 253, 8, 332, 308, 561, 288, 317, 347, 471, 542, 505] }  { gammas: [-0.72324245587580771, 1.0158622923252225, 3.0, 2.5344764224803464, 2.2583223587437495, 2.5952371548568838, 0.79659161968972625, 0.69531895116094322, 1.2840512790720706, 1.1037159101138903, -0.97639098883373021, 1.2027639450055072, -1.1901785612382525, 3.0, 2.4460629072384936, 1.5166708103951878, 0.3919462988759318, 0.74763168565828031, 1.5598472352305617, 1.1528662112394683, 1.4510506368067562, -10.185379601602445, 0.87765475747027, -1.0727578777307545] } >>
(Parent ID: 562)
Generation 11
--- Selection...
--- Mutation...
--- Replacement...
Best: << ID: 675, SCORE: 0.605714285714 { q: [0.95104416401766856] }  { lambda: [-1.6415124214275745] }  { h: [25] }  { centers: [70, 486, 331, 637, 377, 541, 545, 585, 73, 583, 319, 249, 662, 253, 8, 332, 308, 561, 288, 317, 347, 140, 542, 505, 240] }  { gammas: [3.0, 2.9335156722713078, 2.605032322809155, 2.6307809277001533, 1.7595701302535014, 2.4944854644548493, 0.31288529954517535, 1.6456744548352038, 1.7039094276860687, 2.4132746649589167, -0.26700996718470843, 1.0771201025769293, 0.049427095847382807, 3.0, 1.2222504201783848, 1.5443506719601678, -0.70406465895708426, 0.80355305203697258, 0.13700500836795282, 2.1331278159226628, 0.85230899611647448, -8.4371902588101602, 2.1948938940682297, -1.8047125729064, 0.90371817466906701] } >>
(Parent ID: 605)
Generation 12
--- Selection...
--- Mutation...
--- Replacement...
Best: << ID: 781, SCORE: 0.634285714286 { q: [0.96059514321588746] }  { lambda: [-1.1909171166431067] }  { h: [23] }  { centers: [70, 486, 587, 637, 687, 532, 545, 585, 73, 583, 319, 249, 662, 253, 525, 332, 308, 528, 288, 146, 347, 140, 542] }  { gammas: [1.8771509294367488, 1.3556409176870097, 2.4502034729734996, 2.8942932496903326, 1.9616839760768587, 2.5516700344404426, 0.90539971200970981, 1.2284036107758125, 2.8078315484733203, -0.21521509721400811, -0.66884675464869559, 1.4981093910608598, -2.9897850692125405, 2.2388749834219892, 0.6687473711322075, 1.2781647238361418, 0.47896986071341846, 1.3052343694816848, 0.99977769681161754, 0.97544825889777553, -0.17709334734223492, -2.2152484820679161, 3.0] } >>
(Parent ID: 685)
Generation 13
--- Selection...
--- Mutation...
--- Replacement...
Best: << ID: 792, SCORE: 0.617142857143 { q: [0.96368813977780476] }  { lambda: [-1.1903644113070093] }  { h: [23] }  { centers: [70, 486, 587, 637, 687, 532, 545, 585, 73, 583, 319, 249, 662, 253, 525, 187, 308, 528, 288, 146, 347, 140, 542] }  { gammas: [3.0, 1.5160447557810917, 2.1209050677667083, 3.0, 1.9257360540125883, 2.538463294466748, 0.69423357290453602, 3.0, 2.4732116656773022, 0.14874900515511813, 0.066846923556458715, 1.5403764610217647, -3.7018475913820024, 2.0776923068318509, 1.5198512799178452, 1.2971851109577084, 0.035897779844110633, 0.8574141546181232, 0.67905721987110934, 1.056190240844544, 3.0, -3.2731230601178014, 3.0] } >>
(Parent ID: 781)
Generation 14
--- Selection...
--- Mutation...
--- Replacement...
Best: << ID: 857, SCORE: 0.657142857143 { q: [0.96552339200608062] }  { lambda: [-1.1904411707734006] }  { h: [23] }  { centers: [70, 486, 587, 637, 687, 532, 545, 585, 73, 583, 319, 249, 662, 253, 525, 187, 308, 528, 288, 146, 347, 140, 542] }  { gammas: [3.0, 1.462540561891752, 2.4957980094223577, 2.4668137534666927, 1.932169720188877, 2.5028909096884426, 0.42088300095293329, 3.0, 2.7050237474763996, -0.78358460831795373, 0.54876170937669166, 1.5460969119790944, -3.2291393735771088, 2.9969024956342953, 0.23222183871091917, 1.3067006150444591, 1.8189346110871343, 0.55100582808160503, 0.2617018105466738, 1.091346243586184, 3.0, -7.2772146387194336, 3.0] } >>
(Parent ID: 792)
Generation 15
--- Selection...
--- Mutation...
--- Replacement...
Best: << ID: 950, SCORE: 0.622857142857 { q: [0.9724314193670075] }  { lambda: [-1.0063804547120103] }  { h: [24] }  { centers: [70, 486, 331, 637, 377, 541, 545, 585, 73, 583, 319, 249, 26, 456, 8, 332, 308, 561, 288, 317, 347, 140, 542, 505] }  { gammas: [-4.0905005103411654, 0.9605419777616695, 3.0, 2.6406518919607134, 1.7921533625111732, 2.523653166189284, 1.1727539160411129, -0.41176546182603657, 0.59265267626886042, 0.65687554350226329, -0.70538991876041457, 1.1783342481643264, -0.52358690654400719, 1.963422868112807, 1.1119885528598443, 1.4951321973374594, -0.43405353054486268, 0.76024786830555646, -1.153139538148209, 2.331805695710119, -2.004482990876757, -16.029983613201519, 0.86963097780504461, -5.0265161670053349] } >>
(Parent ID: 894)
Generation 16
--- Selection...
--- Mutation...
--- Replacement...
Best: << ID: 1025, SCORE: 0.685714285714 { q: [0.94188362890938782] }  { lambda: [-1.1890966987499043] }  { h: [22] }  { centers: [70, 486, 587, 637, 687, 532, 545, 124, 73, 583, 319, 249, 662, 253, 8, 332, 308, 528, 288, 317, 666, 471] }  { gammas: [3.0, 1.7421018309030516, 0.35025187184717232, 3.0, 1.7929009140355863, 2.5015389763739635, -2.937911925140968, -4.1157532735143914, 2.8633279137536087, 1.9361596654147821, -2.22875843438776, 1.2711377096753869, -1.6600719373508817, 0.22680617475355902, 3.0, 1.6015649193232127, -0.41653617208994465, 1.0111911770826993, 2.7344937593941161, -0.096364184567129502, -26.261948615845792, -1.6815551276254799] } >>
(Parent ID: 945)
Generation 17
--- Selection...
--- Mutation...
--- Replacement...
Best: << ID: 1076, SCORE: 0.628571428571 { q: [0.92898956117495823] }  { lambda: [-1.190312404123991] }  { h: [23] }  { centers: [70, 486, 587, 484, 377, 532, 545, 585, 73, 98, 319, 86, 662, 253, 525, 332, 308, 561, 288, 146, 347, 471, 294] }  { gammas: [1.0541731817979685, 1.3493301454253488, 2.1423014583011541, 2.9056290342018976, 1.9232109922789433, 2.6406592934645303, 2.3000442054992902, 2.8706408988811924, 2.5966456687109098, 1.1533826987299216, -1.0841336102889592, 1.4828328249396445, -1.9718928351065208, 1.2966401340160671, 0.83634973442317739, 1.4312813370645829, 1.0506819621102088, 0.97486794422871659, 0.48336979072944142, 1.6466339341667611, -5.5546285363560202, -11.039341289862124, 2.1184623261392979] } >>
(Parent ID: 1002)
Generation 18
--- Selection...
--- Mutation...
--- Replacement...
Best: << ID: 1154, SCORE: 0.64 { q: [0.98796908461203037] }  { lambda: [-1.191136319398566] }  { h: [23] }  { centers: [70, 486, 587, 637, 687, 532, 545, 124, 74, 583, 319, 249, 662, 253, 525, 187, 308, 528, 288, 247, 347, 140, 542] }  { gammas: [2.8128899323963106, 1.3524208970669702, 0.37816271111422839, 2.302600746020075, 1.9404289709602138, 2.529390487242416, 0.31924615784369204, -3.684126841837613, 2.8767245718876677, 0.46451513155908419, -0.61715867649103051, 1.562032422515405, -6.3354587651957734, 1.7662351667805996, 3.0, 1.0008563809712256, -1.9351809934738529, 2.9963004278697034, -1.2891321602700359, 1.6576648398722562, -13.247216251717859, -6.8277158319680833, 1.8008141084683218] } >>
(Parent ID: 1112)
Generation 19
--- Selection...
--- Mutation...
--- Replacement...
Best: << ID: 1206, SCORE: 0.657142857143 { q: [0.85509001693184539] }  { lambda: [-1.1905332227891217] }  { h: [24] }  { centers: [70, 486, 587, 637, 94, 532, 545, 585, 73, 669, 319, 249, 662, 253, 525, 187, 308, 528, 288, 146, 347, 140, 631, 624] }  { gammas: [2.2545611224292146, 1.4232714211952409, 1.3236484197299272, 3.0, 1.8461697420625793, 2.5857053056297574, 1.6920264092915489, 1.3457289058270241, 2.2538351800199239, -0.69338981692814838, 1.1486815426036503, 1.5324008449823938, -3.0699625350445796, 1.9739083267206001, 2.311940583294156, 1.3464686723486046, 0.0061402774957761697, 1.7678249475441383, 1.880283178487357, 0.25539278752419181, 0.46649355513134827, 3.0, 2.9138515816912833, 0.068962180726222733] } >>
(Parent ID: 1175)
Generation 20
--- Selection...
--- Mutation...
--- Replacement...
Best: << ID: 1292, SCORE: 0.594285714286 { q: [1.0964373646202692] }  { lambda: [-1.1888729616615286] }  { h: [23] }  { centers: [70, 486, 587, 637, 377, 532, 545, 585, 73, 669, 319, 249, 662, 253, 161, 187, 308, 528, 288, 146, 347, 140, 542] }  { gammas: [2.6992721387049965, 1.5006900633355673, 1.3426458140325412, 2.9570216078690286, 1.8904195971380797, 2.5242233078756584, 1.2809454818809189, 2.9351566019782309, 2.9256856359320613, 1.4003221261746732, 0.29679988566302834, 1.4900877900723974, -4.6426134436358044, 3.0, 0.72103157541510599, 0.80927310741318115, -1.0594466917314156, 2.6532138959561169, -0.091920594055726279, 1.0317499025256307, 3.0, -11.838843393248805, 2.7471662510155523] } >>
(Parent ID: 1242)
Generation 21
--- Selection...
--- Mutation...
--- Replacement...
Best: << ID: 1371, SCORE: 0.645714285714 { q: [0.86578973767084233] }  { lambda: [-1.205778273950729] }  { h: [24] }  { centers: [70, 486, 587, 637, 377, 532, 545, 585, 73, 669, 443, 249, 26, 253, 525, 187, 308, 528, 288, 146, 347, 140, 631, 624] }  { gammas: [2.2634431349002364, 1.2531481626164076, 1.0797909373341197, 1.9892401407868896, 1.9241089289173676, 2.5817313551904268, 1.1543290021289354, 1.3092631449695318, 2.6876902483004965, 0.3282390150203649, -0.27985350716108304, 1.5431681829626485, -2.1307340398735639, 3.0, 1.7667817432330919, 1.4065319923542969, -0.50510327392700716, 1.9152972609419754, 3.0, 0.41680638378011714, -28.402214690193855, 1.0949516524959504, 1.8161176076826764, -0.16773571196265397] } >>
(Parent ID: 1310)
Generation 22
--- Selection...
--- Mutation...
--- Replacement...
Best: << ID: 1420, SCORE: 0.651428571429 { q: [0.89014672096750747] }  { lambda: [-1.1680393850638751] }  { h: [24] }  { centers: [445, 123, 331, 484, 94, 532, 545, 585, 73, 583, 443, 249, 662, 253, 525, 187, 308, 528, 288, 146, 347, 140, 542, 650] }  { gammas: [1.8681605941127719, 1.3184822966699525, 1.4960287495102738, 3.0, 1.9156444072900423, 2.4230952677590767, 1.2501745311869981, -0.1027836246849827, 2.9525041308377822, 0.37743751021447175, -4.0199301844692883, 1.5691774930062239, -1.9832486795692827, 2.891972124503297, 2.0582878652826615, 0.86509955850868725, -1.4213977272121237, 0.22846258236190276, 2.095882341789431, 2.7443250601137397, -9.1460228315855829, -4.2251579545727909, -0.29918377486641545, 1.924245698412451] } >>
(Parent ID: 1343)
Generation 23
--- Selection...
--- Mutation...
--- Replacement...
Best: << ID: 1487, SCORE: 0.617142857143 { q: [0.89914201296680518] }  { lambda: [-1.2162971493282166] }  { h: [24] }  { centers: [70, 486, 587, 637, 377, 532, 545, 585, 73, 669, 443, 249, 26, 253, 525, 187, 308, 528, 288, 247, 347, 140, 631, 624] }  { gammas: [1.8648375786319953, 1.1947648644126516, 0.77537274892259789, 2.3813787016966583, 1.9794333755004538, 2.5908502818163863, 1.2628106438299858, 1.8245466578666687, 2.3921577960202849, 0.66817538740102433, 0.75268865557941667, 1.5495357677837718, -2.1744252570368952, 3.0, 1.8221327032273122, 1.565432677130308, -0.78014883017026959, 1.2936766121203507, 3.0, 0.13922387812011289, -8.7322029901540201, 3.0, 3.0, 1.0207927271118848] } >>
(Parent ID: 1375)
Generation 24
--- Selection...
--- Mutation...
--- Replacement...
Best: << ID: 1507, SCORE: 0.64 { q: [0.83011968123871993] }  { lambda: [-1.2156478733627927] }  { h: [24] }  { centers: [70, 486, 587, 637, 377, 532, 545, 585, 73, 669, 443, 249, 26, 253, 525, 187, 308, 561, 288, 247, 347, 140, 631, 624] }  { gammas: [1.5902225515175477, 1.106158816909917, 1.2476225292036229, 2.3292251735684357, 2.019315114149931, 2.591413171560347, 1.4112948232846014, 1.8893516125046381, 2.5462307228546135, 0.26875734266478857, 1.0560293792275779, 1.5382974049276796, -2.2750006011552681, 3.0, 1.8316423609804036, 1.4431208594433296, -0.70196927849062818, 0.88979213905317256, 2.809523490522416, 0.1109557780555705, -9.9003923516706642, 0.3359908898247479, 3.0, 2.6127431564425518] } >>
(Parent ID: 1487)
Generation 25
--- Selection...
--- Mutation...
--- Replacement...
Best: << ID: 1569, SCORE: 0.64 { q: [0.84210779555115578] }  { lambda: [-1.2177632580485824] }  { h: [24] }  { centers: [70, 486, 587, 637, 377, 532, 545, 585, 73, 98, 443, 249, 26, 253, 335, 187, 308, 561, 288, 247, 347, 140, 631, 624] }  { gammas: [1.6191665481928825, 1.1789019281885578, 1.2470424413213321, 2.1550634764984875, 2.0174327777030121, 2.59421831088479, 1.3799163964153125, 0.43176503862263615, 2.5634574791610101, -0.75380857341795859, 1.4709742326329764, 1.5311633426687261, -2.5090018214316725, 3.0, 1.8008960063775237, 1.2711367735866546, -1.7873874024059604, 1.038737221688997, 3.0, 0.08739462015809607, -3.4912385771033057, 2.4962881771352325, 3.0, 3.0] } >>
(Parent ID: 1507)
Generation 26
--- Selection...
--- Mutation...
--- Replacement...
Best: << ID: 1695, SCORE: 0.617142857143 { q: [0.89074578242249547] }  { lambda: [-1.2183698589695908] }  { h: [23] }  { centers: [70, 486, 587, 637, 377, 532, 618, 585, 73, 669, 443, 249, 26, 456, 525, 187, 222, 528, 288, 247, 347, 140, 542] }  { gammas: [2.1263537922742408, 1.3130774778274852, 0.66197744368098654, 2.2621275742481641, 1.9641494340567263, 2.6013593226717142, 1.6123001036426599, 2.014344727271701, 2.1649336031005335, 0.25722933743094228, -1.1086343853519063, 1.5351612014412774, -1.2571989049640395, 2.7712579660757473, 1.7782799830856053, 1.6864380153750058, -0.58191651060884386, 0.91755634530948249, 3.0, 0.057225518565646727, -16.347131429481504, -0.45210440373212069, 2.1571628211738805] } >>
(Parent ID: 1625)
Generation 27
--- Selection...
--- Mutation...
--- Replacement...
Best: << ID: 1752, SCORE: 0.605714285714 { q: [0.83827222079422548] }  { lambda: [-1.2343596640958023] }  { h: [24] }  { centers: [70, 486, 587, 637, 377, 532, 545, 585, 73, 669, 107, 249, 281, 456, 525, 187, 222, 528, 288, 247, 347, 140, 542, 624] }  { gammas: [1.3034372006307813, 1.5236684211856963, 0.22485688535102827, 2.344246555706456, 1.8414181723746794, 2.6041930631203911, 1.7998828191683443, 2.2171567909442507, 2.0606311584449286, -0.077230220561559898, -0.467586255691884, 1.5555187992068948, -1.8594302428092466, 2.1414109862805626, 1.6676322494937912, 1.5232621803216784, -0.0017729264054793803, 0.79214526398504503, 3.0, 0.1574066243979762, -21.617874650477496, 0.9201354425117414, 0.22116994607637652, 3.0] } >>
(Parent ID: 1693)
Generation 28
--- Selection...
--- Mutation...
--- Replacement...
Best: << ID: 1812, SCORE: 0.622857142857 { q: [0.87901456944519618] }  { lambda: [-1.198849225850263] }  { h: [24] }  { centers: [445, 123, 587, 637, 377, 532, 618, 124, 333, 669, 319, 86, 600, 253, 335, 187, 308, 561, 288, 146, 239, 471, 631, 262] }  { gammas: [1.1630248189814565, 1.748299871719097, 0.10698911593088356, 2.0542985392230189, 1.9067482558072155, 2.586386559630562, 1.1033182948747016, 2.1455714927007694, 2.6641785542843026, 0.4527671891662608, -0.81923708366657355, 1.5295958660849645, -3.9071555290761388, -0.55702905828443183, 1.4551244087574131, 1.1667741076703222, -1.1604383118598112, 2.2440269614138191, 3.0, 0.63776620127893224, -9.8105968852622709, -0.89726407470392644, 1.1777847201670162, 3.0] } >>
(Parent ID: 1734)
Generation 29
--- Selection...
--- Mutation...
--- Replacement...
Best: << ID: 1852, SCORE: 0.628571428571 { q: [0.94759982806502907] }  { lambda: [-1.2103414940997286] }  { h: [22] }  { centers: [70, 486, 587, 637, 377, 532, 618, 585, 73, 669, 443, 86, 26, 456, 525, 187, 222, 528, 3, 247, 347, 140] }  { gammas: [1.7624291357519275, 1.3265924654811387, 0.73468363360083078, 2.0058631989264075, 1.9812713128222041, 2.607109577213695, 1.5065069116078842, 1.7591196999059886, 2.1038803978636231, -0.38070547384997433, -2.7362431800779863, 1.5269898174866148, -0.22612023257539038, 3.0, 1.8014947140891753, 1.6744375395077002, -0.12264410048442877, 0.84874783530443332, 3.0, -0.072400745813656492, -21.947464904551964, -6.065349519918195] } >>
(Parent ID: 1816)
Generation 30
--- Selection...
--- Mutation...
--- Replacement...
Best: << ID: 1915, SCORE: 0.645714285714 { q: [0.84871925118718927] }  { lambda: [-1.1721804021909636] }  { h: [25] }  { centers: [70, 123, 587, 637, 377, 532, 545, 124, 74, 669, 107, 139, 281, 253, 525, 38, 308, 528, 288, 247, 347, 471, 631, 624, 166] }  { gammas: [0.37260390022838752, 1.172883411267192, 0.3093479455848146, 3.0, 1.865307615599219, 2.5853820797280571, 1.2265391235707688, 0.83184098247847615, 2.7242824167541362, 0.13411931603913926, -0.47342567081512582, 1.5315204246184464, -4.2507260780529839, 3.0, 1.7969137659793029, 1.2331804329557912, -0.62563072937099395, 2.0540875570893129, 1.4674404599162101, 0.48647817767968848, -22.013369249854883, 3.0, -0.47335969374048131, 3.0, 0.6783551776274559] } >>
(Parent ID: 1884)
Generation 31
--- Selection...
--- Mutation...
--- Replacement...
Best: << ID: 2019, SCORE: 0.577142857143 { q: [0.87707636435839653] }  { lambda: [-1.2104202887468669] }  { h: [25] }  { centers: [70, 123, 587, 637, 377, 532, 545, 124, 74, 669, 107, 139, 26, 253, 525, 187, 222, 561, 288, 146, 347, 140, 631, 624, 450] }  { gammas: [1.8691784180952253, 0.53459046078238992, 0.33753778732286716, 2.0257156498249254, 1.9183004623472533, 2.5824782416485252, 1.2184362514647886, 1.5226663158866613, 2.6720034110812079, 0.095727955663727146, -0.41292492090576466, 1.6098527447202007, -1.2312267438695947, 1.2332910981982916, 1.6448404259810219, 1.1156901633160519, 0.0089614567361947922, 2.7842640702427945, 0.17164860791730641, 0.34004091724888325, -72.454281049116503, 0.33184611866311675, 2.7786415873657919, -8.1551609621319212, -0.2889604414944329] } >>
(Parent ID: 1901)
Generation 32
--- Selection...
--- Mutation...
--- Replacement...
Best: << ID: 2058, SCORE: 0.605714285714 { q: [0.87707132697443313] }  { lambda: [-1.2135858464253177] }  { h: [24] }  { centers: [70, 123, 587, 637, 377, 532, 545, 124, 74, 669, 443, 139, 26, 253, 525, 187, 222, 561, 288, 146, 347, 140, 631, 624] }  { gammas: [0.62810789059997907, 0.43979106278422142, 0.62974269092893009, 2.2141276848597187, 1.9180358106600166, 2.5793192128582398, 1.1343100358195108, 0.67734741926534503, 2.7734457130569212, -0.0056724352285439095, -0.60792534668110676, 1.6246617271864243, -1.0834558149404585, 2.3903313887125526, 2.0362923881751356, 1.180308035272045, 0.094296057836712438, 2.4882663486463752, 0.11418606723317648, 0.30268035381630576, -29.695911137785092, 0.76611385535382392, 2.3010838774430846, -8.3399913752049617] } >>
(Parent ID: 2020)
Generation 33
--- Selection...
--- Mutation...
--- Replacement...
Best: << ID: 2131, SCORE: 0.594285714286 { q: [0.79434452854697923] }  { lambda: [-1.3099320804324885] }  { h: [23] }  { centers: [70, 123, 587, 637, 94, 532, 545, 585, 73, 669, 107, 249, 281, 456, 525, 187, 41, 528, 288, 247, 239, 140, 542] }  { gammas: [2.1825175198133153, 1.3835002229320612, 0.44481741169337252, 2.0667601775441877, 1.7692343248383724, 2.6086837416815167, 1.9045109082207887, 2.4861376390081156, 2.3530005667637708, -0.19277291037571492, -0.56501064407187018, 1.5191327224437239, -2.5008808413261248, 0.44735736079825705, 1.5723113232270967, 1.1104455073606687, 1.3699343187034323, 0.83223791504533307, 1.6665975814888907, 0.083961836756738628, -7.884563231444262, -3.1140448858231329, -0.69195287295287744] } >>
(Parent ID: 2061)
Generation 34
--- Selection...
--- Mutation...
--- Replacement...
Best: << ID: 2151, SCORE: 0.605714285714 { q: [0.79538424470009239] }  { lambda: [-1.3242477054245794] }  { h: [24] }  { centers: [70, 123, 587, 637, 94, 532, 545, 585, 73, 669, 107, 249, 281, 456, 525, 187, 41, 528, 288, 247, 239, 140, 542, 569] }  { gammas: [1.9683439361185195, 1.3025506805666582, 0.41015027571148305, 2.1020825775704726, 1.8901131434299498, 2.6008780421676394, 1.8568230333237055, 2.3644030039324013, 2.2051518462910566, -0.43985694325213343, -0.41961450695838209, 1.5276745380301253, -3.1281618916979541, 0.080099918525548708, 1.6215734202050764, 1.075264109427148, 1.5662309412496502, 0.91221152164010499, 1.280273767147265, 0.06800483676396446, 2.4970914796386205, -1.4831225171177331, -0.63026720186560814, -0.099868516616109015] } >>
(Parent ID: 2131)
Generation 35
--- Selection...
--- Mutation...
--- Replacement...
Best: << ID: 2243, SCORE: 0.64 { q: [0.8769152399122393] }  { lambda: [-1.1957803432838874] }  { h: [23] }  { centers: [70, 123, 587, 637, 377, 541, 545, 521, 74, 669, 443, 139, 26, 253, 525, 187, 222, 561, 288, 146, 347, 140, 631] }  { gammas: [3.0, 0.30113960822555857, -0.35088675525248947, 3.0, 1.9109414743500039, 2.5815649022154226, 0.76968704377086561, -0.10839119414254639, 2.202643460423451, -0.1379690624090088, -2.1149199814966217, 1.5701620682513722, -1.073232258319021, 3.0, 1.2170172456715354, 0.65814428802873148, -1.0346083395267907, 2.7533935677024406, 1.5663843504097181, 0.56643438743909102, -40.38051175558622, 1.8306447911564159, -0.3319029177141779] } >>
(Parent ID: 2180)
Generation 36
--- Selection...
--- Mutation...
--- Replacement...
Best: << ID: 2304, SCORE: 0.657142857143 { q: [0.79448484892131777] }  { lambda: [-1.5203494863479801] }  { h: [24] }  { centers: [70, 123, 587, 647, 94, 532, 545, 585, 73, 669, 107, 249, 281, 456, 525, 187, 41, 528, 288, 247, 239, 140, 542, 569] }  { gammas: [1.939859146542271, 1.3545945549193112, -0.023148379383138934, 2.0429325895497237, 1.8153673378542834, 2.6250887401946015, 2.5039832466458454, 1.4713893763433685, 2.2724764190576594, -0.031256407121046187, -3.3583940377200214, 1.409694888282065, -2.2451318268009204, 1.85554064230809, 1.5930676948208622, 1.4627187095046537, 1.8779002555504867, 0.95275785115873668, 0.9398915756403583, 0.066469799955304859, 2.9324396299005855, 3.0, -6.724577473260263, -0.1060360599445751] } >>
(Parent ID: 2217)
Generation 37
--- Selection...
--- Mutation...
--- Replacement...
Best: << ID: 2359, SCORE: 0.611428571429 { q: [0.79507695802231582] }  { lambda: [-1.6662215033940586] }  { h: [24] }  { centers: [70, 123, 587, 637, 94, 532, 618, 585, 57, 669, 107, 249, 281, 456, 525, 187, 41, 528, 288, 247, 239, 140, 542, 39] }  { gammas: [2.2975567535948849, 1.8434432070714313, 2.4469445158397312, 1.8672898091081696, 1.5231410330649009, 2.6282165908839943, 2.8866133325829271, 2.5893261822984264, 2.1370489812723052, -0.3034937869107931, 0.64217285272409674, 1.5165327754120654, -2.379550966902261, -0.28938321006113354, 1.1841017225547255, 1.275526648678786, 0.024569100170020938, 0.80102629146124515, 2.1417888636356772, 0.038956275165557316, -8.5111081582143182, 3.0, -5.4818492216995622, 3.0] } >>
(Parent ID: 2337)
Generation 38
--- Selection...
--- Mutation...
--- Replacement...
Best: << ID: 2433, SCORE: 0.634285714286 { q: [0.79418085186214726] }  { lambda: [-1.6050451386725484] }  { h: [24] }  { centers: [70, 123, 587, 637, 94, 532, 618, 660, 74, 98, 107, 249, 281, 456, 525, 187, 41, 528, 288, 247, 239, 140, 542, 39] }  { gammas: [3.0, 2.136493230683294, 1.3023243036044181, 2.2809961735826714, 1.6741204868772708, 2.6581965311590534, 1.9373780268626124, 2.5018088299432204, 1.9900066639112279, -0.16443366477291255, 0.47615982705183768, 1.5190321319307627, -2.5634505134053134, 0.1582084120080709, 1.4124773108844524, 1.6183179036880031, -0.20300307775947501, 0.75743982246171482, 1.4653317335181255, 0.011834164178567405, -9.9725869468038884, 3.0, -5.5705435414508289, 3.0] } >>
(Parent ID: 2357)
Generation 39
--- Selection...
--- Mutation...
--- Replacement...
Best: << ID: 2495, SCORE: 0.617142857143 { q: [0.79487769168479305] }  { lambda: [-1.3278001772602785] }  { h: [24] }  { centers: [70, 123, 587, 637, 94, 532, 545, 585, 333, 669, 107, 249, 281, 456, 335, 187, 41, 528, 288, 247, 239, 471, 542, 39] }  { gammas: [2.4402656784441916, 1.3953590434309713, 0.40373079095625436, 2.1503779974780848, 1.8125343219592491, 2.577776541740834, 1.9965984334022968, 2.5412059607380688, 1.7862772336384725, -0.49485136810594349, 0.73175603311688042, 1.4769372903916658, -2.2624669752101045, 2.9301970497595344, 2.4210627902437065, 1.1568404563508947, 0.69827246214592675, 0.78889274248509056, 0.91136740720542952, 0.039177105862463521, -10.379914132374005, -0.94499284890162372, -4.6975920134500759, 0.27818675614895327] } >>
(Parent ID: 2438)
Generation 40
--- Selection...
--- Mutation...
--- Replacement...
Best: << ID: 2535, SCORE: 0.622857142857 { q: [0.79489029180088344] }  { lambda: [-1.2729707722086816] }  { h: [25] }  { centers: [70, 123, 331, 637, 94, 532, 545, 585, 333, 669, 107, 249, 600, 456, 335, 187, 41, 528, 288, 247, 239, 471, 542, 39, 127] }  { gammas: [1.3307632494274417, 1.3731048435282374, 0.6108933563428981, 2.1031150980545799, 1.8130644784800998, 2.5814701593731884, 1.6241615068791098, 2.5657867951831319, 1.6681123549864769, -0.33803848181029927, 0.80119378972886723, 1.4496243732117071, -2.4926435233688391, 3.0, 1.7268762162306013, 1.0375034121413116, 0.69277874549537244, 0.76344590091163056, 0.97740595025423282, 0.036925594304185537, -9.8506893154637432, 0.92861974198389308, -3.583199818924601, -1.9726578570320099, 1.9900101428170092] } >>
(Parent ID: 2495)
Generation 41
--- Selection...
--- Mutation...
--- Replacement...
Best: << ID: 2620, SCORE: 0.651428571429 { q: [0.79489484104339625] }  { lambda: [-1.3827205638575453] }  { h: [24] }  { centers: [70, 486, 587, 637, 94, 532, 545, 585, 333, 669, 107, 249, 281, 456, 335, 38, 650, 528, 288, 247, 239, 471, 542, 39] }  { gammas: [2.5083768703018743, 1.6068101683529035, 0.069023013682459389, 2.1454117905817998, 1.789187489833304, 2.6055054656870484, 2.0921473616206248, 2.5729665217145588, 1.7170533675179802, -0.50199040953970209, 0.61703308630711262, 1.4641052249666964, -2.9511182488508254, 3.0, 2.0939902234466401, 1.2553188352928795, 0.99629779443239963, 0.78147171051710118, 1.853039998400589, 0.042959463592207675, -10.706972739985662, -7.5768928113318417, -4.2796887943910598, 1.9305335828450167] } >>
(Parent ID: 2537)
Generation 42
--- Selection...
--- Mutation...
--- Replacement...
Best: << ID: 2692, SCORE: 0.64 { q: [0.87682607051357464] }  { lambda: [-1.1869996661107434] }  { h: [22] }  { centers: [70, 123, 587, 637, 377, 541, 545, 521, 74, 669, 443, 139, 281, 253, 525, 187, 222, 561, 288, 146, 347, 471] }  { gammas: [1.5084216304208466, 0.25577095730967231, 1.4522181920404786, 2.1283381483377815, 1.8874025039932685, 2.5897281467605895, 0.34654510506291297, 0.082117255361982555, 2.2339087123458654, -0.30120530491368175, -2.1150121136654527, 1.5371172222215015, -0.4988748751309881, 2.5061353439477028, 2.2568597963292332, 1.3472325553405704, -0.60640781562557322, 3.0, 3.0, 0.85877924336961897, -114.71817815845026, 3.0] } >>
(Parent ID: 2652)
Generation 43
--- Selection...
--- Mutation...
--- Replacement...
Best: << ID: 2742, SCORE: 0.617142857143 { q: [0.79412039232360354] }  { lambda: [-1.7835020177946062] }  { h: [23] }  { centers: [70, 123, 587, 637, 94, 532, 618, 585, 74, 669, 107, 249, 281, 456, 525, 38, 41, 528, 288, 247, 239, 140, 631] }  { gammas: [3.0, 1.6031784572142134, 1.9183945435693823, 1.8867942430442513, 1.9727664779424023, 2.680388429929061, 2.5157067518728287, 2.4618518628732833, 2.817548985903815, 1.1552264241015222, -0.17355738658381203, 1.4705795286601584, -2.3185135437081299, -1.3474081633077057, 0.21703440461643883, 0.70440254337690833, -0.2157664327313138, 0.81467467509799674, 1.5693285962410057, -0.071772409578565621, -8.0898238106994693, 3.0, -4.9456394232259635] } >>
(Parent ID: 2694)
Generation 44
--- Selection...
--- Mutation...
--- Replacement...
Best: << ID: 2842, SCORE: 0.657142857143 { q: [0.79492592719259603] }  { lambda: [-1.3784084177255289] }  { h: [25] }  { centers: [445, 486, 587, 637, 522, 532, 545, 660, 333, 669, 107, 249, 281, 456, 335, 38, 650, 528, 3, 247, 239, 471, 542, 39, 683] }  { gammas: [0.8775751091652475, 1.6251242349782526, -0.79925074890147685, 2.2050652337104855, 1.9882561078601264, 2.6117682500464374, 1.948047313697314, 2.6527627424526274, 1.6813751065325435, -0.64960486191587585, 0.97640668709875655, 1.4784992542230146, -4.441776852499812, -0.08547405728463342, 2.1706348538045259, 1.1348819464146191, 1.2324826958172572, 0.74944560227941792, 2.0732476547024539, 0.052497280606250099, -10.103201850572798, 2.5460569421941486, -5.2380589298272433, 1.8434209450068997, 2.9901341304212283] } >>
(Parent ID: 2780)
Generation 45
--- Selection...
--- Mutation...
--- Replacement...
Best: << ID: 2913, SCORE: 0.628571428571 { q: [0.79482727543964971] }  { lambda: [-1.2384767103077139] }  { h: [22] }  { centers: [70, 123, 587, 637, 522, 541, 618, 585, 333, 98, 107, 249, 281, 456, 335, 187, 41, 561, 288, 247, 347, 471] }  { gammas: [-1.6245574306754258, 2.1028518772843028, 1.3073368332477604, 2.7205623581908043, 1.8909532383125109, 2.6012819815314421, 1.92563289801691, 2.55526501914298, 0.69099269865328161, -0.18384775453378405, 1.0368925974209195, 1.4683076469821266, -1.2704658911691205, 2.741297224641754, 2.4806835281400712, 1.432719922856251, 0.93415794720901546, 0.79571261822660211, 0.16883273864477411, 0.03258171812858391, -6.1333439018331477, 1.0010331178004819] } >>
(Parent ID: 2829)
Generation 46
--- Selection...
--- Mutation...
--- Replacement...
Best: << ID: 2965, SCORE: 0.674285714286 { q: [0.7935562808495541] }  { lambda: [-1.7142198136358957] }  { h: [23] }  { centers: [70, 123, 587, 637, 94, 532, 618, 585, 74, 669, 107, 249, 281, 456, 335, 38, 41, 528, 288, 247, 239, 140, 631] }  { gammas: [3.0, 1.7116322558194719, 2.6013112858332077, 1.7510859287693266, 1.9630995658310895, 2.686468567772816, 1.5880970047994907, 2.4514365088061338, 3.0, -0.010521853163453249, -0.41294328915090861, 1.4827853964311803, -2.2553343243236039, 0.3344309330654921, 0.15834342017092368, 0.85600445254739155, -0.28087335108152151, 0.8989960051782222, 1.6875057101851865, -0.065695273442471017, -3.783351765005273, -3.7687565251794406, -3.9044332222915488] } >>
(Parent ID: 2877)
Generation 47
--- Selection...
--- Mutation...
--- Replacement...
Best: << ID: 3032, SCORE: 0.64 { q: [0.7933390116512915] }  { lambda: [-1.8087927085353521] }  { h: [22] }  { centers: [70, 123, 587, 637, 94, 532, 545, 660, 74, 669, 107, 249, 281, 456, 335, 38, 41, 528, 288, 247, 239, 140] }  { gammas: [3.0, 1.9708067051250542, 1.7399243580384378, 2.1074572763477941, 1.9997489576567273, 2.6747721030066218, 1.9991498035707005, 2.310679453724346, 2.2087659698092024, -0.31607096761146924, -0.35050310672776253, 1.4579542344489025, -2.1796558931064682, 1.0776264782356457, 0.32418798785342318, 1.0185494348807447, 0.095022431624696674, 0.78482037066514587, 1.0135382370403527, -0.0818537972611591, -1.4593390380080966, -6.0444383131773982] } >>
(Parent ID: 2969)
Generation 48
--- Selection...
--- Mutation...
--- Replacement...
Best: << ID: 3080, SCORE: 0.634285714286 { q: [0.79493053718232187] }  { lambda: [-1.3809199902631586] }  { h: [25] }  { centers: [445, 123, 587, 637, 522, 532, 545, 660, 333, 669, 107, 249, 281, 253, 335, 38, 650, 528, 3, 247, 239, 471, 542, 39, 259] }  { gammas: [1.2011166790642516, 1.1464871975461524, -0.97817933491688613, 2.3218366891631717, 2.0432762282224415, 2.6183527096362536, 1.3635113841101982, 2.567661731335706, 1.7119752503181167, -0.70458141922252748, 1.179147426856213, 1.4709282656349378, -5.3232418379246074, 2.5871442036056416, 1.7902178347683, 1.1030529011503025, 1.2687795129045114, 0.73982967345188988, 2.0815752847218469, 0.055670770262013274, -10.443099915482238, 3.0, -5.1381954653991091, 1.8548687904408856, 2.30227898924751] } >>
(Parent ID: 3019)
Generation 49
--- Selection...
--- Mutation...
--- Replacement...
Best: << ID: 3118, SCORE: 0.6 { q: [0.79387345932469944] }  { lambda: [-1.8864553062540008] }  { h: [23] }  { centers: [70, 123, 587, 637, 94, 532, 545, 660, 74, 669, 107, 249, 281, 456, 335, 38, 41, 528, 288, 242, 239, 471, 355] }  { gammas: [2.1381680565911756, 2.121668829610738, 1.7189049127440108, 2.064331212183971, 2.0023269878639107, 2.6731198094307049, 2.69262015057644, 2.3260795390282394, 1.7869520058901196, -1.1392325142716151, -0.29566167824137618, 1.4952733118935237, -2.0774424219603898, 3.0, 0.21701865500532252, 0.8425496663211508, -0.30615609860889353, 0.75294901446265761, 0.94782361198016918, -0.10670193875571397, 1.6121175103419432, -5.9160383990436678, 1.0882131770947514] } >>
(Parent ID: 3052)
Generation 50
--- Selection...
--- Mutation...
--- Replacement...
Best: << ID: 3179, SCORE: 0.611428571429 { q: [0.79385191977016123] }  { lambda: [-1.712767268602069] }  { h: [25] }  { centers: [70, 123, 587, 637, 94, 541, 545, 585, 74, 669, 107, 249, 281, 456, 335, 38, 41, 528, 288, 247, 239, 140, 542, 242, 186] }  { gammas: [2.9105718729444785, 1.8082711744167381, 1.9906741389502276, 1.986359814931159, 1.9854270294398317, 2.6449362051730092, 2.9145497834776752, 2.3185554628024772, 2.90210438949754, 0.27647453232112573, -0.020376032957363149, 1.4403293191048439, -2.9324408877103822, -2.0332822236317472, 0.49256283449684007, 1.0959866070482882, -0.14448387200998836, 0.75779036553436452, 1.3440950024203515, -0.11183013388109114, -10.286825372907531, 3.0, -4.0282545719455731, 1.4550236015051405, 0.21558418255079362] } >>
(Parent ID: 3127)
Generation 51
--- Selection...
--- Mutation...
--- Replacement...
Best: << ID: 3251, SCORE: 0.64 { q: [0.79343883562506112] }  { lambda: [-1.7291365845930702] }  { h: [25] }  { centers: [70, 123, 587, 637, 94, 532, 618, 585, 74, 669, 107, 249, 281, 253, 335, 38, 650, 528, 288, 247, 239, 140, 542, 242, 186] }  { gammas: [2.9357091302348581, 2.2102780019722079, 2.3462343545124762, 1.9951781626201901, 1.9171922471482326, 2.6732241273638606, 2.611914721519343, 2.3237145486683799, 2.9538189106402029, 1.7558096990754177, -0.053015544978250638, 1.4264570183453311, -3.0742251273033632, -5.9307510036075755, 0.48122772214427884, 0.69764520981307865, -0.4744504324183153, 0.7586850626704853, 1.3403633130292938, -0.28291354643073341, -11.449391020514073, -0.13532603374261321, -3.9393758611405989, 1.4602267358210101, -0.36173284928801341] } >>
(Parent ID: 3183)
Generation 52
--- Selection...
--- Mutation...
--- Replacement...
Best: << ID: 3335, SCORE: 0.622857142857 { q: [0.80176593485133374] }  { lambda: [-1.7741190916653744] }  { h: [25] }  { centers: [70, 123, 587, 637, 94, 532, 618, 585, 74, 669, 107, 139, 281, 456, 335, 38, 41, 528, 3, 247, 239, 140, 542, 242, 186] }  { gammas: [3.0, 1.9815333544923428, 2.5410225908022084, 1.3802295403079425, 1.970759802079824, 2.6189761992075202, 2.5973146621196572, 2.2833564446206944, 2.8041473508176646, 1.6629263164885648, 0.71479542386781647, 1.4562788922234002, -2.4091786786539258, 1.6032662796917145, 0.43006573678463228, 1.134615082174129, -0.66383317349556437, 0.69406680115253283, 2.3475790993389052, -0.025624214734649382, -4.1948441937015088, -3.8586849925248377, -5.1309121040560797, 1.5302645228906033, -0.26003059657498795] } >>
(Parent ID: 3279)
Generation 53
--- Selection...
--- Mutation...
--- Replacement...
Best: << ID: 3411, SCORE: 0.634285714286 { q: [0.7930425472206124] }  { lambda: [-1.6886264300192477] }  { h: [24] }  { centers: [70, 123, 587, 484, 94, 541, 545, 585, 74, 669, 107, 86, 600, 456, 335, 38, 650, 528, 288, 247, 239, 140, 542, 242] }  { gammas: [3.0, 1.6446606580869205, 1.7657160923471824, 1.987830748562994, 2.0275587441851348, 2.6681879582269161, 2.3456516013796991, 2.3032645000878809, 2.5142417558930328, -3.0763210521695661, 0.60677232790500102, 1.4461233390414916, -2.8320286596248905, 0.63382532206953512, 0.73775121235875274, 1.2329581715826858, 0.40723965076003343, 0.693714220863897, 1.1813572166223851, -0.044140345474712128, -17.320784258086103, -0.52880404686724003, -3.9033599006182857, 1.3451007922039346] } >>
(Parent ID: 3317)
Generation 54
--- Selection...
--- Mutation...
--- Replacement...
Best: << ID: 3473, SCORE: 0.645714285714 { q: [0.79295129638287765] }  { lambda: [-1.6494703554039531] }  { h: [24] }  { centers: [445, 123, 587, 637, 94, 532, 545, 585, 74, 669, 107, 86, 281, 456, 335, 38, 650, 528, 3, 244, 239, 140, 542, 242] }  { gammas: [1.7225393450704074, 2.2952603302268932, 2.215298255922094, 2.0495713774784834, 1.8781352888616611, 2.660536364896926, 2.1570038277822619, 2.5925191610822713, 2.9693101939807161, 0.73066729942456421, -0.26223584981891906, 1.3686183763906652, -2.9437296635923662, -0.54863450695533711, 0.77015303994211082, 0.7819485951304036, -0.32179213449015115, 0.8702549552508384, 2.0924418344174049, -0.07283909627943666, -5.2014843903062618, -1.0078118441597574, -5.6532098334428103, 1.0372666011549532] } >>
(Parent ID: 3417)
Generation 55
--- Selection...
--- Mutation...
--- Replacement...
Best: << ID: 3549, SCORE: 0.622857142857 { q: [0.79288849014557672] }  { lambda: [-1.96716287465172] }  { h: [24] }  { centers: [445, 123, 331, 637, 94, 532, 545, 585, 74, 98, 107, 86, 281, 253, 335, 38, 650, 528, 3, 244, 239, 140, 631, 247] }  { gammas: [2.6506757619420371, 2.1918923835762794, 2.1806722973024755, 2.1563545965321373, 1.7745536650222311, 2.6682826661337224, 2.063172621427535, 2.7687830536493663, 2.6643814595964499, 0.61412674977863868, -0.58295000319763013, 1.3666991583643817, -2.8088075185730239, 2.3314011762436611, 0.6107799671788543, 0.8505835253606715, -0.92648222536666469, 0.85587756033221773, 1.4618541426453762, -0.088678562313620438, -3.8968783699120211, 1.972380642874445, -5.0424580414304998, 1.1457992363169407] } >>
(Parent ID: 3476)
Generation 56
--- Selection...
--- Mutation...
--- Replacement...
Best: << ID: 3603, SCORE: 0.605714285714 { q: [0.7929964676775888] }  { lambda: [-1.6291561571408124] }  { h: [26] }  { centers: [445, 123, 587, 637, 94, 532, 545, 585, 74, 669, 107, 139, 281, 456, 335, 187, 650, 528, 3, 480, 239, 140, 542, 247, 441, 619] }  { gammas: [3.0, 2.1391279877477416, 3.0, 2.4544008277394731, 1.8807470631886776, 2.6552464684669252, 2.185868956380614, 2.5306601528569015, 3.0, 2.9564001623667231, -0.2915976572000582, 1.4224527953906803, -2.8732740309829063, -2.6906740231797563, 0.75292282165691782, 0.3164641633690749, -0.4435735969835688, 0.9024118599007146, 1.4810519631683405, -0.12684350011338655, -5.6289192638175356, -0.39776868918901187, -5.3768372358052838, 0.89552520385196077, -0.076879009688149647, 0.76311982958839997] } >>
(Parent ID: 3502)
Generation 57
--- Selection...
--- Mutation...
--- Replacement...
Best: << ID: 3638, SCORE: 0.617142857143 { q: [0.79280173809756027] }  { lambda: [-1.4323943982049188] }  { h: [23] }  { centers: [445, 123, 331, 637, 94, 532, 545, 585, 74, 98, 107, 86, 281, 456, 335, 38, 650, 528, 3, 244, 239, 140, 542] }  { gammas: [1.6541653846150253, 1.9463740943009926, 2.0620509847024495, 2.0371852230022149, 1.9362232227842791, 2.6609139393913384, 1.5895768483716803, 2.5384788299815519, 2.8897958111975086, 1.2350984322601644, -0.41456007900715097, 1.3467517678736349, -2.7592804315101378, 3.0, 0.68088587052201888, -0.26942172324578273, -1.0905176749269843, 0.91606065656076474, 0.97244115162295497, -0.096193623930931269, -6.4856537633817055, -0.99872979017837826, -5.4504952841186221] } >>
(Parent ID: 3619)
Generation 58
--- Selection...
--- Mutation...
--- Replacement...
Best: << ID: 3696, SCORE: 0.628571428571 { q: [0.79512178278255063] }  { lambda: [-1.9338754750172733] }  { h: [25] }  { centers: [445, 123, 587, 637, 94, 532, 545, 585, 74, 669, 443, 139, 281, 456, 335, 187, 650, 528, 3, 480, 239, 140, 542, 247, 435] }  { gammas: [-0.62308352244290466, 2.4400945929463811, 1.1744959379327904, 2.0367193431869, 1.8834314727446169, 2.6359329891996204, 2.2196106948293326, 2.4036154737706013, 2.9981298135644945, 1.87297385552498, 2.2644413488246831, 1.493626564774075, -2.4108020757044906, 3.0, 0.75070681239023673, -0.31500795840273332, 0.40636083094686887, 0.82943837114071073, -0.51274656905553362, -0.1084994915102705, -5.1147127118047262, 1.0490964875458868, -5.6374493954530394, 1.2269728073716419, 1.2913270279353233] } >>
(Parent ID: 3643)
Generation 59
--- Selection...
--- Mutation...
--- Replacement...
Best: << ID: 3795, SCORE: 0.628571428571 { q: [0.79379105925031312] }  { lambda: [-1.9129278312124103] }  { h: [25] }  { centers: [70, 486, 587, 637, 94, 532, 618, 585, 74, 669, 107, 86, 281, 456, 335, 38, 650, 561, 288, 247, 239, 140, 542, 242, 186] }  { gammas: [3.0, 1.5111906542383275, 2.5065488601290822, 1.7448048824427322, 1.7707090324623009, 2.6501028072537629, 2.9134858072589913, 2.2761271687795368, 2.0145351192561294, -0.15415072411189265, -0.75755695131278, 1.233455499319035, -2.9140797212262681, -2.4052236703029291, 0.067113517355211802, -0.040620877718530429, -0.78519590604213918, 0.86280107812753626, 0.56783266532219845, -0.014161982709175718, -5.6064094391087158, 3.0, -4.5693452472760079, 1.133676065844885, 2.1071038080823477] } >>
(Parent ID: 3720)
Generation 60
--- Selection...
--- Mutation...
--- Replacement...
Best: << ID: 3835, SCORE: 0.622857142857 { q: [0.79378325710010034] }  { lambda: [-1.9830162022673798] }  { h: [25] }  { centers: [70, 486, 587, 637, 94, 532, 618, 585, 74, 669, 107, 86, 600, 456, 335, 38, 41, 561, 288, 247, 239, 140, 631, 242, 186] }  { gammas: [2.5365842942823873, 1.8173695372591943, -0.47516174096487607, 1.7419518467593031, 1.8916204921730042, 2.6594611624330273, 3.0, 2.1451676215617375, 2.3508060984766317, -0.0957863603122701, -0.46277070081042193, 1.1603617986265307, -2.7668010577677546, 1.6347589388144588, -0.40042072331286876, 0.30344358480504208, -0.92553773033703091, 0.8660866420933655, 0.85086932497565781, -0.081723833931964654, -6.6814761449049289, 1.7926965199921323, -4.9841477373306819, 1.3634003281783273, 2.1466459777547113] } >>
(Parent ID: 3796)
Generation 61
--- Selection...
--- Mutation...
--- Replacement...
Best: << ID: 3906, SCORE: 0.68 { q: [0.79379385027713778] }  { lambda: [-1.9828100000278308] }  { h: [27] }  { centers: [70, 486, 587, 637, 94, 532, 618, 585, 74, 669, 107, 86, 281, 456, 335, 38, 41, 561, 288, 247, 239, 140, 631, 242, 186, 311, 268] }  { gammas: [3.0, 1.821725916767573, -0.46457066110850698, 1.7929133263990495, 1.8696126822966075, 2.6554828446959657, 2.4010830582637155, 1.9652048633820731, 1.9494700485586194, 0.18848334150066515, -0.44873901521492132, 1.1488686946707056, -2.6178910047457458, -6.0573591938929523, -1.0544849279588149, 0.80738039335292811, -1.1989929653528824, 0.87759843731922793, 0.89480834732203285, -0.057319990306641214, -8.1606952408819158, 2.6900380588513935, -4.6388441758123991, 1.5102960974806932, 2.3177470915243639, 1.1544816192058707, 2.1620644721042459] } >>
(Parent ID: 3832)
Generation 62
--- Selection...
--- Mutation...
--- Replacement...
Best: << ID: 3950, SCORE: 0.645714285714 { q: [0.79379308571398721] }  { lambda: [-1.9934244966224983] }  { h: [28] }  { centers: [70, 486, 331, 637, 94, 532, 545, 585, 74, 669, 107, 86, 281, 456, 335, 38, 41, 561, 288, 247, 239, 140, 631, 242, 186, 311, 268, 465] }  { gammas: [3.0, 1.7881066391538902, -1.3598195236778596, 1.8025741814064213, 1.9247376452244533, 2.6520692910777077, 1.4280683629362385, 1.9949895862120346, 1.4409894513985262, 0.10372164340269091, -0.30581250322842679, 1.140940504844268, -2.5499791548445843, -7.3709556798409457, -1.1864880388489316, 0.94794270784440826, -1.2861961687732573, 0.86387401535627928, 0.83629963804973495, -0.076341146091280621, -7.6606886428967078, 1.5814319652892102, -4.7999842636611145, 1.4238663967194856, 2.1202792829674326, 1.2875391731318346, 2.1515079972025499, 1.7576070133419335] } >>
(Parent ID: 3906)
Generation 63
--- Selection...
--- Mutation...
--- Replacement...
Best: << ID: 4071, SCORE: 0.634285714286 { q: [0.79378508301706396] }  { lambda: [-1.9816537859923216] }  { h: [26] }  { centers: [70, 486, 331, 637, 94, 532, 618, 585, 74, 669, 107, 139, 281, 456, 335, 38, 41, 561, 288, 247, 239, 471, 631, 242, 186, 503] }  { gammas: [3.0, 1.7715068532908766, 0.74094405770233651, 1.7223189883073591, 1.9193871910886111, 2.6531992570847089, 2.8317645821278972, 1.9034693983334159, 3.0, 0.096410154508860632, -0.6247397963010568, 1.1177042738040293, -2.6347805232955568, -7.3612809598312463, -0.044814717681173177, 1.6693981147068486, -0.88881441882947221, 0.78315615535179783, 1.7803682986506613, -0.084836389193646847, -7.9595575064444457, 1.1903571295121127, -4.8966864187815347, 1.5232380981563494, 3.0, 2.2930161148230748] } >>
(Parent ID: 3958)
Generation 64
--- Selection...
--- Mutation...
--- Replacement...
Best: << ID: 4092, SCORE: 0.64 { q: [0.7937904282006687] }  { lambda: [-1.9722620116417824] }  { h: [28] }  { centers: [70, 486, 331, 637, 94, 532, 545, 585, 74, 669, 107, 86, 281, 456, 335, 38, 41, 528, 288, 247, 347, 140, 631, 242, 186, 311, 268, 465] }  { gammas: [3.0, 1.7259106148698873, -0.18243092614894851, 1.8195761115526747, 1.9548861696321633, 2.646412696572344, 0.82515464675329575, 2.0863148615787201, 1.168222736485637, -0.20626467584143404, -0.86030594458569143, 1.1124695702474159, -3.1970094791727881, -6.5363407964189797, -0.78314152691783145, -0.96368991267681769, -1.232297509593449, 0.87730320700142994, 0.86511808740016627, -0.064484686110481262, -7.0074679537283409, 3.0, -4.9583477032536223, 0.89803096593042298, 2.7093085413511639, 1.0252853272922009, 2.0375166066710526, 1.5767215389477056] } >>
(Parent ID: 4017)
Generation 65
--- Selection...
--- Mutation...
--- Replacement...
Best: << ID: 4196, SCORE: 0.651428571429 { q: [0.7937929764465611] }  { lambda: [-1.9761412985495295] }  { h: [27] }  { centers: [70, 123, 587, 637, 94, 532, 618, 585, 74, 669, 107, 86, 600, 456, 335, 38, 41, 561, 3, 247, 347, 140, 631, 242, 186, 503, 268] }  { gammas: [1.7810131880790756, 2.0468860621268941, 1.1738504753846777, 1.844787356909581, 1.8918858505787131, 2.6572519792802805, 2.8194184510450153, 1.9304378626402166, 1.2454247225124939, 0.28580429532385043, -0.49175576274674543, 1.2988878135878414, -2.4455099384957957, -16.863449378509362, -3.33947137369874, -0.33124334978337444, -1.0831644181823132, 0.80337118355854642, 0.86169177897501326, 0.047936012760003248, -9.3299025797918809, -0.40559475261225364, -5.0019325336003817, 1.8693187265712388, 1.9481391040944422, 0.61736230221185429, 2.31397516253885] } >>
(Parent ID: 4129)
Generation 66
--- Selection...
--- Mutation...
--- Replacement...
Best: << ID: 4210, SCORE: 0.651428571429 { q: [0.79379464451211268] }  { lambda: [-1.9748590494935825] }  { h: [27] }  { centers: [70, 123, 587, 637, 94, 532, 618, 585, 74, 669, 107, 86, 600, 456, 335, 38, 41, 561, 3, 247, 347, 471, 631, 242, 186, 503, 268] }  { gammas: [2.2090024738251635, 2.0119102169877596, 1.4968435784303247, 1.8378604037945725, 1.8945650563638181, 2.6582954587475243, 3.0, 1.884379352938532, 0.95413149680291554, 0.27263016510577376, -0.51657486249543116, 1.3064882915909233, -2.4268079594548801, -14.560997376531031, -2.6285872151672103, -1.3239956460754247, -1.3286757778024121, 0.82183363261878095, 1.0290294492606065, 0.13025388645220168, -9.1692223781553377, 0.34846231075683221, -5.0372918982304853, 1.9084454308343994, 2.0655699001887391, 0.54801820535910695, 2.2134760710535994] } >>
(Parent ID: 4196)
Generation 67
--- Selection...
--- Mutation...
--- Replacement...
Best: << ID: 4306, SCORE: 0.628571428571 { q: [0.79379092667121232] }  { lambda: [-1.9924061785248957] }  { h: [27] }  { centers: [70, 123, 331, 637, 94, 532, 545, 660, 74, 669, 107, 86, 281, 456, 335, 38, 650, 561, 288, 247, 239, 471, 631, 242, 186, 311, 268] }  { gammas: [1.4076729901672405, 2.1564158398240045, 3.0, 1.8280120832457127, 1.9180868801115571, 2.6542295879598292, 2.4037946780212271, 1.5726851116350484, 2.4507016283862493, 0.86695319491414424, -0.35963646406306765, 1.130091742718824, -2.8261432139965939, 2.8757865171664418, -1.6496160962657782, 0.12856427988637331, -1.7977985484282497, 0.90758534108581734, 1.2296634039687173, 0.023816983811096024, -7.4921816777287997, 0.78168759469858329, -3.6740130400383237, 1.7224277938235213, 3.0, 1.2017506041066766, 2.7145203690562889] } >>
(Parent ID: 4245)
Generation 68
--- Selection...
--- Mutation...
--- Replacement...
Best: << ID: 4401, SCORE: 0.617142857143 { q: [0.73600121574969846] }  { lambda: [-1.9827454952350767] }  { h: [24] }  { centers: [70, 486, 331, 637, 94, 532, 618, 585, 74, 669, 107, 139, 600, 456, 335, 38, 41, 528, 288, 247, 239, 140, 631, 242] }  { gammas: [1.5986527862209414, 1.1647497376066021, 1.8365753267796625, 1.7323285110790814, 2.0506829841530325, 2.6617701913577272, 2.9778090044512808, 1.7652244638598245, 2.7637819672635837, -0.1808399592038116, -0.6542040655761493, 1.1187426276033563, -2.9197447662480149, -5.4183172113107547, -1.3590137603869146, 2.1226948770105762, -0.86596460458968694, 0.74703856749012676, 1.4883728824413764, -0.095429686781354536, -7.9301986290483351, -0.085844860444764332, -4.7957587425311017, 0.43977749435555114] } >>
(Parent ID: 4329)
Generation 69
--- Selection...
--- Mutation...
--- Replacement...
Best: << ID: 4444, SCORE: 0.634285714286 { q: [0.79379138965198248] }  { lambda: [-1.994468477866749] }  { h: [27] }  { centers: [70, 123, 331, 637, 94, 532, 545, 660, 57, 669, 107, 86, 281, 456, 335, 38, 650, 561, 288, 247, 239, 471, 631, 242, 186, 503, 268] }  { gammas: [2.3798460973072322, 2.9737154147840039, 2.6837108010750792, 1.8222059012723801, 2.1329758792511555, 2.6183976169142555, 3.0, 1.738437738435709, 3.0, 0.85937891775645636, -0.40815391273105128, 1.133290427575613, -2.733790235343541, 3.0, -3.1705912650595334, 3.0, -1.8585461374418546, 0.90538670590187043, 1.268108514119916, 0.038580718451526122, -9.0460569118722898, 0.56486959833275774, -3.9117487231123782, 2.806132953404171, 1.1826918999536367, 1.3708738544504275, 2.7858674415040992] } >>
(Parent ID: 4337)
Generation 70
--- Selection...
--- Mutation...
--- Replacement...
Best: << ID: 4532, SCORE: 0.662857142857 { q: [0.79378447547677977] }  { lambda: [-2.0073106471578845] }  { h: [27] }  { centers: [70, 123, 331, 637, 94, 532, 545, 660, 74, 669, 107, 86, 281, 456, 335, 38, 650, 561, 288, 247, 239, 471, 631, 242, 682, 311, 268] }  { gammas: [1.2528593852044767, 1.3389449106725688, 3.0, 1.6941352311166471, 1.9193490107473581, 2.6608612318401197, 3.0, 1.6567076812697443, 2.6273859405333724, 0.96310414133671618, -0.48242870523790715, 1.1062531791951045, -2.8889947894061199, 3.0, -1.5475362368261159, 0.39285429633731345, -1.8007662846574422, 0.9326068592280925, 1.2646672479513259, 0.019555541015848506, -7.1101332837540436, 1.2607469772341635, -3.1944811769172601, 2.5741961125778139, 3.0, 1.2905922036969104, 2.806381632519499] } >>
(Parent ID: 4426)
Generation 71
--- Selection...
--- Mutation...
--- Replacement...
Best: << ID: 4541, SCORE: 0.622857142857 { q: [0.7937825769557314] }  { lambda: [-1.9894367389401255] }  { h: [27] }  { centers: [70, 123, 331, 637, 94, 532, 545, 660, 74, 669, 107, 86, 600, 456, 335, 38, 650, 561, 288, 247, 239, 471, 631, 242, 682, 311, 268] }  { gammas: [-0.33536253986091169, 1.2788846768887434, 3.0, 1.73571306456508, 1.9206247871700599, 2.6615366146755015, 3.0, 1.573654498228312, 3.0, 0.95248914061747902, -0.48543026084647706, 1.1196137469017453, -2.8769539098467378, 3.0, -1.8588174096612216, 0.20581748499894331, -1.7918654760352473, 0.9334773742110245, 1.3739490774042795, 0.014633229240243802, -6.8204632803548515, 1.6903732301212115, -3.6555636571314687, -0.0065250525096445244, 2.6388842681188756, 1.3581283996710418, 2.8237665068997728] } >>
(Parent ID: 4532)
Generation 72
--- Selection...
--- Mutation...
--- Replacement...
Best: << ID: 4652, SCORE: 0.64 { q: [0.78978092325039462] }  { lambda: [-1.9816614528538743] }  { h: [25] }  { centers: [70, 486, 587, 637, 94, 532, 618, 585, 74, 583, 107, 139, 281, 253, 335, 38, 41, 528, 288, 98, 239, 471, 631, 242, 186] }  { gammas: [-3.7329916614843377, 1.5155548403197894, 1.4234905213926872, 1.7858093790656939, 2.0789937477423281, 2.674464929518678, 1.9045831504318596, 1.8438426379036261, 2.8099591366639438, -0.15915720216837839, -1.7325387857625247, 1.07673666512181, -2.8777508136811649, -4.3979238205389271, 2.314345126761634, 0.35514225601564697, -0.91187446569727471, 0.72448103051948387, 2.3782096870276273, -0.18097312180502836, -7.7661164444740525, -16.892444271483527, -4.6703721651904218, 2.2373678020169137, 1.4725384383651052] } >>
(Parent ID: 4554)
Generation 73
--- Selection...
--- Mutation...
--- Replacement...
Best: << ID: 4693, SCORE: 0.657142857143 { q: [0.79378868576542261] }  { lambda: [-2.0869485887510959] }  { h: [27] }  { centers: [70, 123, 331, 637, 94, 532, 545, 660, 74, 669, 107, 86, 281, 253, 335, 38, 650, 528, 3, 247, 239, 471, 631, 242, 682, 311, 268] }  { gammas: [0.75494125747550944, 1.0256083551225044, 2.7567930862709717, 1.7973569821050981, 1.898437970498829, 2.6800000604637297, 1.3084484307643924, 1.4047227053429205, 2.2568821662285341, 1.0590015593657383, -0.3017724845180183, 1.1433680204627128, -3.0306126952719263, 2.3259312807437018, -2.174368374670292, -3.7842372473262111, -1.7972921911173381, 0.94308160309272915, 1.223718257728958, 0.07428205460925455, -7.2438761851914881, 1.146621420963313, -5.520881719391098, -3.4536912325868245, 0.39319357222155393, 1.4449620317469936, 2.6375951072324813] } >>
(Parent ID: 4637)
Generation 74
--- Selection...
--- Mutation...
--- Replacement...
Best: << ID: 4756, SCORE: 0.622857142857 { q: [0.79378308244163942] }  { lambda: [-1.978639396837564] }  { h: [27] }  { centers: [70, 123, 331, 637, 94, 541, 545, 660, 74, 669, 107, 86, 600, 456, 335, 38, 650, 561, 288, 247, 239, 471, 542, 242, 682, 503, 268] }  { gammas: [3.0, 0.30712496679111501, 1.6539408943956126, 1.653407094155243, 1.9103300294952437, 2.6608043818829796, 2.7503857112535552, 1.893275195655868, 3.0, 0.90950292848347236, -0.46222435925449795, 1.141082602369863, -2.8289799832640634, 2.2995663613716366, -3.2663949010997184, -1.2337722949760117, -1.9283301612630088, 0.92879349066386041, 1.2879097811388482, 0.016325651727626813, -6.9127482974834438, 2.9886659215079732, -8.6472540856357387, 1.0459428082440185, 1.1262774426502042, 1.9384769292796771, 2.7970449920857807] } >>
(Parent ID: 4700)
Generation 75
--- Selection...
--- Mutation...
--- Replacement...
Best: << ID: 4799, SCORE: 0.628571428571 { q: [0.79378315086337548] }  { lambda: [-1.99601402145713] }  { h: [28] }  { centers: [70, 123, 331, 637, 94, 532, 545, 660, 74, 669, 107, 86, 600, 456, 335, 38, 650, 561, 288, 247, 347, 471, 542, 242, 682, 503, 595, 511] }  { gammas: [0.90555420580333468, 1.9526628041798166, 2.2858568322927391, 1.7023357218205175, 1.9354686020341274, 2.662848159540975, 2.4966979108483294, 1.9617591824256808, 2.6788166888539862, 0.97564905666116508, -0.43092787960726647, 1.1978342771725499, -2.8107210808526761, 2.2857187149354146, -2.1114096198339145, 0.19178300616271182, -1.8604707003042331, 0.9284403318187886, 1.442582877828029, -0.0028757755187259386, -7.4768699023106189, 1.82817853158314, -6.1051943374503157, -0.82295963640134073, 2.9396593123187129, 1.6933362833072103, 2.7674813568230938, 2.8704395652773238] } >>
(Parent ID: 4755)
Generation 76
--- Selection...
--- Mutation...
--- Replacement...
Best: << ID: 4855, SCORE: 0.622857142857 { q: [0.79378314961440732] }  { lambda: [-1.9947234915250358] }  { h: [28] }  { centers: [70, 123, 331, 637, 94, 532, 545, 660, 74, 669, 107, 86, 600, 456, 335, 38, 650, 561, 288, 247, 347, 471, 542, 242, 682, 503, 595, 511] }  { gammas: [0.89680838089260617, 2.1106129963197717, -0.0045998135631020176, 1.7025133067811964, 1.9377519795535219, 2.6625807139689233, 2.6523701951303407, 1.967771487809594, 3.0, 1.007414116401234, -0.38912415102966957, 1.2345916267437085, -2.8552458481699921, 3.0, -1.5392906748930695, 0.2298776962864259, -1.8702023858860664, 0.92810313269253664, 1.3855410778248922, 0.00090602449045406284, -7.5691485239307132, 1.8121045703465208, -8.343602355374717, -2.475473106806124, 2.7846620613819795, 1.64592443273717, 2.7855401368737511, 2.8746841912414651] } >>
(Parent ID: 4799)
Generation 77
--- Selection...
--- Mutation...
--- Replacement...
Best: << ID: 4930, SCORE: 0.628571428571 { q: [0.79379388675759022] }  { lambda: [-1.8599805488180574] }  { h: [28] }  { centers: [445, 123, 331, 637, 94, 532, 545, 660, 74, 98, 107, 139, 281, 253, 335, 38, 650, 528, 288, 247, 347, 471, 542, 242, 682, 311, 268, 354] }  { gammas: [-0.81202917866610835, 1.9854625949635072, 3.0, 1.8096089082365594, 2.0323306166341215, 2.7197787424283235, 1.8321482120562096, 0.66535904917183364, 3.0, 1.5420398012692138, -0.25476740215288052, 1.1045612309047064, -3.1992986802109464, 0.42875519911532978, -3.0256975449139576, -1.0621459551269528, -1.7748231952377664, 0.93313101634764084, 1.2701606166829917, 0.055762439636051056, -6.6003866891448633, 1.5438214020327237, -4.0916669040174938, -0.22132565709280105, 3.0, 1.7873800674966422, 2.4449853610388685, 1.753860591129347] } >>
(Parent ID: 4886)
Generation 78
--- Selection...
--- Mutation...
--- Replacement...
Best: << ID: 5016, SCORE: 0.662857142857 { q: [0.7937946572091954] }  { lambda: [-2.004657543417089] }  { h: [28] }  { centers: [70, 123, 331, 637, 522, 532, 545, 632, 74, 98, 443, 607, 281, 456, 335, 38, 650, 528, 288, 247, 347, 471, 542, 600, 515, 503, 268, 243] }  { gammas: [-2.5784629113349378, 2.7967357004762179, 2.7324549252576102, 1.8169959214023237, 1.9541720483274247, 2.7119380748828994, 2.2788520439182962, 1.0327369780879925, 2.1754526422985365, 1.1796205261900163, -0.25469382806968716, 1.0954589654507612, -3.2952344389229227, 0.7210150131567381, -3.9110266697502194, 2.6818043009197958, -1.7364377017749921, 0.93703799146283773, 1.2855012900620006, 0.036147972739297027, -6.4629304538438435, 1.6281980335773609, -4.002226537075158, -2.9023746462094695, 2.9739298063889992, 2.7202329765635733, 2.6901176402793214, 0.11951365804403821] } >>
(Parent ID: 4974)
Generation 79
--- Selection...
--- Mutation...
--- Replacement...
Best: << ID: 5084, SCORE: 0.645714285714 { q: [0.79380056261895737] }  { lambda: [-1.9506367908693352] }  { h: [27] }  { centers: [445, 123, 587, 637, 94, 532, 545, 660, 74, 98, 107, 139, 281, 253, 335, 38, 650, 528, 288, 247, 347, 471, 542, 242, 682, 311, 595] }  { gammas: [0.86799541958017401, 2.3437569048976927, 2.8455506131610209, 1.8078107385508593, 2.0502195703559583, 2.7461164911050546, 2.4428684891341783, 0.73786842501499994, 2.79257065285144, 1.4635907270815978, -0.31552481516614528, 1.1082859236840712, -3.1556208152024929, 1.782858484492702, -4.1193437934625452, 2.2410737939714274, -1.6442621899655514, 0.93635959502997057, 1.2583483716792221, -0.10322033553667875, -7.1256840723306532, 2.1196395528898382, -4.2439760186282642, -1.5743288516252589, 3.0, 1.3940361280781512, 2.4105171900070239] } >>
(Parent ID: 5022)
Generation 80
--- Selection...
--- Mutation...

