--- Initial population ---
<< ID: 0, SCORE: 0.846153846154 { q: [1.1381400583878363] }  { lambda: [0.98234111753495168] }  { h: [35] }  { centers: [145, 122, 85, 107, 113, 96, 68, 143, 128, 26, 67, 90, 70, 37, 102, 72, 38, 34, 103, 16, 23, 139, 63, 18, 118, 105, 132, 77, 48, 121, 54, 61, 115, 44, 82] }  { gammas: [2.9444877208823801, 1.2779887355555104, 0.20779455429560134, 2.2048459653218071, 0.025204554059758522, 2.1498180006764827, 2.8189867297333131, 1.525112730638019, 2.1498762774002689, 1.8280782150031176, 1.6257549279046128, 2.4650466009351404, 2.2461299996165316, 1.3702025863374843, 0.29319937647223826, 0.44567654543073043, 0.40146922351127556, 1.6132372262569907, 0.050879500203787509, 2.3799651414517231, 2.0461696736379591, 0.97836846294928759, 2.9489809260038036, 0.10348708651151539, 1.3797802497536766, 1.1707806951477715, 2.2475435103648476, 0.14720355609235536, 2.5051353382317707, 2.7850814968673649, 0.024051448508074835, 0.99836296357726662, 0.9329531275407289, 1.9353004519408725, 2.8985298744405736] } >>
<< ID: 1, SCORE: 0.820512820513 { q: [-0.65800931796489115] }  { lambda: [0.052409442091770675] }  { h: [3] }  { centers: [118, 59, 82] }  { gammas: [2.4806499769456116, 1.2893398058317298, 0.66439945218542873] } >>
<< ID: 2, SCORE: 0.179487179487 { q: [-1.3204912555988284] }  { lambda: [1.4145769199071807] }  { h: [96] }  { centers: [111, 93, 130, 119, 4, 148, 54, 100, 83, 9, 67, 152, 19, 153, 64, 21, 147, 87, 63, 94, 129, 132, 72, 1, 137, 143, 121, 71, 124, 149, 29, 13, 102, 141, 37, 142, 40, 31, 32, 77, 99, 125, 73, 36, 145, 146, 74, 2, 112, 43, 23, 115, 144, 128, 120, 88, 49, 106, 52, 38, 39, 51, 151, 126, 79, 53, 62, 80, 42, 75, 22, 34, 103, 85, 47, 5, 89, 131, 127, 69, 6, 66, 109, 44, 55, 86, 133, 116, 48, 28, 92, 110, 10, 122, 138, 136] }  { gammas: [2.8505009956905303, 1.8204550748239723, 0.95968037892037283, 0.94409988150070989, 0.84022313805460003, 2.92646064024717, 1.9522862414037851, 0.60518952058259345, 0.2229522282331291, 2.8630121457982414, 0.61966818949405267, 1.9810450993352926, 0.95887333251802032, 2.0679317439859677, 2.1982378254702737, 2.3031363736239561, 0.32609743239771061, 1.7595713616967461, 0.48161485061589759, 0.0032122129225026219, 0.84933360051459605, 1.6190757056430967, 2.1402451470434714, 1.4365625208902935, 1.4332616325266732, 0.43830731924239086, 2.3808728603258476, 1.7987266095553436, 1.9469164227166775, 2.0353580282449468, 0.57391987826442425, 1.4460845369725863, 0.25244726265949124, 1.5863967339775376, 1.2513312755515327, 0.87739336541278401, 1.5629862984673313, 1.1978405951476161, 2.1503636776838038, 0.34490950432310952, 0.83960307802820111, 1.0113191577086491, 1.3208869857686523, 1.5814619368960585, 1.1567754027762835, 1.4781136880961028, 2.6549924422561997, 2.3175768705330659, 1.6188776113465502, 2.6543964026797591, 1.8878580291920748, 1.0376183211820353, 2.0084128996630839, 0.010580431775195631, 1.6010295758486595, 1.8994771125746956, 2.3354113060791932, 2.8122985940656045, 1.3137374894402445, 1.3724677557565998, 2.4070574176132418, 1.2938912314390678, 2.9147939825207176, 0.96799506467713692, 1.0680851354480829, 0.23463932393877207, 2.2081130378155649, 1.5350272444264488, 1.9167501524573307, 2.7055148328272014, 2.5339778718488271, 2.8927873092007981, 1.314610374388155, 1.45887727891629, 0.076618717158814409, 0.19444578160324633, 0.62858657750592584, 0.90204301712975088, 2.9667801680687287, 1.6700708078199467, 2.9741075301136952, 0.69336130011186414, 0.16692180277616508, 2.4619820438822679, 2.0090369610853553, 2.5692295153640532, 2.2828529742505514, 0.70824597298397596, 2.3796997882911057, 0.16208214367618357, 1.2081273379664701, 1.4290404547509112, 1.5792341425179095, 2.6165254531895132, 2.4576490051541899, 2.1014111270852904] } >>
<< ID: 3, SCORE: 0.794871794872 { q: [-0.94391048227635099] }  { lambda: [0.18147604496244818] }  { h: [8] }  { centers: [141, 69, 68, 56, 103, 38, 43, 72] }  { gammas: [1.3707078563279, 1.036793916658413, 0.47841121841517076, 1.8343787978364003, 0.42752815312546544, 1.5526055438549733, 1.2125661884591499, 2.4911849868346874] } >>
<< ID: 4, SCORE: 0.820512820513 { q: [-0.22841356935717499] }  { lambda: [0.51717163598505311] }  { h: [44] }  { centers: [16, 146, 89, 59, 74, 92, 23, 106, 86, 46, 72, 14, 40, 116, 32, 124, 94, 25, 125, 137, 93, 90, 60, 6, 68, 131, 126, 140, 35, 119, 87, 47, 101, 52, 95, 91, 37, 139, 100, 55, 79, 36, 21, 61] }  { gammas: [1.8231017315689417, 2.2938611563197715, 0.94557830611824645, 0.73144583366126437, 1.683392846997305, 2.2421364046485968, 1.0832781415301147, 1.3065683232108638, 1.7365852170814335, 0.68731114675728777, 0.48539074957461881, 0.16403989010630937, 2.3351210406492013, 0.64418338834592936, 0.37777433738985211, 0.84538753458087323, 1.5772434115548228, 1.7577987077078441, 1.133030098035503, 2.9703795351366198, 2.1108988159357929, 2.6280683335368829, 1.3056781637026655, 2.871356364751342, 2.7025698645630638, 0.1735804401236013, 0.13259440927366917, 1.5495103758171993, 0.15765273948912717, 2.1531768538074751, 1.7068045910647902, 0.50632182283777571, 1.9603513761300873, 1.6985208013005662, 0.67703564657477433, 0.48987637241768667, 0.090656539662721358, 0.091731736713078771, 0.84854149946494362, 0.2372203219343092, 0.033795072089503941, 0.57091252153023675, 2.3562312350362711, 0.98290885184614574] } >>
<< ID: 5, SCORE: 0.948717948718 { q: [1.2383848580807264] }  { lambda: [1.2962899085195856] }  { h: [17] }  { centers: [95, 56, 17, 15, 1, 8, 115, 46, 81, 82, 139, 114, 53, 147, 149, 92, 45] }  { gammas: [0.61946734734798614, 2.9823265348953178, 1.7377337860953328, 0.55348712361157115, 1.3965167382088444, 0.3331950090363982, 2.5535604675660739, 2.7493740355527825, 0.83025128019783123, 2.3916902623239378, 2.2740349037731233, 2.1913314249097962, 2.2179976549656519, 1.3630392270370519, 2.0655051522286354, 0.52696851746955098, 2.7071266059917076] } >>
<< ID: 6, SCORE: 0.74358974359 { q: [-0.29596568287352071] }  { lambda: [0.37553191583510004] }  { h: [91] }  { centers: [22, 29, 154, 127, 148, 59, 48, 78, 83, 47, 70, 146, 150, 113, 65, 10, 8, 44, 104, 74, 52, 67, 87, 109, 102, 138, 124, 111, 145, 107, 131, 32, 9, 108, 125, 16, 30, 95, 1, 0, 13, 116, 118, 76, 120, 126, 82, 77, 20, 149, 17, 122, 50, 91, 64, 12, 31, 115, 62, 136, 5, 18, 72, 137, 63, 35, 69, 2, 25, 14, 110, 54, 11, 42, 15, 7, 58, 49, 123, 23, 79, 153, 24, 38, 93, 112, 34, 101, 45, 98, 81] }  { gammas: [2.3506257995085904, 1.9457133055935723, 1.4318365497122563, 0.37713279465433758, 0.84730822070771949, 1.11355170581856, 2.5136122973426955, 2.1131591280452944, 2.2209032475845847, 1.0082312415336911, 2.4532582997199608, 2.7447577784127253, 2.135657192029198, 2.2692660344647813, 2.4349591846285947, 0.59231396470470499, 0.25723553322718762, 2.6348249646515209, 1.5978786285808404, 2.9929107106815604, 0.30793763315190381, 0.13450233569408399, 1.4618895248810839, 1.5808818019675144, 1.0788484230150552, 1.4792107844700819, 0.26750606637589713, 2.2209358627372069, 1.7501102660153434, 1.5708337695311974, 0.28287468502798785, 2.0740485492678076, 0.99990608261465108, 2.6207216323307461, 0.92668155336161606, 1.6406870414585919, 0.54464934299750756, 1.0527676423938741, 1.5071673811040052, 0.97939265178258017, 1.9079232885432895, 2.8582677816683728, 2.2460171569070244, 0.48931079715182935, 1.2249643227768177, 0.63609046181226025, 1.3862404491891729, 1.3805907606858479, 2.9488362462519961, 2.4865579549937631, 2.4250787547266479, 2.9471556854146645, 0.2851531252311531, 2.6070551878400137, 0.44249031929927518, 1.3064885703479525, 2.5261359928342162, 1.009185440253515, 1.5778786848262776, 0.544971739466379, 1.1000639581601208, 2.7087032196360887, 0.70310121269799919, 1.531322289896476, 0.66013483953872087, 1.4538215887876036, 0.60268566985902272, 2.2619802458988469, 1.6356818780622975, 0.62250770068660011, 0.48216298165116123, 2.0200067078269508, 1.9724289804539945, 0.90234161157613868, 1.873306714348614, 2.5265623889911297, 2.3575920850663912, 0.72971225482042734, 0.7238912709907791, 2.4795468686910853, 2.6769486086776544, 1.8959139065126824, 0.84530261391256889, 2.3947791963216503, 1.9900369006555485, 0.086600885342699274, 1.3281957105478295, 2.2792953394432427, 1.2009636348767607, 1.416268676511838, 2.3713926935963867] } >>
<< ID: 7, SCORE: 0.179487179487 { q: [0.45683141226239132] }  { lambda: [0.59222809870165238] }  { h: [97] }  { centers: [81, 6, 51, 153, 140, 27, 137, 108, 146, 94, 62, 9, 8, 70, 12, 87, 89, 65, 68, 125, 118, 22, 99, 20, 154, 88, 35, 151, 101, 39, 75, 73, 120, 11, 40, 31, 141, 96, 116, 112, 114, 113, 26, 150, 66, 0, 45, 28, 92, 97, 136, 80, 121, 86, 142, 1, 105, 143, 14, 139, 130, 42, 122, 24, 3, 133, 117, 98, 7, 38, 53, 41, 103, 79, 77, 64, 110, 36, 119, 60, 102, 49, 63, 84, 93, 104, 78, 61, 148, 111, 126, 83, 57, 46, 44, 127, 33] }  { gammas: [2.369432299039222, 1.2737707005206342, 0.0021545692713746956, 0.2998549897652143, 0.39532465749474077, 1.7488246729249979, 2.1782486639584233, 0.84962851990045996, 0.77685910104768285, 0.54715634593197093, 1.9909542330869363, 1.930711545732164, 1.0201946899286098, 0.29078827123003337, 1.6495087044709558, 0.99147536130983127, 2.5153375174088666, 1.7674531035747161, 2.2577959718756366, 0.59307512453979294, 2.2907988941648707, 1.6470281827324003, 2.8496409964580791, 1.3043807759902655, 1.6487814868307322, 0.39236203892104449, 2.4402829551570484, 2.8718128465620869, 1.612597176151408, 2.7933496072875577, 2.5085333649934478, 1.9027183533612515, 1.7517428367415429, 0.030915028077947659, 1.6289484658182936, 2.6195892316500324, 1.3603750400304433, 2.1128489830962991, 2.2418713879720835, 1.2614522499404419, 1.5012779370567129, 0.69584140019221008, 2.2844808771064935, 0.78965574039349185, 0.50944465405517469, 1.2693999980562123, 0.72393583568238939, 1.0063023034142178, 0.79201814061866893, 1.6467436281195278, 2.1152338305590703, 2.9121719006085378, 0.67159747655311519, 0.86236862634606148, 1.7056375466200366, 1.8308706598028817, 1.8194745477082059, 0.24659594795555018, 1.0858898353626767, 0.83207759384725344, 1.302685915024802, 2.7980857353353157, 0.72438140117757632, 0.98610773031303267, 0.31072576683748443, 1.8337006146632797, 1.0224345743329013, 0.74955940385414876, 1.9385460338112033, 2.4355450655048672, 2.8118115356301847, 2.9610401331832104, 2.2558133953780772, 1.0297963094641436, 2.4804314891167567, 0.46589872011523847, 2.414759476266334, 1.7488190180862953, 1.3283179384427954, 0.78145484451038971, 0.11548866568272087, 2.3708920503268054, 1.4508117998379579, 1.2819524006069751, 2.8554526529507256, 1.7924791616622349, 1.5296201844414039, 0.14592053300458485, 1.6610838769387601, 0.95976734287594789, 2.1389741149583945, 1.3762164621666853, 1.5205885709764535, 0.98113290305184997, 0.25062994776503122, 2.4278419036137349, 2.2110555484388179] } >>
<< ID: 8, SCORE: 0.846153846154 { q: [1.6194241551446684] }  { lambda: [1.5631919018543237] }  { h: [32] }  { centers: [46, 39, 62, 96, 18, 0, 21, 36, 50, 53, 107, 72, 111, 106, 66, 5, 33, 90, 153, 151, 45, 124, 60, 120, 85, 103, 97, 40, 100, 15, 17, 19] }  { gammas: [0.11977060928990313, 2.2682187537211473, 0.64919929794406173, 2.2149879675030753, 1.5330615504881147, 2.5806381552444173, 2.1474663270527996, 2.6215893934309134, 0.072610504059458236, 2.2811805051219616, 2.3433461462008798, 0.14245150834471076, 2.1180163888470149, 2.3079516021970541, 1.3002718030305669, 2.8095760552542872, 1.2744399472723302, 0.076976514859763978, 2.3398713357601695, 1.2092802989402975, 0.24221069694517761, 2.4519439948626962, 1.5604542735437197, 2.8886985357228596, 0.064001549882278796, 2.8827898467661059, 1.1221425290488609, 2.3527445435612568, 1.4464274039770002, 2.6213244690037683, 1.702866272720978, 1.4259679707706634] } >>
<< ID: 9, SCORE: 0.794871794872 { q: [-1.6469407787027721] }  { lambda: [1.2174724088399524] }  { h: [72] }  { centers: [23, 54, 110, 46, 74, 78, 77, 121, 69, 90, 18, 125, 76, 9, 21, 148, 139, 6, 53, 95, 144, 151, 73, 86, 7, 57, 112, 80, 56, 146, 96, 72, 58, 94, 92, 63, 111, 52, 150, 10, 137, 99, 107, 19, 17, 106, 143, 128, 27, 30, 28, 138, 79, 25, 65, 48, 91, 149, 51, 93, 117, 134, 47, 66, 100, 2, 60, 38, 130, 0, 31, 1] }  { gammas: [1.3403373550936708, 1.8001076714973383, 2.7502239904849066, 2.8069925770977164, 2.5686342266674131, 0.51341701060227818, 2.7398288053306281, 2.7030265755763621, 1.4886374398981204, 1.3500307111232657, 2.204880162634995, 1.8748315224221477, 1.7782796140970025, 2.47008195964264, 0.67625082996839647, 0.69313367209989796, 2.7949816995372991, 2.1539430786504039, 0.52712804866660623, 2.8862233502459143, 1.8542130083617347, 0.79914859902017177, 2.551870938779417, 2.0358141470170299, 1.9351415381597905, 1.9103998106880133, 2.3458699768067857, 2.0797773511324289, 2.8713893312398859, 1.9204231413401556, 1.8768224931548634, 0.78306389267575782, 1.2034954489087235, 1.1698945116221817, 2.1709558763339851, 1.7600232276053114, 2.4728356857951779, 0.89230930004350362, 1.9166583354240276, 0.3976749654334274, 2.8993110675386644, 2.4819970090351093, 2.6120683936471476, 2.2404519893941903, 2.0139275462275208, 2.6430791260689324, 2.8977702892592263, 1.9130608095832373, 2.5619276212482891, 0.32111003325642729, 2.596681991292888, 0.53995074648862307, 0.5242868175991956, 0.94259113778607206, 0.38897891456534117, 0.52898363376805135, 1.4122878842397277, 1.1849505803919698, 1.0187104130204383, 1.9042133605224167, 0.11450505300685099, 2.3763281991965362, 2.1211533823770163, 0.24500297919281278, 0.44388502416343356, 2.1985999604990303, 1.7011580108625401, 1.9569286402651254, 1.5319527739959125, 0.24772785298596167, 0.408843365885319, 2.9641099688953436] } >>
<< ID: 10, SCORE: 0.820512820513 { q: [1.2516192373546422] }  { lambda: [1.9641435396107623] }  { h: [28] }  { centers: [28, 120, 146, 37, 15, 31, 53, 74, 142, 11, 83, 108, 50, 23, 136, 141, 30, 62, 64, 110, 105, 89, 104, 52, 118, 21, 150, 12] }  { gammas: [1.2087065323685819, 2.8114653616612193, 1.9452089427621648, 1.615464964451826, 2.3072007792821401, 2.5257224230592552, 0.47049077185668731, 0.95872215226575108, 2.0709981289392845, 0.52840548496669693, 1.2357339447447802, 1.0987257364080563, 2.2734849450690895, 2.6098498730242858, 2.2318607498728094, 0.48369433765587844, 1.2401699095332084, 1.5796968585503308, 0.34683202845113636, 1.6969756041379118, 1.2612371181894604, 2.1519787007013971, 2.5228569073612315, 0.79710205247544408, 0.81345809791342416, 0.86521808131278399, 2.916158981232214, 1.7520712471855093] } >>
<< ID: 11, SCORE: 0.74358974359 { q: [0.50898722837847243] }  { lambda: [0.95372443743633029] }  { h: [3] }  { centers: [119, 92, 73] }  { gammas: [2.6153783403603197, 2.0627766029180328, 2.2204771051656413] } >>
<< ID: 12, SCORE: 0.846153846154 { q: [0.1078352789288755] }  { lambda: [1.678753716988802] }  { h: [42] }  { centers: [73, 88, 17, 119, 89, 18, 100, 150, 10, 149, 37, 44, 125, 15, 123, 64, 20, 54, 31, 84, 137, 78, 76, 153, 146, 58, 62, 12, 116, 70, 66, 35, 8, 79, 52, 97, 107, 2, 129, 50, 14, 126] }  { gammas: [1.1792272074048453, 0.85586489664957022, 0.98440621284976548, 1.4935747064855318, 2.1828305927368135, 0.32468189453400209, 1.4337319243207034, 0.85789786992831374, 2.6530720161813361, 2.7295850106611748, 0.28643419561275418, 1.0355230136943028, 1.1860799559900612, 0.85852241281546193, 1.8274491777171002, 0.84799243362696641, 1.0129764506606227, 1.2568869761172703, 1.6237174186223928, 1.705636699131877, 1.1072991811283064, 0.22350754685111474, 0.81272861297032084, 2.0269524252676923, 1.2849890029183708, 2.5976507279541901, 1.1228657729961879, 1.0776522636173131, 1.3243966968365606, 1.5785754042493305, 1.7261251128121708, 2.6979492097898321, 0.41543608399057474, 1.782529090539124, 0.49318049935705222, 0.74192519877017171, 0.289395558911266, 0.65174868855859802, 1.3730568500307401, 1.7064029830407308, 2.2727284860011059, 1.3236319435434778] } >>
<< ID: 13, SCORE: 0.74358974359 { q: [-0.15845653457521683] }  { lambda: [1.1471187325809491] }  { h: [79] }  { centers: [43, 144, 9, 50, 37, 59, 63, 111, 119, 26, 31, 20, 67, 45, 114, 17, 79, 55, 153, 110, 35, 86, 33, 65, 106, 46, 51, 69, 77, 98, 22, 152, 99, 92, 32, 27, 44, 125, 134, 6, 108, 4, 1, 52, 137, 57, 74, 141, 113, 104, 40, 123, 96, 72, 25, 24, 28, 68, 89, 91, 47, 80, 36, 136, 66, 145, 135, 18, 103, 140, 88, 146, 2, 87, 149, 81, 10, 71, 101] }  { gammas: [1.0811632774760538, 2.1700836100465111, 1.9383282844880634, 0.62650953678920496, 1.1123088704731829, 2.8608108580792133, 2.7650535830521132, 0.45281852999578587, 1.9898816644992596, 2.657761786003066, 1.0565556078085694, 1.7467652788115133, 1.9344583311850538, 0.15476709132741295, 2.3087463094195995, 2.8183163402433462, 2.3255761524202878, 1.1670762336580665, 2.1339742389111374, 0.49505504758833674, 2.7780335157550553, 2.5787665013549703, 1.329071631098824, 0.26575626018763432, 1.8768566001558664, 0.95360143997504609, 2.6584578215102668, 0.26873857435895376, 2.6854867106628744, 2.3990661155522437, 0.19214913750205809, 2.2230042844571987, 0.19308933164577569, 2.9177234651749662, 1.303185930488227, 0.81936147128133152, 2.5625352000704753, 0.64196241443514479, 0.87455823096268004, 1.6977490711092584, 0.4243691982756681, 1.7417683527375274, 0.19976507293657519, 0.9143551477141455, 2.4213727786707566, 1.0525472768762918, 2.7723961482962309, 2.5691046053040738, 2.0860953123795114, 1.5513461229798069, 2.7760192068669647, 2.2081463758161379, 1.532540973076888, 1.370374615787884, 2.4482830067432868, 2.3539397881718376, 1.6571778431141615, 2.4488532899657063, 1.4722593620818618, 2.2825204127934349, 0.64401140211034591, 2.1859676421719758, 0.072179959188623632, 2.899770959783305, 1.1192350475498807, 2.4697726557135384, 2.0225653179737151, 0.092941770084152942, 0.65801409774968977, 1.4193353389939514, 0.28251127851459279, 1.5691041403833643, 0.11943382027932958, 2.385346619550365, 0.0032191682515836373, 0.41923957347925833, 2.3372083711486464, 1.2586931854238725, 1.7609246803879399] } >>
<< ID: 14, SCORE: 0.769230769231 { q: [-0.087444015719550711] }  { lambda: [1.7052999976952912] }  { h: [69] }  { centers: [118, 29, 49, 45, 3, 11, 31, 60, 13, 40, 82, 122, 50, 135, 32, 35, 102, 121, 126, 19, 55, 67, 143, 21, 130, 99, 138, 119, 77, 75, 38, 111, 132, 136, 12, 63, 123, 30, 125, 91, 39, 78, 127, 1, 18, 83, 97, 134, 43, 133, 42, 95, 146, 16, 154, 64, 59, 5, 86, 37, 110, 152, 57, 109, 71, 120, 124, 90, 150] }  { gammas: [1.3114063098642537, 2.7145381171490386, 2.3703361117328416, 0.027406294196313796, 1.3849461351158761, 0.21331942982879737, 2.7226962514430966, 2.427097279388847, 0.087884574352561917, 0.98586813091441983, 0.89983025401450945, 0.83736690131715852, 2.4409851844328192, 2.2777115293369987, 1.7118874928789376, 2.4525645132310907, 2.250744278386577, 2.06226388861805, 1.2577866059949074, 2.1775007533479616, 2.0139088886490941, 1.2405849328249916, 1.02231421905367, 1.4707394061966623, 0.51721664584407212, 2.8519216116253725, 0.25801656378686566, 2.6524260431863929, 2.1336390655318525, 1.8942339192786757, 2.630192522754021, 1.4998318047222852, 1.0124856244572129, 1.6639288934590097, 0.011972944074406744, 0.16023998187639732, 0.56219774035417291, 1.5349051670784184, 0.53341110123407187, 0.67690370641725617, 0.66368589684860679, 0.72825124859397428, 0.47456300661037809, 0.26533154403956316, 1.0912399283944687, 2.9426883610438557, 0.25529065689059938, 1.2607924711380813, 1.9809524759666617, 1.3847687988713924, 1.0428349593629302, 1.7360001619564631, 1.7753054161055231, 0.58607138427141969, 1.7148489705506047, 2.8872367919429993, 1.6091506600966592, 0.24022096471503218, 0.36285292283943482, 1.0838801260689372, 2.7405566231946921, 2.9230398893762191, 2.5020491505181752, 2.978326583506675, 2.637967294286093, 1.9741794361251042, 0.9628256535178662, 2.3616268885990537, 1.1072208102367003] } >>
<< ID: 15, SCORE: 0.230769230769 { q: [-2.0058784441574136] }  { lambda: [0.26952740591950874] }  { h: [94] }  { centers: [59, 71, 148, 89, 78, 121, 124, 35, 55, 128, 12, 118, 22, 133, 63, 114, 96, 33, 30, 130, 79, 81, 99, 109, 44, 27, 103, 125, 72, 21, 120, 113, 136, 112, 49, 87, 67, 36, 95, 26, 122, 61, 144, 154, 65, 15, 37, 84, 62, 131, 48, 46, 100, 54, 53, 31, 138, 143, 119, 146, 38, 7, 34, 0, 23, 76, 90, 18, 116, 2, 104, 13, 132, 69, 102, 74, 126, 43, 145, 70, 5, 88, 6, 17, 97, 117, 137, 139, 129, 142, 10, 110, 86, 93] }  { gammas: [0.9083485976702742, 1.0216082908297386, 0.085153624007564654, 2.8181925159962966, 2.7925566675515952, 1.5871576076369056, 1.6074852708103082, 2.3659998667848106, 1.4297824038869993, 0.44855883644595451, 2.7401621021121816, 0.84244900151302704, 0.87987512873716611, 1.4476650495097347, 0.48245994030417561, 2.7060049511037034, 0.93189155465424522, 2.3298505145560142, 0.85972739011759958, 0.16733488493750626, 0.12316070929363665, 0.42764094633645433, 0.23827443434746209, 2.6857879616530469, 2.8389369663196384, 0.17240247432426281, 1.6194431749198881, 0.13390848507592112, 2.6468826642685062, 2.1957567340110362, 2.2363758333151664, 0.28012497118969915, 1.4616653473390262, 0.45316768906324156, 2.0944859960471209, 1.9214056752664856, 2.838179692789478, 0.035985207630650273, 1.9178937718157636, 0.31903375539486112, 1.4664334482815393, 1.5768471149564531, 1.3668172306021003, 1.520256021639844, 1.1240874129124876, 1.016470185193119, 0.66444253736438497, 0.2622248284663623, 0.608223365716832, 1.4703954218899939, 0.77491329166823864, 2.8897518112382587, 2.6414531580617715, 2.2972821742872558, 0.61740234015015427, 1.4079971349748188, 1.1537070265856748, 0.025839701099354184, 0.059813784102803247, 1.8195317158513, 2.5787841243419365, 2.5188300190365904, 2.3840382856050777, 2.9841652295076893, 0.03822860784089599, 0.11920139456525081, 2.7441734759108369, 2.587331750731785, 1.0264335008436336, 1.5586073531373894, 2.6404549896794469, 0.88631856640754036, 0.55686707252937984, 0.94996074229713479, 2.7182114733193767, 2.8208497421483587, 1.639131752917788, 2.9246785794506884, 0.19828062897873777, 0.27572756453634972, 0.70092072611039635, 1.7277135757503261, 1.6264671502492372, 2.9233206687020639, 2.1391322500891743, 0.44303681823599916, 2.2067319343617688, 1.9358478832214034, 1.3841698431871836, 2.1455275064416326, 2.8495748893320041, 0.57452379172183499, 0.20582636152925082, 2.6516163857603452] } >>
<< ID: 16, SCORE: 0.820512820513 { q: [-0.34298054172302594] }  { lambda: [0.36777394362048788] }  { h: [4] }  { centers: [57, 147, 7, 60] }  { gammas: [0.52203150360377915, 0.52074122331336381, 1.4379325172271895, 1.768099911987264] } >>
<< ID: 17, SCORE: 0.717948717949 { q: [2.1007852453270504] }  { lambda: [0.41334772031403033] }  { h: [66] }  { centers: [77, 125, 138, 41, 149, 150, 18, 99, 136, 146, 37, 58, 116, 139, 117, 89, 134, 131, 24, 64, 79, 21, 4, 107, 30, 66, 78, 88, 102, 33, 48, 3, 1, 60, 13, 154, 109, 153, 22, 23, 115, 68, 124, 140, 128, 111, 97, 27, 34, 38, 46, 87, 121, 15, 31, 59, 10, 70, 147, 71, 7, 151, 112, 63, 141, 132] }  { gammas: [1.587632279926475, 2.3070010653285808, 1.7873838004396572, 2.9991945255984613, 1.2044116125856461, 1.1338281117852849, 0.080829976386688651, 0.039870173142990351, 1.7451331994494945, 0.78350635144494263, 2.5480787818674657, 2.4969355509389866, 1.365711309986783, 2.8215761924038434, 0.33728973764690917, 1.8005117136975142, 1.8120776233740203, 0.3610835229135626, 0.63112677056412259, 1.8364668397564881, 2.2153199017669629, 2.2239835776161296, 2.5325181561271934, 0.75744992516086829, 1.903687256263547, 1.6313450731329922, 0.10014022999605177, 0.9016364331299066, 1.9351969571107159, 2.9277518471557631, 1.3384049534074411, 1.784062001492968, 0.0070347179724454811, 0.021312739085655008, 0.20177466002543509, 2.5246578573947591, 2.7340632212444813, 2.1650098920498508, 0.10690358150953383, 2.6491936323316527, 0.88473782734418449, 1.9082279908441016, 2.6109320577838862, 1.1546441002028907, 0.9123370737605313, 1.494447393060681, 1.1994692322774168, 0.029332723742754974, 1.4048996231033608, 2.529559362340462, 0.67753630487322369, 1.4382842597822856, 0.18813404039264692, 2.4922810828723549, 2.8865477871317968, 2.1066275469631748, 0.2087945941080589, 1.603302992558338, 2.6876732300524289, 2.9180560705158651, 1.3833795904580704, 1.963566035958924, 2.7995569745934064, 2.490636706909894, 2.6573783891715994, 2.1541300917148627] } >>
<< ID: 18, SCORE: 0.769230769231 { q: [1.7632936100542784] }  { lambda: [0.67112270237335747] }  { h: [32] }  { centers: [76, 23, 143, 26, 13, 83, 118, 58, 33, 28, 124, 113, 9, 5, 89, 99, 27, 70, 50, 115, 88, 15, 47, 0, 133, 24, 117, 30, 37, 81, 121, 21] }  { gammas: [0.32817911201935368, 0.098890368995539157, 2.2464060502605205, 0.60457032822021617, 1.9840885932170114, 1.4304511681185412, 1.8092095510946065, 0.28234675789904151, 1.5896733023027325, 2.7969914007946821, 1.0413229674446887, 0.7209836540934822, 1.9386094801557001, 1.8482167360997663, 1.4141389006229921, 1.3733658961935613, 0.39763014711477074, 0.6568013407156158, 2.8731281030400186, 2.2404712368923931, 0.75284067739533644, 2.2695040162040945, 1.8128819391486259, 0.0073830265310115273, 0.24190414819279993, 0.64108484650755015, 2.3930864946301322, 1.8627010283668066, 0.26804174046822626, 2.9351293184822134, 0.20396550416769221, 2.6772714669752853] } >>
<< ID: 19, SCORE: 0.820512820513 { q: [0.084357034965971536] }  { lambda: [0.69636953105450905] }  { h: [20] }  { centers: [115, 58, 40, 73, 114, 64, 75, 33, 26, 135, 44, 127, 139, 10, 153, 128, 123, 55, 45, 23] }  { gammas: [2.0279212396964685, 1.8039420136988795, 1.3199194258483722, 1.6743324292178761, 0.30432527983255009, 2.8766795935379026, 0.65404331820912931, 2.807004529482624, 1.4575298443405207, 0.56369930901198473, 1.646405233498855, 2.4240029475496123, 1.9847781147895702, 0.86757605182894382, 0.63764067606107278, 1.2170111716813892, 1.0747455631796643, 1.601116480635171, 1.6484601431444252, 1.1038588174579802] } >>
Generation 1
--- Selection...
--- Mutation...
--- Replacement...
Best: << ID: 139, SCORE: 0.923076923077 { q: [7.2836625120296441] }  { lambda: [0.63321352881572524] }  { h: [4] }  { centers: [57, 147, 7, 99] }  { gammas: [0.87859175470468598, 0.92791658723784187, 1.5955064282279274, 1.8766522331905497] } >>
Generation 2
--- Selection...
--- Mutation...
--- Replacement...
Best: << ID: 219, SCORE: 0.897435897436 { q: [0.50958584445676869] }  { lambda: [1.4078363986234899] }  { h: [4] }  { centers: [133, 92, 73, 93] }  { gammas: [2.8865923535238687, 2.3760374826985977, 2.5261338261413346, 0.37669582221184666] } >>
Generation 3
--- Selection...
--- Mutation...
--- Replacement...
Best: << ID: 355, SCORE: 0.923076923077 { q: [0.2360056129880132] }  { lambda: [1.4016542953902755] }  { h: [4] }  { centers: [133, 79, 73, 153] }  { gammas: [3.0, 2.0856074080869402, 1.9604023701934625, 0.27629424167879524] } >>
Generation 4
--- Selection...
--- Mutation...
--- Replacement...
Best: << ID: 448, SCORE: 0.923076923077 { q: [1.2376306537176851] }  { lambda: [1.2108391270978278] }  { h: [16] }  { centers: [95, 105, 17, 15, 1, 8, 108, 46, 81, 59, 139, 82, 53, 147, 149, 21] }  { gammas: [0.62909979088406121, 1.7232787075400016, 1.9232130630105262, 0.68491326959345167, 0.95490035226093306, 0.33256797102388597, 1.9981418784314475, 2.6176450634459947, 0.39816207953036603, 1.4539840159348354, 2.8406872775933629, 2.8879309461909544, 2.7683998202655866, 1.0092665831950951, 2.1440644152847819, 1.3708964360727238] } >>
Generation 5
--- Selection...
--- Mutation...
--- Replacement...
Best: << ID: 601, SCORE: 0.923076923077 { q: [-0.78475710154917699] }  { lambda: [1.8039820651846614] }  { h: [2] }  { centers: [87, 123] }  { gammas: [-0.65672715188681829, -0.43950296407514344] } >>
Generation 6
--- Selection...
--- Mutation...
--- Replacement...
Best: << ID: 767, SCORE: 0.923076923077 { q: [0.48231223353581609] }  { lambda: [0.75445476119396893] }  { h: [3] }  { centers: [133, 79, 73] }  { gammas: [3.0, 3.0, 3.0] } >>
Generation 7
--- Selection...
--- Mutation...
--- Replacement...
Best: << ID: 908, SCORE: 0.948717948718 { q: [10.966963033761537] }  { lambda: [1.7794267485111759] }  { h: [5] }  { centers: [119, 111, 105, 53, 113] }  { gammas: [3.0, 2.1406778171246321, 0.38833047783849961, 0.3321563387160576, 3.0] } >>
Generation 8
--- Selection...
--- Mutation...
--- Replacement...
Best: << ID: 1019, SCORE: 0.923076923077 { q: [1.2518620708633577] }  { lambda: [0.32847011174184038] }  { h: [4] }  { centers: [133, 79, 71, 138] }  { gammas: [3.0, 3.0, 1.856728810294253, 2.0263357810725067] } >>
Generation 9
--- Selection...
--- Mutation...
--- Replacement...
Best: << ID: 1172, SCORE: 0.923076923077 { q: [78.999397974035233] }  { lambda: [1.7409632120305909] }  { h: [5] }  { centers: [30, 111, 18, 93, 114] }  { gammas: [2.1880761397417103, 1.1379582177106944, 1.4968736019119071, 0.36791190356661285, 1.5954244804345659] } >>
Generation 10
--- Selection...
--- Mutation...
--- Replacement...
Best: << ID: 1301, SCORE: 0.923076923077 { q: [0.4460010146133267] }  { lambda: [1.9450540706582344] }  { h: [1] }  { centers: [119] }  { gammas: [1.9727184463425935] } >>
Generation 11
--- Selection...
--- Mutation...
--- Replacement...
Best: << ID: 1435, SCORE: 0.974358974359 { q: [1.0733046984159169] }  { lambda: [5.6596532222622571] }  { h: [4] }  { centers: [133, 111, 90, 70] }  { gammas: [1.9199038294417021, 3.0, 2.1561615604662272, 2.2556823638604602] } >>
Generation 12
--- Selection...
--- Mutation...
--- Replacement...
Best: << ID: 1661, SCORE: 0.948717948718 { q: [51.44612914456782] }  { lambda: [1.7425079228859905] }  { h: [6] }  { centers: [30, 35, 94, 53, 114, 67] }  { gammas: [1.9565067146435973, 2.2143098429697603, 1.1292155679998435, 0.34255854958525223, -5.2783895816243138, 2.0187779683244509] } >>
Generation 13
--- Selection...
--- Mutation...
--- Replacement...
Best: << ID: 1718, SCORE: 0.948717948718 { q: [-97.593240955191732] }  { lambda: [1.7048908179884108] }  { h: [5] }  { centers: [30, 35, 87, 93, 80] }  { gammas: [2.5340832115832028, 2.0504848636489741, 1.1390851889107205, 0.33540273579425839, -6.9032097480249712] } >>
Generation 14
--- Selection...
--- Mutation...
--- Replacement...
Best: << ID: 1947, SCORE: 0.923076923077 { q: [26.504255845987789] }  { lambda: [1.7453743973653688] }  { h: [4] }  { centers: [30, 35, 94, 65] }  { gammas: [2.1612800314521703, 1.8381318842652012, 1.3100429154864583, 0.33927599298652666] } >>
Generation 15
--- Selection...
--- Mutation...
--- Replacement...
Best: << ID: 2020, SCORE: 0.948717948718 { q: [-14321.985944158165] }  { lambda: [1.9679367010561013] }  { h: [5] }  { centers: [125, 35, 18, 120, 46] }  { gammas: [1.7806791491905032, 2.4848116514827723, 3.0, 0.38439671991214974, 2.1577510448992938] } >>
Generation 16
--- Selection...
--- Mutation...
--- Replacement...
Best: << ID: 2126, SCORE: 0.923076923077 { q: [-11148.069957549813] }  { lambda: [2.1673444021904293] }  { h: [6] }  { centers: [125, 35, 18, 120, 46, 38] }  { gammas: [1.9221644365939368, 2.3964918019430059, 3.0, 0.38387974790085194, 2.6033947563858408, 0.99566658314037459] } >>
Generation 17
--- Selection...
--- Mutation...
--- Replacement...
Best: << ID: 2286, SCORE: 0.923076923077 { q: [-1.8768572747371088] }  { lambda: [1.2349252845457259] }  { h: [3] }  { centers: [148, 34, 87] }  { gammas: [2.3906583331231794, -2.4443212604793354, 3.0] } >>
Generation 18
--- Selection...
--- Mutation...
--- Replacement...
Best: << ID: 2427, SCORE: 0.923076923077 { q: [27.998588112695298] }  { lambda: [1.7746585437747846] }  { h: [4] }  { centers: [13, 92, 58, 53] }  { gammas: [2.9415591210382144, 1.5969136968697124, 1.0654302628595977, 0.35092259901773382] } >>
Generation 19
--- Selection...
--- Mutation...
--- Replacement...
Best: << ID: 2543, SCORE: 0.974358974359 { q: [27.598099375369273] }  { lambda: [1.7668422195259386] }  { h: [4] }  { centers: [13, 92, 58, 53] }  { gammas: [3.0, 1.8956456410903424, 1.0532826964983495, 0.35168973381693092] } >>
Generation 20
--- Selection...
--- Mutation...
--- Replacement...
Best: << ID: 2685, SCORE: 0.897435897436 { q: [27.561545273590504] }  { lambda: [1.7728099296946485] }  { h: [4] }  { centers: [139, 92, 58, 65] }  { gammas: [3.0, 1.9861022165199591, 1.0454147766181396, 0.35424695431482295] } >>
Generation 21
--- Selection...
--- Mutation...
--- Replacement...
Best: << ID: 2940, SCORE: 0.923076923077 { q: [26.440207491093545] }  { lambda: [1.9138827285704612] }  { h: [7] }  { centers: [30, 92, 56, 53, 130, 75, 134] }  { gammas: [0.56066481013701308, 2.4527424385512777, 1.2186394608896958, 0.39242349393090326, 3.0, 2.7137073845206552, 3.0] } >>
Generation 22
--- Selection...
--- Mutation...
--- Replacement...
Best: << ID: 2966, SCORE: 0.923076923077 { q: [26.40882648355857] }  { lambda: [1.9134218575254833] }  { h: [7] }  { centers: [30, 111, 56, 53, 125, 75, 134] }  { gammas: [1.2688853736689301, 3.0, 0.71601468848525884, 0.48919456740975426, 2.8909084006146606, 1.8502253000515236, 3.0] } >>
Generation 23
--- Selection...
--- Mutation...
--- Replacement...
Best: << ID: 3104, SCORE: 0.897435897436 { q: [26.603306876864824] }  { lambda: [1.9103714471847761] }  { h: [7] }  { centers: [30, 111, 56, 53, 125, 75, 130] }  { gammas: [-0.76769999224676955, 3.0, 1.9646794535599414, 0.50707325569849682, 3.0, 1.8179359338581109, 3.0] } >>
Generation 24
--- Selection...
--- Mutation...
--- Replacement...
Best: << ID: 3285, SCORE: 0.923076923077 { q: [24.245585266634322] }  { lambda: [-3.2712188333229233] }  { h: [3] }  { centers: [13, 92, 58] }  { gammas: [2.9691269851492863, -0.87271401170879825, 0.9950695013415608] } >>
Generation 25
--- Selection...
--- Mutation...
--- Replacement...
Best: << ID: 3498, SCORE: 0.923076923077 { q: [23.764532889594292] }  { lambda: [1.9045894699184132] }  { h: [6] }  { centers: [13, 111, 58, 53, 130, 88] }  { gammas: [0.95659939306409847, 0.48917099150839805, 1.0438240744295859, 0.48653711180283699, 2.4715842725050536, 1.1720448430725621] } >>
Generation 26
--- Selection...
--- Mutation...
--- Replacement...
Best: << ID: 3522, SCORE: 0.948717948718 { q: [23.420142565337599] }  { lambda: [1.9027523644070592] }  { h: [6] }  { centers: [139, 111, 58, 53, 130, 88] }  { gammas: [0.95208523485077567, 0.60928517479525002, 0.94768626684708346, 0.47124808341720753, 2.4587419843504641, 1.2411482807824716] } >>
Generation 27
--- Selection...
--- Mutation...
--- Replacement...
Best: << ID: 3707, SCORE: 0.923076923077 { q: [-21854.251156065609] }  { lambda: [21.727680049173014] }  { h: [2] }  { centers: [154, 124] }  { gammas: [2.8792386249002169, 2.8586102407317475] } >>
Generation 28
--- Selection...
--- Mutation...
--- Replacement...
Best: << ID: 3939, SCORE: 0.923076923077 { q: [22.092721060147383] }  { lambda: [1.9088267922094664] }  { h: [7] }  { centers: [139, 92, 56, 65, 125, 98, 63] }  { gammas: [0.85194748798371067, 0.16652618570179462, 0.15859125564923815, 0.43848506803856496, 2.0055701212209778, 1.8119441508016727, 0.095181778423563956] } >>
Generation 29
--- Selection...
--- Mutation...
--- Replacement...
Best: << ID: 4060, SCORE: 0.923076923077 { q: [25.903731815589691] }  { lambda: [1.9475135913448376] }  { h: [5] }  { centers: [139, 111, 58, 53, 132] }  { gammas: [0.96102814288879246, 0.097400762647924966, 1.4155833737874668, 0.42669603013539686, 0.73948159352493459] } >>
Generation 30
--- Selection...
--- Mutation...
--- Replacement...
Best: << ID: 4127, SCORE: 0.923076923077 { q: [24.725653925557985] }  { lambda: [1.9131770752148152] }  { h: [7] }  { centers: [13, 111, 56, 65, 130, 129, 125] }  { gammas: [-5.9961664149753027, -1.9988638901934124, -0.62363511766811763, 0.63079559118277007, 3.0, -4.4920277744819721, 2.4363495762735092] } >>
Generation 31
--- Selection...
--- Mutation...
--- Replacement...
Best: << ID: 4253, SCORE: 0.948717948718 { q: [24.744265179112251] }  { lambda: [1.9138994400537674] }  { h: [7] }  { centers: [13, 92, 56, 65, 130, 95, 30] }  { gammas: [3.0, -14.475449297336834, -2.2030386561676618, 0.5435431168239393, 1.051007930310687, -1.0961899578581247, -9.2084225736576393] } >>
Generation 32
--- Selection...
--- Mutation...
--- Replacement...
Best: << ID: 4493, SCORE: 0.948717948718 { q: [13.891188393120219] }  { lambda: [1.9190757281322903] }  { h: [3] }  { centers: [13, 92, 56] }  { gammas: [0.99934974297765267, 0.052073669760757724, -0.95623989733671222] } >>
Generation 33
--- Selection...
--- Mutation...
--- Replacement...
Best: << ID: 4585, SCORE: 0.948717948718 { q: [26.157834207106266] }  { lambda: [1.9250779305191648] }  { h: [5] }  { centers: [13, 92, 58, 53, 34] }  { gammas: [1.0502539603864707, 0.011560642769009657, 0.28047037348381726, 0.54827561497190147, 2.028261466328412] } >>
Generation 34
--- Selection...
--- Mutation...
--- Replacement...
Best: << ID: 4699, SCORE: 0.948717948718 { q: [-106.9167519097455] }  { lambda: [1.9076939659608358] }  { h: [7] }  { centers: [93, 111, 61, 53, 125, 34, 147] }  { gammas: [0.65561491368797753, -0.24802037479767672, 0.33774422060973897, 0.45027816244469121, 2.4242642948896207, 2.926390693594743, -0.4202915739136156] } >>
Generation 35
--- Selection...
--- Mutation...
--- Replacement...
Best: << ID: 4790, SCORE: 0.923076923077 { q: [26.949253810032669] }  { lambda: [1.9141140783608104] }  { h: [8] }  { centers: [0, 92, 58, 53, 125, 95, 13, 31] }  { gammas: [-13.139850494148998, -12.208858455434209, -4.6741951162259561, 0.48880197228860617, 2.7838880962668613, 1.3628912848335526, 3.0, -0.30517300523561897] } >>
Generation 36
--- Selection...
--- Mutation...
--- Replacement...
Best: << ID: 5014, SCORE: 0.923076923077 { q: [-16996.783784991057] }  { lambda: [174.90493134001062] }  { h: [2] }  { centers: [124, 67] }  { gammas: [3.0, 1.9110142380858597] } >>
Generation 37
--- Selection...
--- Mutation...
--- Replacement...
Best: << ID: 5156, SCORE: 0.948717948718 { q: [24.729332686634859] }  { lambda: [1.8642436982000246] }  { h: [6] }  { centers: [139, 111, 58, 53, 130, 129] }  { gammas: [3.0, -30.187350254927406, -2.6806589222508106, 0.076208905978348507, 3.0, 0.83436688574961249] } >>
Generation 38
--- Selection...
--- Mutation...
--- Replacement...
Best: << ID: 5235, SCORE: 0.948717948718 { q: [24.779964135499437] }  { lambda: [1.9148407608942837] }  { h: [9] }  { centers: [13, 111, 58, 53, 151, 129, 125, 90, 142] }  { gammas: [3.0, -139.72905674771863, 3.0, 0.76381125319403342, 1.7947948748980611, -4.7175938694047312, 3.0, 0.58575842387495436, 2.7726468950496601] } >>
Generation 39
--- Selection...
--- Mutation...
--- Replacement...
Best: << ID: 5386, SCORE: 0.948717948718 { q: [24.710847456571667] }  { lambda: [1.8682994572681846] }  { h: [7] }  { centers: [139, 92, 58, 53, 130, 129, 42] }  { gammas: [3.0, -28.577983541710466, -5.298075554903324, 0.0261598814398133, 2.6276733087838715, 1.3467905732926331, 2.6856625437656199] } >>
Generation 40
--- Selection...
--- Mutation...
--- Replacement...
Best: << ID: 5494, SCORE: 0.923076923077 { q: [-121.59960819836188] }  { lambda: [1.9092749320227911] }  { h: [7] }  { centers: [93, 111, 145, 53, 12, 123, 63] }  { gammas: [0.71737162527655329, -0.72857399275025947, -0.0481641767249327, 0.44953057915041728, 2.0170027982306515, 1.3712471751891289, 1.364410625059272] } >>
Generation 41
--- Selection...
--- Mutation...
--- Replacement...
Best: << ID: 5704, SCORE: 0.923076923077 { q: [6.3835924889929636] }  { lambda: [1.9148825576773703] }  { h: [10] }  { centers: [105, 111, 56, 53, 30, 109, 147, 106, 3, 50] }  { gammas: [0.54191764598794534, 0.73720602878355823, 0.38291571710122252, 0.4347143963012271, 2.374386802472455, 2.5508573862500028, 1.3648718915185096, -0.58476547238931909, 0.82739840679335552, 0.7865526810348904] } >>
Generation 42
--- Selection...
--- Mutation...
--- Replacement...
Best: << ID: 5832, SCORE: 0.948717948718 { q: [-58.057839389816777] }  { lambda: [1.91016238151799] }  { h: [6] }  { centers: [93, 111, 145, 140, 12, 123] }  { gammas: [0.62647005512596976, 0.63729838267796635, 0.1000622617268131, 0.45853931691594951, 2.4161486767522455, 2.3405815732409678] } >>
Generation 43
--- Selection...
--- Mutation...
--- Replacement...
Best: << ID: 5966, SCORE: 0.923076923077 { q: [24.641259951246493] }  { lambda: [1.913702601969353] }  { h: [7] }  { centers: [139, 111, 56, 53, 30, 95, 13] }  { gammas: [-35.304318276160679, -29.771376223683415, -3.3033335488787987, 0.86048917882518572, 1.247847369704286, -17.224454853301289, 2.0513060447055986] } >>
Generation 44
--- Selection...
--- Mutation...
--- Replacement...
Best: << ID: 6047, SCORE: 0.923076923077 { q: [24.636845269172312] }  { lambda: [1.9136850382738992] }  { h: [8] }  { centers: [139, 111, 58, 53, 30, 129, 13, 79] }  { gammas: [-35.293968533787229, -4.1998549342223441, -4.1918692432905704, 0.79736855910739735, 2.4938225844162938, -15.120333789754334, -1.2596131096292038, -0.16280828490311439] } >>
Generation 45
--- Selection...
--- Mutation...
--- Replacement...
Best: << ID: 6189, SCORE: 0.897435897436 { q: [24.636571254614061] }  { lambda: [1.9137032307702471] }  { h: [7] }  { centers: [139, 92, 56, 65, 119, 95, 41] }  { gammas: [-43.58588570504655, -68.379572360442424, -5.14267484890064, 0.78188187915810548, 2.1433270061081404, -16.457893815259908, 3.0] } >>
Generation 46
--- Selection...
--- Mutation...
--- Replacement...
Best: << ID: 6360, SCORE: 0.897435897436 { q: [-121.8523401475333] }  { lambda: [1.9092732747471532] }  { h: [6] }  { centers: [120, 111, 80, 53, 125, 123] }  { gammas: [0.73959347036887257, -0.92300044007971671, 0.25228368022756803, 0.43893992642956975, 2.1289963412027144, 1.677816831059928] } >>
Generation 47
--- Selection...
--- Mutation...
--- Replacement...
Best: << ID: 6542, SCORE: 0.923076923077 { q: [24.328454285876944] }  { lambda: [1.9139353332149931] }  { h: [5] }  { centers: [13, 111, 58, 65, 125] }  { gammas: [0.9572465667321115, -55.186191628266918, -5.6329532504395701, 0.46564132626787758, 0.26604675292706248] } >>
Generation 48
--- Selection...
--- Mutation...
--- Replacement...
Best: << ID: 6608, SCORE: 0.923076923077 { q: [-122.69665168055063] }  { lambda: [1.9091534062603763] }  { h: [8] }  { centers: [120, 85, 145, 53, 12, 34, 137, 35] }  { gammas: [0.93809534384797288, -0.29633316920100478, 0.32194366831914029, 0.4392260203014719, 2.0216593886102157, 1.1457749667761268, 0.90319599705286779, 3.0] } >>
Generation 49
--- Selection...
--- Mutation...
--- Replacement...
Best: << ID: 6759, SCORE: 0.948717948718 { q: [24.330566814974873] }  { lambda: [1.9139346372539632] }  { h: [5] }  { centers: [13, 111, 58, 65, 125] }  { gammas: [3.0, -53.880454632338704, -5.6707275625257791, 0.45436256903531902, -0.22721236519215254] } >>
Generation 50
--- Selection...
--- Mutation...
--- Replacement...
Best: << ID: 6887, SCORE: 0.948717948718 { q: [24.145158963860904] }  { lambda: [1.9139344836278069] }  { h: [5] }  { centers: [139, 111, 58, 65, 125] }  { gammas: [-50.149845819419646, -51.046139070427394, -5.9728600056874921, 0.43920924846911269, -0.20581849973540303] } >>
Generation 51
--- Selection...
--- Mutation...
--- Replacement...
Best: << ID: 7028, SCORE: 0.923076923077 { q: [-121.57725543268084] }  { lambda: [1.9092424422738357] }  { h: [6] }  { centers: [93, 111, 80, 140, 125, 123] }  { gammas: [0.80918666474875189, -1.7372523000961853, -0.20305339720374654, 0.41872107722372826, 1.238640329465408, 1.8728603111489122] } >>
Generation 52
--- Selection...
--- Mutation...
--- Replacement...
Best: << ID: 7225, SCORE: 0.923076923077 { q: [24.62584692937741] }  { lambda: [1.9137009319863494] }  { h: [8] }  { centers: [139, 92, 58, 53, 119, 95, 13, 49] }  { gammas: [-10.842815472672157, 3.0, -2.0159631801712523, 0.735966978439063, -9.4833720758064342, -32.947578666615001, -0.6069711328265659, 3.0] } >>
Generation 53
--- Selection...
--- Mutation...
--- Replacement...
Best: << ID: 7340, SCORE: 0.923076923077 { q: [-121.70210784152457] }  { lambda: [1.9092424631088472] }  { h: [5] }  { centers: [93, 111, 145, 53, 125] }  { gammas: [0.71534127870402342, -1.779804921849877, -0.25439127145866747, 0.41670946970356454, 1.1501974300185933] } >>
Generation 54
--- Selection...
--- Mutation...
--- Replacement...
Best: << ID: 7442, SCORE: 0.923076923077 { q: [-121.82626417099146] }  { lambda: [1.9092424796574794] }  { h: [5] }  { centers: [93, 111, 145, 53, 125] }  { gammas: [0.72015897693261299, -1.8142426330024259, -0.2641547567502941, 0.417200540045635, 1.1537861747953571] } >>
Generation 55
--- Selection...
--- Mutation...
--- Replacement...
Best: << ID: 7714, SCORE: 0.974358974359 { q: [24.636494740358543] }  { lambda: [1.9136816507740246] }  { h: [7] }  { centers: [0, 111, 58, 53, 119, 95, 139] }  { gammas: [-26.400772477889987, 3.0, -0.79707108037006436, 0.59400025352852404, 1.6873423112162957, -31.886376023924441, -13.511100412825556] } >>
Generation 56
--- Selection...
--- Mutation...
--- Replacement...
Best: << ID: 7843, SCORE: 0.923076923077 { q: [-121.26370031446658] }  { lambda: [1.9092424509832884] }  { h: [6] }  { centers: [120, 111, 80, 140, 12, 123] }  { gammas: [0.72561143193267341, -1.7485176404763807, -0.32419386933619215, 0.41623159754223121, 1.1919845493546719, 0.30683972038893348] } >>
Generation 57
--- Selection...
--- Mutation...
--- Replacement...
Best: << ID: 7931, SCORE: 0.948717948718 { q: [-121.25752262982581] }  { lambda: [1.9092424686190592] }  { h: [8] }  { centers: [93, 111, 145, 140, 12, 123, 11, 133] }  { gammas: [0.64874487571833517, -1.7701033776514596, -0.18350190890911144, 0.41614656276853673, 1.1832128419555419, 0.22751280417479786, 1.355488788120814, 1.1941204425507248] } >>
Generation 58
--- Selection...
--- Mutation...
--- Replacement...
Best: << ID: 8122, SCORE: 0.923076923077 { q: [-120.26309688480653] }  { lambda: [1.9092425173074392] }  { h: [7] }  { centers: [120, 111, 145, 140, 125, 123, 37] }  { gammas: [0.67831405033158521, -1.7989214649491929, -0.38865250652292227, 0.41650232670983051, 1.2095966698049501, 0.20930305826189946, 1.3110283145340809] } >>
Generation 59
--- Selection...
--- Mutation...
--- Replacement...
Best: << ID: 8194, SCORE: 0.923076923077 { q: [-121.14888924004205] }  { lambda: [1.9092424691048493] }  { h: [8] }  { centers: [93, 111, 145, 140, 12, 123, 127, 133] }  { gammas: [0.70338036782507685, -1.7736174859281093, -0.18184521992201405, 0.41625745145015919, 1.1952885378512648, 0.22715695024648325, 1.6781730569380546, -1.7684540668565152] } >>
Generation 60
--- Selection...
--- Mutation...
--- Replacement...
Best: << ID: 8291, SCORE: 0.897435897436 { q: [24.635007882006612] }  { lambda: [1.9136937034305437] }  { h: [6] }  { centers: [13, 111, 56, 65, 119, 100] }  { gammas: [-38.738079221579966, 3.0, -2.6459608522775495, 0.74407369384925759, -5.6481006496163175, 1.5779634789059878] } >>
Generation 61
--- Selection...
--- Mutation...
--- Replacement...
Best: << ID: 8435, SCORE: 0.897435897436 { q: [-121.28319517243425] }  { lambda: [1.9092424675881263] }  { h: [9] }  { centers: [120, 111, 80, 53, 12, 123, 40, 106, 57] }  { gammas: [0.66406776896805719, -1.8387368156004382, -0.35945164689337611, 0.41543727759470506, 1.1881231678193429, 0.18272675756737075, 2.7142305241934972, 0.05464686686955017, 1.3952883186342608] } >>
Generation 62
--- Selection...
--- Mutation...
--- Replacement...
Best: << ID: 8584, SCORE: 0.897435897436 { q: [24.650041878434372] }  { lambda: [1.9136716892367156] }  { h: [7] }  { centers: [0, 92, 56, 65, 119, 129, 139] }  { gammas: [-40.419296748522484, -175.87268436788474, -1.1609182465368681, 0.4531684745055653, -24.381236276740797, -22.887648196896727, 3.0] } >>
Generation 63
--- Selection...
--- Mutation...
--- Replacement...
Best: << ID: 8708, SCORE: 0.948717948718 { q: [-121.23752582471815] }  { lambda: [1.9092424506929739] }  { h: [8] }  { centers: [93, 35, 80, 140, 12, 123, 141, 32] }  { gammas: [0.72743133159400841, -1.4880355251665163, -0.061235852766198112, 0.41653403725973848, 1.1858574377954354, 0.66183195494662461, 2.2898794249214052, 3.0] } >>
Generation 64
--- Selection...
--- Mutation...
--- Replacement...
Best: << ID: 8906, SCORE: 0.974358974359 { q: [-121.23521625837076] }  { lambda: [1.9092424507539612] }  { h: [8] }  { centers: [93, 35, 80, 140, 12, 123, 67, 32] }  { gammas: [0.72967335434484382, -1.5525500789190487, -0.15833265682306547, 0.41654727089778554, 1.1893386576358904, 0.3328779835215353, 3.0, 2.0025695862691832] } >>
Generation 65
--- Selection...
--- Mutation...
--- Replacement...
Best: << ID: 8996, SCORE: 0.923076923077 { q: [24.634912747989215] }  { lambda: [1.9137039534167439] }  { h: [7] }  { centers: [139, 92, 58, 65, 119, 100, 104] }  { gammas: [-44.316592172491056, -0.92710451860238452, -2.7466852612866721, 0.93203841664687115, -25.281663354537752, 2.3405747967717851, -0.11418496951437621] } >>
Generation 66
--- Selection...
--- Mutation...
--- Replacement...
Best: << ID: 9232, SCORE: 0.923076923077 { q: [24.630600329348166] }  { lambda: [1.9136895765244253] }  { h: [6] }  { centers: [13, 111, 58, 53, 119, 66] }  { gammas: [-43.147653648945223, -92.207000903925064, -0.73491506064628354, 0.62690819670242193, -11.544978321748781, 0.44618987552012568] } >>
Generation 67
--- Selection...
--- Mutation...
--- Replacement...
Best: << ID: 9336, SCORE: 0.948717948718 { q: [25.464507903619182] }  { lambda: [1.9136786929620939] }  { h: [7] }  { centers: [13, 92, 56, 65, 119, 129, 24] }  { gammas: [-17.6041654530448, -152.7302489880413, -1.9216326344190529, -0.20450251672445519, -32.410583874311463, -8.2930692916325146, 1.5766401974017983] } >>
Generation 68
--- Selection...
--- Mutation...
--- Replacement...
Best: << ID: 9490, SCORE: 0.948717948718 { q: [24.635063786504428] }  { lambda: [1.9186841076354884] }  { h: [4] }  { centers: [139, 92, 56, 65] }  { gammas: [0.86368597227748367, -160.36311351244876, -0.62348766953889001, 0.94285532353999946] } >>
Generation 69
--- Selection...
--- Mutation...
--- Replacement...
Best: << ID: 9643, SCORE: 0.948717948718 { q: [24.635140032655674] }  { lambda: [1.9138343155570749] }  { h: [7] }  { centers: [139, 92, 58, 53, 13, 47, 121] }  { gammas: [2.2911510101204939, 3.0, -3.4656876044665781, 0.50085775471506766, -28.738053598097785, 0.2020083420095643, 3.0] } >>
Generation 70
--- Selection...
--- Mutation...
--- Replacement...
Best: << ID: 9732, SCORE: 0.897435897436 { q: [24.635210928141852] }  { lambda: [1.9136926165849899] }  { h: [6] }  { centers: [13, 111, 58, 53, 30, 100] }  { gammas: [-20.771878758396618, -115.93565124096978, 0.10316115254243274, 0.84398238591522567, -0.24253788471491472, -3.2301096496522517] } >>
Generation 71
--- Selection...
--- Mutation...
--- Replacement...
Best: << ID: 9833, SCORE: 0.923076923077 { q: [-95.931042015889247] }  { lambda: [1.9092420766882907] }  { h: [6] }  { centers: [58, 111, 145, 140, 125, 34] }  { gammas: [0.69968430831077566, -1.9354572971463178, 0.74244305373668973, 0.41746626764607409, 1.210879977912922, 0.18283389279284865] } >>
Generation 72
--- Selection...
--- Mutation...
--- Replacement...
Best: << ID: 10033, SCORE: 0.948717948718 { q: [24.296970022165407] }  { lambda: [1.9136903748157272] }  { h: [5] }  { centers: [139, 111, 58, 65, 30] }  { gammas: [-55.488196657137557, -84.834775029939749, -2.0754796620509794, 0.54042399486987736, 3.0] } >>
Generation 73
--- Selection...
--- Mutation...
--- Replacement...
Best: << ID: 10144, SCORE: 0.923076923077 { q: [24.636022417388734] }  { lambda: [1.9137948627968893] }  { h: [7] }  { centers: [139, 111, 56, 53, 30, 100, 64] }  { gammas: [-24.288116812526344, -178.93456764535222, -0.087982929536794083, 0.9146320853092198, 0.43999288395152997, -10.953952935792891, 0.892476497610318] } >>
Generation 74
--- Selection...
--- Mutation...
--- Replacement...
Best: << ID: 10264, SCORE: 0.897435897436 { q: [24.636391632568575] }  { lambda: [1.9152506398891382] }  { h: [1] }  { centers: [13] }  { gammas: [-11.200712368174829] } >>
Generation 75
--- Selection...
--- Mutation...
--- Replacement...
Best: << ID: 10389, SCORE: 0.923076923077 { q: [24.634717211586391] }  { lambda: [1.9137482738852181] }  { h: [5] }  { centers: [139, 92, 58, 53, 129] }  { gammas: [-44.484738050172197, 3.0, -1.1446610439505407, -0.1252189566267769, -0.12272558609833112] } >>
Generation 76
--- Selection...
--- Mutation...
--- Replacement...
Best: << ID: 10620, SCORE: 0.923076923077 { q: [-103.04295362209358] }  { lambda: [1.9092425621000688] }  { h: [8] }  { centers: [58, 35, 80, 53, 125, 123, 93, 0] }  { gammas: [0.71525541494979272, -1.735416667178505, -0.21719645807264748, 0.41729892241271771, 1.206332627014469, 0.11959705266044557, 1.087210818638237, 2.8043665281486301] } >>
Generation 77
--- Selection...
--- Mutation...
--- Replacement...
Best: << ID: 10715, SCORE: 0.948717948718 { q: [24.333911313675131] }  { lambda: [1.9136907619189685] }  { h: [7] }  { centers: [139, 111, 58, 53, 13, 136, 109] }  { gammas: [-52.805760648741071, -109.99219858700863, -5.0222976310677936, 0.56516813117426856, -9.0093444462193943, -3.1070179618516445, 2.094908454874381] } >>
Generation 78
--- Selection...
--- Mutation...
--- Replacement...
Best: << ID: 10826, SCORE: 0.897435897436 { q: [24.642784983761494] }  { lambda: [1.9399507043247706] }  { h: [8] }  { centers: [13, 111, 56, 53, 30, 100, 154, 117] }  { gammas: [-19.316092329950866, 3.0, -1.9648141583554746, 1.0055328505707029, -5.9653894115850257, -6.180702962503533, 2.3648661744856971, 2.5890012726470437] } >>
Generation 79
--- Selection...
--- Mutation...
--- Replacement...
Best: << ID: 10994, SCORE: 0.948717948718 { q: [24.640594034254182] }  { lambda: [1.9503308752033437] }  { h: [8] }  { centers: [13, 111, 56, 53, 119, 62, 154, 0] }  { gammas: [-53.474981636909767, -396.59117071773272, 0.46069421710752678, 1.0244245133392533, -8.4508501571562764, -4.7315897456018403, 2.2716900252069125, 2.1551638814933352] } >>
Generation 80
--- Selection...
--- Mutation...
--- Replacement...
Best: << ID: 11185, SCORE: 0.948717948718 { q: [24.246913226322469] }  { lambda: [1.9136938750658667] }  { h: [8] }  { centers: [0, 111, 58, 65, 139, 136, 109, 112] }  { gammas: [-58.000517640211598, -331.22699133508803, -25.925133927250336, 0.28563237543629194, 3.0, -0.43929557704258793, 2.1589473269763189, 2.0252521447896283] } >>
Generation 81
--- Selection...
--- Mutation...
--- Replacement...
Best: << ID: 11252, SCORE: 0.948717948718 { q: [24.641554810633465] }  { lambda: [1.9384662517110087] }  { h: [7] }  { centers: [139, 111, 58, 65, 119, 100, 23] }  { gammas: [-103.53157527711471, -70.12834902934361, -1.6632627197412355, 0.95456501245500192, -19.163726741320922, -3.4983457640025373, 2.2979001997029176] } >>
Generation 82
--- Selection...
--- Mutation...
--- Replacement...
Best: << ID: 11380, SCORE: 0.923076923077 { q: [27.086973334596102] }  { lambda: [1.913684046164569] }  { h: [8] }  { centers: [139, 92, 58, 53, 13, 136, 109, 25] }  { gammas: [-64.978724840924571, 3.0, -21.901291124639691, 0.49673268434118095, -5.0870694154495739, 2.5103331046428536, 1.9505933213760767, 1.5703966020108497] } >>
Generation 83
--- Selection...
--- Mutation...
--- Replacement...
Best: << ID: 11597, SCORE: 0.923076923077 { q: [24.641096398363771] }  { lambda: [1.8956020405727874] }  { h: [8] }  { centers: [139, 111, 56, 65, 119, 66, 138, 44] }  { gammas: [-47.20498701231903, 3.0, -0.83242463029964475, 0.81818112233554885, -5.8791646755398865, -1.9742351134930618, 2.0644135833265569, 2.9258955020018527] } >>
Generation 84
--- Selection...
--- Mutation...
--- Replacement...
Best: << ID: 11676, SCORE: 0.923076923077 { q: [24.641347489439873] }  { lambda: [1.9439830418313564] }  { h: [8] }  { centers: [13, 92, 56, 65, 119, 100, 23, 128] }  { gammas: [-127.32814978052764, 3.0, -1.1942023971558229, 0.91247948758056574, -19.589614192517093, -4.1057890369050707, 2.3322262372122426, 0.069473632548239017] } >>
Generation 85
--- Selection...
--- Mutation...
--- Replacement...
Best: << ID: 11832, SCORE: 0.923076923077 { q: [24.632592575478604] }  { lambda: [1.900205693933769] }  { h: [7] }  { centers: [139, 111, 58, 53, 30, 66, 138] }  { gammas: [-9.0689497497692706, -10.969529530216885, -1.8001163725545513, 1.0350772458832658, -8.1465850634957651, -5.509924348804117, 0.68539393030634621] } >>
Generation 86
--- Selection...
--- Mutation...
--- Replacement...
Best: << ID: 12034, SCORE: 0.948717948718 { q: [24.631945808679134] }  { lambda: [1.9203467367808447] }  { h: [9] }  { centers: [139, 92, 56, 53, 30, 100, 154, 117, 72] }  { gammas: [3.0, 3.0, -1.6645038690365235, 1.0353889332329158, -6.8882185034750814, -5.7314994192700972, 2.700999703053133, 2.6972339721284606, 1.5523116964067698] } >>
Generation 87
--- Selection...
--- Mutation...
--- Replacement...
Best: << ID: 12067, SCORE: 0.923076923077 { q: [24.632069023411454] }  { lambda: [1.9204377368135552] }  { h: [8] }  { centers: [139, 92, 58, 65, 30, 100, 154, 0] }  { gammas: [3.0, -162.41888537214325, -1.6599041790812243, 1.0581277997845755, -8.745586056571387, -5.8584217611507583, 2.5333225976209777, 2.7362586934949604] } >>
Generation 88
--- Selection...
--- Mutation...
--- Replacement...
Best: << ID: 12262, SCORE: 0.923076923077 { q: [24.632033337389913] }  { lambda: [1.9271264782605626] }  { h: [9] }  { centers: [13, 92, 56, 53, 30, 66, 154, 117, 72] }  { gammas: [-3.3393487105025801, -119.61268547769174, -1.6320626178027258, 0.90496529776223478, -12.306616650347113, -5.949379548552499, 2.1150684864096934, 2.7166173486039886, 1.2956490206441122] } >>
Generation 89
--- Selection...
--- Mutation...
--- Replacement...
Best: << ID: 12358, SCORE: 0.897435897436 { q: [24.632297738865265] }  { lambda: [2.1975888029246415] }  { h: [7] }  { centers: [139, 111, 56, 65, 119, 66, 138] }  { gammas: [-6.0978379553258861, 3.0, -1.6523388109344197, 1.1194729341241914, -1.4936933525782983, -6.4342274377551378, 3.0] } >>
Generation 90
--- Selection...
--- Mutation...
--- Replacement...
Best: << ID: 12556, SCORE: 0.923076923077 { q: [24.641402152437998] }  { lambda: [1.9402103290643207] }  { h: [7] }  { centers: [139, 111, 56, 65, 30, 100, 72] }  { gammas: [-148.47256688709044, -66.561248299678155, -2.2403731458173741, 0.78127186424746398, -130.28427706852048, -4.3699993479109995, 2.1145333333739109] } >>
Generation 91
--- Selection...
--- Mutation...
--- Replacement...
Best: << ID: 12643, SCORE: 0.923076923077 { q: [24.644930524097457] }  { lambda: [1.943241292764619] }  { h: [8] }  { centers: [139, 111, 56, 65, 119, 66, 23, 129] }  { gammas: [3.0, 3.0, -1.1127907418734539, 0.67534883324057904, -22.618103115548994, -4.5132773739770746, 1.5563053181701139, -0.87737246701701077] } >>
Generation 92
--- Selection...
--- Mutation...
--- Replacement...
Best: << ID: 12778, SCORE: 0.923076923077 { q: [24.631621421674151] }  { lambda: [1.9464373471865961] }  { h: [9] }  { centers: [139, 111, 58, 53, 13, 100, 154, 117, 86] }  { gammas: [-2.9785673690887795, -28.062468272546919, -1.7793107346345818, 0.84523049013401286, -7.0313488798517838, -5.7754699172329174, 2.8230042504674695, 2.6865906038442744, 0.30176045191521772] } >>
Generation 93
--- Selection...
--- Mutation...
--- Replacement...
Best: << ID: 12928, SCORE: 0.923076923077 { q: [24.633335055597218] }  { lambda: [1.963783648525931] }  { h: [8] }  { centers: [139, 111, 58, 53, 13, 66, 154, 0] }  { gammas: [3.0, -20.418391856480579, -1.7010207159016955, 1.0244723942816392, -9.2938812324974531, -5.7104604718369227, -3.2502461799527644, 2.556681945933923] } >>
Generation 94
--- Selection...
--- Mutation...
--- Replacement...
Best: << ID: 13101, SCORE: 0.923076923077 { q: [24.641403497391984] }  { lambda: [1.9504578279318148] }  { h: [8] }  { centers: [13, 111, 56, 53, 30, 66, 72, 62] }  { gammas: [-88.509386992391853, -30.049632786308727, 0.91224611730205241, 1.0082051996949652, -108.24217903825033, -2.8801547145906352, 2.346232665433476, 2.3638855829009575] } >>
Generation 95
--- Selection...
--- Mutation...
--- Replacement...
Best: << ID: 13222, SCORE: 0.923076923077 { q: [24.643450374436451] }  { lambda: [1.9431381646787873] }  { h: [8] }  { centers: [139, 111, 56, 53, 30, 100, 140, 114] }  { gammas: [-56.577384438485609, -106.57675550580966, -1.9158966805705884, 0.61111969503527908, -13.276329379219511, -12.163587029658089, -0.90126976044420704, 0.199918548230613] } >>
Generation 96
--- Selection...
--- Mutation...
--- Replacement...
Best: << ID: 13334, SCORE: 0.897435897436 { q: [24.641399776791019] }  { lambda: [1.9597783758310314] }  { h: [7] }  { centers: [139, 92, 56, 53, 41, 66, 72] }  { gammas: [-55.602315648891363, -46.465548896165316, 0.49151845212405521, 1.0179768042593582, -138.47725828358713, -3.0346536040083745, 2.3744563968427759] } >>
Generation 97
--- Selection...
--- Mutation...
--- Replacement...
Best: << ID: 13492, SCORE: 0.948717948718 { q: [24.630208218948059] }  { lambda: [1.9603010440631168] }  { h: [9] }  { centers: [0, 111, 58, 53, 13, 100, 138, 117, 81] }  { gammas: [-0.50144860987529283, -10.054646510027538, -1.9897194979032435, 1.0703271632764992, 1.4539396841868104, -5.4996000170512307, -4.2790292099071925, 2.5817226691935682, 2.3971549474343652] } >>
Generation 98
--- Selection...
--- Mutation...
--- Replacement...
Best: << ID: 13628, SCORE: 0.897435897436 { q: [24.617663667398727] }  { lambda: [1.9655341457855888] }  { h: [10] }  { centers: [139, 111, 58, 53, 13, 100, 154, 0, 90, 107] }  { gammas: [-2.1119047667038933, 1.7254071953471544, -1.8009216224545221, 2.8971382442972646, -17.61735591587945, -5.8341565071115618, 3.0, 2.3576310607575701, 1.5819899523396779, 2.1823526126743396] } >>
Generation 99
--- Selection...
--- Mutation...
--- Replacement...
Best: << ID: 13802, SCORE: 0.923076923077 { q: [24.657919934818057] }  { lambda: [1.9598471713009444] }  { h: [10] }  { centers: [139, 92, 56, 65, 13, 100, 138, 117, 4, 23] }  { gammas: [1.6917380751078128, 3.0, -3.4834171326019505, 0.70375101670457685, 3.0, -6.0050256259005801, -3.3825623842662811, 2.3679061546198432, 3.0, 3.0] } >>
Generation 100
--- Selection...
--- Mutation...
--- Replacement...
Best: << ID: 14016, SCORE: 0.948717948718 { q: [24.632189204334914] }  { lambda: [1.7953990824223038] }  { h: [6] }  { centers: [139, 92, 56, 65, 13, 100] }  { gammas: [-49.581462391123196, 3.0, -1.7392010973512229, 0.58854251213222708, 3.0, -6.0271192543286176] } >>

