--- Initial population ---
<< ID: 0, SCORE: 0.792121212121 { q: [-0.084093386279751506] }  { lambda: [0.3322863003429759] }  { h: [28] }  { centers: [78, 151, 88, 49, 142, 60, 4, 22, 43, 37, 115, 48, 59, 128, 73, 75, 2, 85, 99, 51, 9, 68, 72, 53, 41, 36, 122, 58] }  { gammas: [1.2045714902351161, 1.2343183381433165, 2.9406827197664374, 0.66506374542160562, 1.6189223771883179, 2.4366037840793862, 1.8959951950032738, 0.89190685379989565, 1.4287791818753175, 0.28885311225831456, 0.014952407507246246, 0.16928221721235226, 1.2840871872395123, 0.20817908320962364, 2.1074235960542094, 1.2368837839355988, 0.29507217998247015, 0.6457408589293171, 2.6481631660375506, 0.55078089002710151, 2.8568467719073491, 0.50535686181711448, 0.68204213535610936, 1.3212946581972829, 0.24692966691506135, 2.1307986369569782, 2.422468642427638, 2.3872943404123288] } >>
<< ID: 1, SCORE: 0.206060606061 { q: [-1.096822837496316] }  { lambda: [0.17697068382954551] }  { h: [80] }  { centers: [123, 89, 116, 103, 32, 81, 76, 46, 74, 10, 124, 58, 29, 148, 56, 107, 24, 139, 22, 16, 21, 152, 8, 23, 27, 69, 133, 59, 136, 4, 67, 65, 110, 1, 47, 92, 20, 149, 127, 108, 154, 90, 14, 55, 109, 99, 66, 39, 70, 134, 72, 25, 150, 28, 105, 129, 132, 0, 61, 106, 126, 26, 33, 94, 147, 114, 118, 87, 37, 151, 121, 43, 98, 73, 97, 140, 48, 153, 51, 125] }  { gammas: [1.6193981656986378, 1.5036140500172541, 1.546115943393763, 2.6279169563583067, 2.0961048232243407, 0.18099081254556648, 1.1995971868266779, 2.513645649554944, 1.4070886399064073, 0.56797462668928322, 0.26763444994270369, 2.3699216181787781, 2.0612959621928733, 0.055540703691475568, 2.9981921742920656, 0.53781055492023955, 1.6775657762757019, 0.23332656052743272, 0.57935246288779951, 0.92756296826461926, 1.635754724360355, 0.92996643052230188, 1.3293747154253315, 0.29551027926755591, 1.6065510609991924, 2.8046510532674045, 2.2999475905927023, 2.5793958283411764, 1.6454146929640567, 1.2334670377762373, 0.12206435467932009, 1.8301446874253586, 0.23421096150473608, 2.5266603013028703, 2.2325181653161907, 2.7943757316890308, 1.4699549721948739, 2.7785452560136212, 2.5308934852565903, 1.7839783885689995, 0.37365168549851824, 1.3544613722805359, 2.2487440848684237, 1.0604724755701205, 2.9188399608810207, 2.4696067224833507, 2.9977929260762823, 0.37204320249782818, 0.52662506986431312, 2.3677337065553763, 1.0272165984125223, 2.7694768624526365, 2.3868546868822813, 2.3311318042858695, 1.306584840321892, 2.6796423153124138, 1.7984332533722478, 0.76851589367109985, 0.71683758401904962, 1.4733212751478222, 2.6435164866272358, 0.50850503960481641, 0.67241589217711251, 2.4784875845213867, 0.93511817578235246, 2.5385989336882107, 0.65512218246535203, 0.52286997087722598, 0.91796892382486561, 2.4642413005797321, 0.49104314313707809, 0.4130387427837976, 1.1612389752909666, 2.8193852822907255, 1.7860639605959618, 2.6609792474258387, 0.45614188891840868, 2.674498738314905, 0.18557781251320071, 1.6854269677606299] } >>
<< ID: 2, SCORE: 0.793333333333 { q: [-0.33513285315298957] }  { lambda: [1.8873747772668288] }  { h: [15] }  { centers: [88, 45, 96, 137, 102, 75, 22, 36, 30, 62, 11, 66, 86, 101, 120] }  { gammas: [0.36690050150305298, 0.024547293102456513, 2.9448330438083112, 2.4114981832694453, 0.2500385513792367, 2.0925188073812651, 1.2567064725983601, 0.71783353503507408, 0.45055070579146062, 2.1750913155329203, 2.0295632322990826, 0.58191385920254646, 1.9997521296483627, 2.6082741900019908, 1.0944868802251968] } >>
<< ID: 3, SCORE: 0.220606060606 { q: [-1.6160706062592114] }  { lambda: [1.1787654081869998] }  { h: [51] }  { centers: [93, 56, 76, 11, 48, 9, 139, 129, 60, 67, 109, 90, 20, 63, 58, 42, 143, 97, 75, 36, 118, 57, 25, 43, 7, 91, 1, 99, 134, 34, 28, 112, 51, 35, 152, 18, 100, 6, 122, 141, 124, 98, 82, 59, 52, 32, 71, 153, 150, 41, 117] }  { gammas: [0.73103915248019635, 1.0053065128333287, 1.4959841735871029, 2.127409819740258, 0.19103424895719456, 0.8201191204616769, 2.3306642263209643, 2.8606659467987483, 2.4930716644460671, 1.5881487052048455, 2.6827160972334614, 2.6215386031026418, 1.8105807855127165, 2.4325936606927829, 0.34840638591225659, 1.5813694565036363, 2.9402601544315763, 0.50571836566540207, 0.30418622415489416, 0.46841677930720871, 1.415002249119121, 2.0749351533643194, 1.3186885052278789, 0.56297692150850742, 1.7781573908577588, 1.9495543151187824, 2.8812420243299117, 1.4230019609065767, 1.4494675841825568, 2.2657678694949919, 0.54707318409334549, 1.9316275540064729, 2.2972940447132988, 0.35087276519515398, 0.42444831686273932, 0.10705878159898086, 0.11456895845423687, 1.1356621312191799, 2.6834832409761056, 1.8938691464017734, 1.1540992712907199, 2.0442304148018686, 2.644125768494118, 0.14042278898459226, 1.9362145880761812, 0.53208260502822768, 0.28053067050335878, 0.0015170404540806315, 1.2491963745767918, 0.99780871892727852, 0.95859975569672307] } >>
<< ID: 4, SCORE: 0.755757575758 { q: [-0.69509636877993697] }  { lambda: [0.74313125247410339] }  { h: [44] }  { centers: [75, 1, 73, 123, 97, 147, 77, 125, 136, 9, 148, 67, 53, 83, 29, 47, 139, 121, 122, 22, 135, 34, 124, 86, 111, 54, 45, 106, 72, 92, 24, 102, 150, 131, 79, 107, 120, 20, 60, 18, 32, 31, 36, 99] }  { gammas: [1.9577822294475684, 1.7386905411817093, 2.2610442432459132, 1.821805228500144, 1.1474967330021597, 0.73426433021737347, 1.9484181234248479, 0.044099292323451444, 2.5400970001483509, 2.8922334685352187, 0.8774391957819081, 0.8349541360586602, 1.2052390107835644, 0.97887888132022516, 0.74947503604744958, 1.8525691032315694, 2.2119093122046705, 2.5495889368982736, 0.69198748066270188, 0.72905097698354304, 0.64941847219575743, 0.81214832281123761, 2.219804458138094, 0.73511481077220298, 2.6989050705403543, 0.56842446090693799, 1.1287383952719652, 2.7140149649148952, 0.4304572585880948, 0.294298111394798, 2.4725198513199129, 2.2934148066174491, 0.30132192792313306, 1.0331589700174795, 2.1663794558982792, 1.3763708074236181, 1.2371545863864415, 0.54119208705122412, 2.1431697387324427, 2.3270187205232813, 0.62610146580494941, 0.32974328899204164, 1.9689634216252609, 0.36318444454771071] } >>
<< ID: 5, SCORE: 0.241818181818 { q: [0.55602593188939775] }  { lambda: [0.72884112606551499] }  { h: [78] }  { centers: [151, 41, 62, 4, 92, 32, 57, 110, 85, 76, 48, 42, 93, 135, 11, 128, 15, 96, 132, 61, 106, 126, 121, 100, 153, 31, 40, 103, 137, 70, 122, 112, 8, 46, 36, 14, 75, 84, 9, 47, 145, 108, 34, 59, 71, 51, 129, 142, 116, 43, 105, 102, 119, 101, 7, 154, 89, 118, 35, 56, 80, 78, 28, 53, 97, 44, 81, 90, 58, 23, 64, 113, 114, 130, 146, 140, 117, 54] }  { gammas: [2.0834640785752958, 0.91957509389909031, 2.8190138601413097, 2.2380625714152922, 2.2336116526491798, 0.12596163610933753, 2.8832604756649478, 2.1541250247420236, 1.5160866064662666, 0.66308454229998992, 0.37610042933032783, 2.9651505782617003, 1.0808254983467447, 1.4669640318400887, 0.54581832233686223, 2.0907088344040803, 1.0965095581136195, 0.75798320554629806, 0.5446042187208896, 1.1909491698031451, 0.5805758832320097, 0.41428946339007278, 0.76440357802105185, 1.9876294162407735, 0.48916171583045354, 1.9411764898309229, 2.4134067910606003, 1.721204449699929, 0.65658558873238804, 2.6195415301179121, 2.9082214477221076, 2.4144790295904124, 0.99136165419172673, 0.24542163637352976, 1.509912623830902, 2.489028716577903, 2.0746978594340555, 0.024504873042451525, 2.523868161624486, 1.3905083822555806, 2.578903691837624, 0.59095789485518946, 1.9289775675821224, 1.8701540242819616, 2.8032012028915587, 0.93915473817136008, 0.51003757726723964, 1.0745844185622662, 0.41036544617025528, 1.1472795211667404, 2.6764403158742631, 2.6682992432258712, 2.6315165852368381, 2.9373459685090415, 2.9737042846369359, 0.71074136049402536, 0.25021460301352216, 0.34309577788354606, 1.1364535774434761, 2.5663772374846232, 0.39068138091631777, 2.1190798545033624, 0.69361351402748661, 2.3318308940364476, 2.1741953759311068, 0.3487153396929904, 0.14693536934275875, 0.21562599935569027, 0.39450773853218457, 1.1308530566532888, 2.5357789694498694, 0.84846677574130225, 1.7651515278610561, 0.037874957327824199, 0.1851683701607465, 1.5506395767763297, 1.2199644596244643, 1.8928560276011146] } >>
<< ID: 6, SCORE: 0.792727272727 { q: [-0.41287066052110272] }  { lambda: [0.026837500185184382] }  { h: [4] }  { centers: [140, 92, 59, 141] }  { gammas: [0.62355113399194961, 2.1982163550351501, 2.5637091808190675, 2.3567408911949985] } >>
<< ID: 7, SCORE: 0.794545454545 { q: [-0.66576351747639706] }  { lambda: [1.2238169976278233] }  { h: [36] }  { centers: [82, 58, 12, 91, 102, 13, 152, 92, 63, 118, 71, 53, 20, 9, 19, 83, 49, 4, 80, 116, 72, 25, 143, 130, 153, 113, 112, 147, 121, 38, 75, 64, 8, 46, 62, 48] }  { gammas: [0.94574308033108556, 0.55933743344332276, 1.1319970000650668, 0.92311179272202815, 2.9950653941019798, 1.2355919585573489, 0.39480519669999514, 1.5296092197704498, 2.0876708861097004, 1.6593540791756394, 1.695241895379185, 0.40032449736622011, 1.8287126430988996, 0.54830949012813757, 2.8434699975409834, 2.9900242988823083, 0.08395273292335903, 0.070000144525169117, 1.715831217442862, 2.8666511123133667, 2.9728052680613057, 1.610084928660289, 2.0124749850637542, 2.0553363500885022, 0.98242047512541253, 0.84423595756174274, 2.7008208875551656, 0.62702988015285521, 2.2887289554700101, 0.028284805309507388, 2.7206122638732602, 0.8003125836288747, 0.47746923766822147, 1.6189081756466572, 2.6975014780867035, 2.3018017028719204] } >>
<< ID: 8, SCORE: 0.793939393939 { q: [-0.18986632380530447] }  { lambda: [1.8520026501776663] }  { h: [41] }  { centers: [115, 23, 123, 152, 35, 124, 33, 142, 99, 98, 10, 71, 125, 44, 85, 134, 59, 45, 119, 137, 93, 118, 43, 22, 92, 38, 141, 30, 108, 127, 19, 129, 149, 25, 113, 42, 7, 55, 97, 67, 131] }  { gammas: [2.3748106946482093, 1.6731223689256873, 1.5122465762178394, 0.29626011890518045, 1.5709983378661376, 1.2986686355458843, 2.2599452865876986, 1.3274273027293568, 2.4574640804979593, 2.7865462391509639, 2.0024570067191236, 0.4871849506951057, 0.1365794064922915, 1.7086639910340859, 2.1029078922202977, 2.1778243277011473, 0.17037282487327499, 0.42030976772929673, 2.3904345588006488, 1.3715507400570965, 2.0474984453774678, 2.2126905120298654, 1.5676481656942771, 1.9578568233796285, 2.6607682258973493, 0.93106677594020737, 2.8337091326237456, 0.12246179861204953, 2.4984122569617471, 2.0782753632327502, 0.1338143088532785, 2.6410357325080951, 0.78488298593998862, 1.7242878726280018, 1.006485779050784, 0.48719055354593133, 0.76709279376445882, 1.2784105623570765, 1.2203744349418812, 1.1024111792356943, 0.071773788710998154] } >>
<< ID: 9, SCORE: 0.796363636364 { q: [-1.0602106480189746] }  { lambda: [1.5036272908166244] }  { h: [11] }  { centers: [114, 56, 36, 86, 58, 122, 130, 112, 16, 105, 65] }  { gammas: [0.37030379180471074, 0.79196801328900346, 2.0472038688915979, 1.0325669878388459, 1.2224179685366932, 2.5366788386890224, 2.2245665104855408, 0.22354670295875634, 0.74544843636198777, 0.82000907914355425, 2.6192195690175142] } >>
Generation 1
--- Selection...
--- Mutation...
--- Replacement...
Best: << ID: 64, SCORE: 0.832121212121 { q: [0.40975575659461272] }  { lambda: [1.2437681105073717] }  { h: [36] }  { centers: [82, 58, 12, 91, 102, 13, 152, 92, 63, 118, 71, 53, 20, 9, 120, 83, 49, 4, 80, 116, 72, 25, 143, 130, 153, 113, 112, 147, 121, 38, 75, 64, 8, 46, 62, 48] }  { gammas: [0.46322423559321024, 0.94445824072630746, 1.7445504919517543, 0.78904778330582304, 3.0, 1.0758030205671638, -0.13480001147859444, 1.5887625653932378, 2.7359394759070934, 1.4919309340140887, 1.7633125432024566, 0.88067977699169464, 1.9309888451547708, 1.083993392585648, 2.2199437593704978, 2.5139794815560288, 0.12363495988394567, -0.2864346036394208, 1.9977168361777287, 2.0395303121266868, 2.8239232395624345, 1.7722242060480644, 2.3520784782102835, 1.9293408783744515, 0.80302564484468952, 0.75687552550429027, 2.5069590927069894, 0.30646365650212748, 2.2548511674986607, -0.58845682186105075, 2.7179245939129797, 0.17789795733785907, 0.76111679391540077, 1.5917800199535443, 2.0674260235498556, 1.9113623600338749] } >>
Generation 2
--- Selection...
--- Mutation...
--- Replacement...
Best: << ID: 85, SCORE: 0.838181818182 { q: [0.48109220300141609] }  { lambda: [1.281285196013499] }  { h: [36] }  { centers: [82, 58, 12, 91, 102, 13, 152, 92, 63, 5, 71, 53, 20, 9, 120, 83, 49, 4, 80, 116, 72, 25, 143, 130, 153, 113, 112, 147, 121, 38, 75, 64, 8, 46, 62, 48] }  { gammas: [0.82635312538465877, 1.4214092270184935, 2.1533770261800806, 0.63606355362850364, 2.8065505626286043, 1.3140861601358544, 0.224853065466118, 1.4802378635207794, 2.9619528898011183, 0.92735150279635425, 1.5433599453667235, 1.1069514629030401, 2.2248273594883043, 0.82085099805635497, 2.1664504693557602, 2.1103787371518301, -0.41870427213706585, -0.28792551252720616, 2.163925973187204, 1.9754469047982901, 3.0, 1.9828303894241786, 1.9770230873094192, 1.9566602013204353, 0.54857078898651679, 0.89439020515872236, 2.4003666547096869, 0.34812116650023311, 1.9955993121795301, -0.80265613493269306, 2.6040597613715404, 0.40950278394035283, 0.92143503788815773, 1.1430742787608787, 1.8062985828806026, 1.6707918105237922] } >>
Generation 3
--- Selection...
--- Mutation...
--- Replacement...
Best: << ID: 158, SCORE: 0.821212121212 { q: [0.378580030480137] }  { lambda: [1.7057287048655727] }  { h: [43] }  { centers: [115, 23, 123, 152, 35, 124, 33, 31, 99, 98, 10, 71, 125, 44, 85, 134, 59, 45, 119, 137, 93, 5, 43, 22, 92, 38, 141, 30, 108, 127, 19, 129, 149, 25, 113, 42, 26, 55, 97, 67, 131, 16, 17] }  { gammas: [1.6241884395309929, 1.8823374727321986, 1.9035508524048528, 0.87524529707339038, 0.64082542722959379, 2.1522708874777914, 1.982205474815304, 1.364842276336856, 2.8738920767717451, 3.0, 3.0, -0.21417926509934593, 0.033919277708070683, 3.0, 2.2654270333365933, 1.6002036160117252, 0.86653866739468943, -0.88499486339044553, 2.8982416672177922, 1.566496572068248, 1.7031784977280304, 2.6245848531128679, 3.0, 2.2370119847959256, 3.0, 1.3249098755694648, 2.0220770969678763, -0.46249570787882066, 2.3179601055069603, 2.9901821281683967, -1.121819351358132, 2.5955335738098122, 0.067098293061981673, 1.3519774808853402, 1.543675279529968, 1.6968482890567278, 1.3781976198821349, 0.74199160816464826, 1.6318433673709669, 0.32241221782106411, -0.50166661816398639, -0.24653154570732483, 2.5172844214266865] } >>
Generation 4
--- Selection...
--- Mutation...
--- Replacement...
Best: << ID: 232, SCORE: 0.838181818182 { q: [0.41729664868679928] }  { lambda: [1.1177724106088891] }  { h: [43] }  { centers: [115, 23, 123, 152, 35, 124, 33, 142, 99, 98, 10, 71, 125, 44, 85, 134, 59, 45, 119, 137, 93, 118, 43, 22, 92, 38, 141, 30, 108, 127, 19, 129, 149, 25, 113, 42, 26, 55, 97, 67, 131, 16, 54] }  { gammas: [0.94007094544188674, 2.0532844300168094, -0.93774649380968267, 0.43865505955142164, 0.81674344235563867, 3.0, 2.2326065544305127, 2.4468973768578843, 2.803957688650621, 3.0, 0.18473574741564236, 0.10983046584994867, 1.5685986838669157, 1.4073970339278568, 3.0, 0.44198439747982032, -0.59493208917584151, -0.50908230663997522, 1.2485715905589654, 2.3323851557429536, 1.3701468449651169, 2.0954118389685457, 2.5248756177016878, 0.6669264058269746, 2.1724272817811632, 0.91416231817330584, 2.3975505135720798, 0.10506147952394745, 2.5605787301421463, -0.2649759975406073, 0.29418483340262924, 2.902165060851833, 2.3599828125026052, 3.0, 1.8182580720364456, -1.8687073950008306, 0.7079882778909331, 2.0628693855996891, 2.0607668110031794, -1.744711101522866, 1.3491219925317783, 0.30983692233706572, 1.9848367713327653] } >>
Generation 5
--- Selection...
--- Mutation...
--- Replacement...
Best: << ID: 356, SCORE: 0.846060606061 { q: [0.45231214031500588] }  { lambda: [1.1956597180264161] }  { h: [42] }  { centers: [115, 23, 123, 152, 35, 124, 33, 142, 60, 98, 10, 71, 125, 44, 85, 134, 59, 45, 119, 137, 93, 118, 139, 22, 92, 38, 141, 30, 108, 127, 120, 129, 149, 25, 113, 42, 7, 55, 97, 67, 131, 16] }  { gammas: [0.98267228809164675, 1.6052624430885738, -0.32168230205543968, 0.15709186743288198, 0.75708858185904471, 3.0, 2.2342064003911575, 1.4269147238011328, 3.0, 2.6346377867440403, 0.91523227820463315, 0.86579575359102268, 1.6019553691948296, 0.97220172697658724, 2.594585613236605, 1.6579576199764312, -0.39853328606601579, -0.11077191469185169, 2.6951674017810383, 1.3667002414289395, 1.3217072677076405, 2.5594690868140906, 2.2939733153648105, -0.0095882837142504118, 2.7213847237004414, 0.67731913609751326, 3.0, -0.26928519506514736, 2.3484061073293465, 0.38745109142584994, 0.54484064554476808, 2.564010771316517, 3.0, 3.0, 2.4849577625061827, -1.5532341378299039, 0.13966236930135267, 2.5512735273858076, 2.4238695361896849, -1.4310668881160253, 0.52217864460126062, 1.0093576492584484] } >>
Generation 6
--- Selection...
--- Mutation...
--- Replacement...
Best: << ID: 366, SCORE: 0.85696969697 { q: [0.57991732730841206] }  { lambda: [1.1925929218228879] }  { h: [42] }  { centers: [115, 23, 123, 152, 35, 124, 33, 142, 60, 98, 10, 71, 125, 44, 85, 134, 59, 45, 119, 137, 93, 118, 139, 22, 92, 38, 141, 30, 108, 127, 120, 129, 149, 25, 113, 42, 26, 55, 97, 67, 131, 16] }  { gammas: [0.96758870069960101, 3.0, -0.056132927216080264, -1.0268034587021582, 1.0278148902691409, 0.54339666582002177, 2.0329565340659328, 1.7052412192412647, 2.5943571443606865, 1.5385494519239546, 1.0047424451205871, 0.095628844118598066, 2.3452852475641768, -0.93137401578841272, 2.0861589668736982, 0.12325108405027385, -1.3965963822030929, 1.3793974012860253, 2.7943511499616061, 1.9949455587828049, 2.0296771699271008, 2.2978649337677366, 2.1818050077528763, -0.17028080306085541, 2.0911096518619043, -0.58977212658717382, 3.0, -0.78286631578107468, 2.586720269041173, -0.01902384437550847, 1.8741926593649003, 2.9524003458763088, 3.0, 3.0, 3.0, -2.6402426738184657, -1.916250119427851, 1.6526994487032538, 2.6531734743765565, -1.9788153446280465, -1.4079421182598701, 0.62969300469412315] } >>
Generation 7
--- Selection...
--- Mutation...
--- Replacement...
Best: << ID: 472, SCORE: 0.838181818182 { q: [0.30041270948232618] }  { lambda: [0.61498890816437424] }  { h: [43] }  { centers: [115, 23, 123, 152, 35, 124, 33, 142, 99, 98, 10, 71, 125, 44, 85, 134, 59, 45, 119, 130, 153, 118, 43, 22, 92, 38, 141, 30, 104, 127, 19, 129, 149, 25, 113, 42, 133, 76, 89, 67, 131, 16, 7] }  { gammas: [-1.0361327655391552, 0.8802315072494058, 0.17786726951880338, -0.46953659615353593, -0.86479166158004461, 0.53234818816092477, 2.1443866870207593, 0.57553028321166655, 3.0, 2.5857588493938977, 1.4388803911634809, 2.7578762942145589, 2.2512877423941315, 1.5155403780590035, 0.77534964589272848, 2.9043525841824112, -4.3916273790840981, 0.4305659639802123, 3.0, 2.0838508562997475, 3.0, 1.8807923778173641, 3.0, 1.7507047511970666, 2.9699734317205628, 0.53341617720298262, 3.0, 0.88313570996945057, 2.518433592575553, 0.72227176041426555, 1.4174832781103763, 1.8363518682567022, 0.16748994513856194, 3.0, 1.3219677417090789, 0.50549589680940543, -1.5489547690683487, 1.203288773536991, 0.60934780063294558, 0.57419462317901693, 3.0, -0.19566607111896006, 1.2523339662719235] } >>
Generation 8
--- Selection...
--- Mutation...
--- Replacement...
Best: << ID: 545, SCORE: 0.857575757576 { q: [0.4373560425086262] }  { lambda: [1.6915863495098749] }  { h: [44] }  { centers: [115, 23, 123, 152, 35, 124, 33, 31, 99, 98, 10, 71, 125, 44, 85, 134, 114, 45, 119, 137, 93, 118, 139, 22, 92, 38, 141, 30, 108, 127, 19, 129, 149, 25, 113, 42, 7, 76, 97, 67, 131, 16, 72, 63] }  { gammas: [1.0490938457583232, 2.974608577768425, -0.41063149335127191, -0.26716554910388662, -0.16806789567782471, 2.4374706189109512, 0.85218730115893893, 0.63185652457802244, -0.90386127424850671, 1.9241454694223543, 0.096157516893014661, 1.1819777348174729, 0.25850215567874557, -1.0802398438980498, 3.0, 2.2340378725615748, -1.7941793509613086, -2.0550504796581697, 2.512930567591249, 2.0498258624094277, 0.80952305283628978, 2.1731662768384603, 1.8496442542089637, -0.80621772052695828, 0.53172470802448346, 2.9230194072524185, 2.6453486372142936, -1.5293905177969527, 2.9100403491747597, -0.38421933895981275, -1.5195868337078904, 1.6103600628849435, 1.8896517887918851, 3.0, -1.1938708761859143, 2.541245657386213, 0.69290858520040011, 2.7504245218026826, 3.0, 0.12399024603363262, 2.555926050468575, -0.63100662105967598, -0.57965151837404882, 2.3547130626413693] } >>
Generation 9
--- Selection...
--- Mutation...
--- Replacement...
Best: << ID: 635, SCORE: 0.863636363636 { q: [0.76021721083392035] }  { lambda: [1.1879571934491637] }  { h: [44] }  { centers: [115, 23, 123, 152, 35, 124, 33, 31, 99, 98, 10, 71, 125, 44, 85, 134, 114, 45, 119, 137, 153, 118, 41, 22, 92, 38, 141, 30, 108, 127, 19, 129, 149, 25, 113, 42, 7, 76, 97, 67, 131, 16, 72, 3] }  { gammas: [2.2453991192931966, 2.7875351487268207, -1.4177252005064307, 0.34367304394659076, -0.82393120453357316, 1.4248154202189196, 1.3992605213017426, 0.21266271817517507, -2.0317016083764781, 2.8153540250658762, -0.67673976106302658, 1.8314060095150817, 0.71728791230986655, 0.68003789027125228, 2.4703859023992236, 1.5934018237116672, 1.0382369786878818, -1.0703312951858539, 1.8909243677292398, 2.7362898219313205, -0.82293854333478389, 3.0, 2.0751701896240324, -1.1751818985242903, -0.86142033799238993, 2.6842145725562787, 3.0, -0.59291873881955204, 3.0, -0.84313875668286409, -1.7138913514838454, 1.7024428937918543, 1.6306610323121715, 2.343769403322431, 0.25615575969263532, 2.8565629215794153, 0.32095840924235514, 2.1783507509688191, 2.2968091074372454, 1.1305854616160946, 1.7526898457650395, -0.017081976721787989, -0.37412248680870885, 1.0943975548531126] } >>
Generation 10
--- Selection...
--- Mutation...
--- Replacement...
Best: << ID: 688, SCORE: 0.830303030303 { q: [0.75214559918867308] }  { lambda: [1.8917011265793524] }  { h: [43] }  { centers: [115, 23, 123, 152, 35, 124, 33, 31, 99, 98, 10, 71, 125, 44, 85, 134, 114, 45, 119, 137, 93, 118, 139, 22, 92, 38, 141, 30, 108, 127, 19, 129, 149, 25, 113, 42, 7, 76, 97, 67, 131, 16, 72] }  { gammas: [3.0, 2.9256609513876506, 0.30839566927423373, 1.2062333487738781, -1.47804603899732, 2.5011359781411704, 1.987873303855014, 1.5944471872319712, -0.8284203242474999, 2.0177052259180037, -0.98178366459520705, 1.383402293808025, 1.61785463684021, 1.4664565399579863, 3.0, 0.63188125101405779, 0.73652912887529087, -0.24970615349207828, 2.6035261960086959, 2.8896434509806528, 0.11690677119984751, 2.6769383614932067, 1.8744690861354143, -0.72348808274506204, 0.620757018338293, 1.4059913050924235, 2.9710511102535011, -2.0447152701785773, 2.8448009472648361, 0.976381090765993, -2.2924052839894911, 2.8646006602523824, 2.9811571114072284, 1.8357816573848929, 1.9176867682735916, 2.9867006491068802, 0.89102673214092687, 3.0, 2.5317677457238816, 0.62920524137132894, 1.9881532335517753, 0.1509694728869963, -1.5065121686810423] } >>
Generation 11
--- Selection...
--- Mutation...
--- Replacement...
Best: << ID: 761, SCORE: 0.855757575758 { q: [0.57363344762432689] }  { lambda: [1.8670474231665006] }  { h: [41] }  { centers: [115, 23, 105, 152, 35, 32, 33, 31, 99, 98, 10, 71, 125, 44, 85, 134, 59, 45, 119, 137, 93, 118, 139, 22, 92, 38, 141, 30, 108, 127, 19, 129, 149, 25, 113, 42, 7, 55, 97, 67, 88] }  { gammas: [2.8244348686621152, 2.881370026329229, 2.1260186929124192, -2.0608355870657245, -0.78899311783097414, 2.2315034244870846, 1.016120244481612, -3.0271726538266854, 0.67897969150263293, 1.6841075621137092, -1.0016170143212453, 2.3855952842840522, 0.51963212742838805, 0.088290997663611398, 1.9492416859307371, 2.547806607798397, 0.072483437283158994, -2.440152279865289, 2.8902827540924774, 3.0, 1.6101313440624678, 1.903764794730092, 2.5681746948706374, -1.5249308334955269, -0.34422821528793784, 3.0, 3.0, -0.93444671775850296, 2.1657734243148439, 1.1891626455968576, -0.30991659449966547, 2.8564290757076907, 0.10455077159468429, 2.2987341505849219, 1.1540080717059744, -0.039903144922911887, 1.3091912545846234, 1.6086787904927358, 0.21266083087413679, 2.0927587821915354, 1.4894982226382412] } >>
Generation 12
--- Selection...
--- Mutation...
--- Replacement...
Best: << ID: 802, SCORE: 0.838181818182 { q: [0.52701509895815635] }  { lambda: [2.9120762212498761] }  { h: [43] }  { centers: [115, 23, 123, 152, 35, 124, 33, 31, 99, 98, 10, 71, 125, 44, 85, 134, 114, 45, 119, 137, 93, 118, 139, 22, 92, 38, 141, 30, 108, 127, 19, 129, 149, 25, 113, 42, 7, 76, 89, 67, 131, 16, 72] }  { gammas: [2.9620712387095702, 2.9687680098445437, 0.76276047615331466, 1.2744817683917968, -1.4133367729306969, 2.9174362402410359, 1.5599937934732242, 0.77055198498957078, -0.36135637034476198, 2.2947742133832247, -0.74359991480028576, 2.86076470929941, 0.16362311936205171, 1.7638284626850538, 2.6559945547388737, -0.14406241055662791, 0.31398981446014906, 0.2019703611681701, 3.0, 2.9175122265374576, -0.23494418049424629, 2.0196044444050445, 1.0985507327214818, -0.74424683883274734, 0.2758699118118535, 1.8861346858819268, 2.9643448611702539, -2.744993770801464, 2.9994903830719606, 1.3477710882276517, -2.229140856389034, 2.3944632671034229, 2.4284562308134592, 2.0633938602245046, 1.9090584959029901, 2.4747280411468515, 0.089666071803186601, 3.0, 2.3728329331318965, 1.0584016369082807, 2.840543867290974, 0.47975284468162532, -1.5377459764217662] } >>
Generation 13
--- Selection...
--- Mutation...
--- Replacement...
Best: << ID: 914, SCORE: 0.840606060606 { q: [0.67362006683886433] }  { lambda: [1.6477928696198869] }  { h: [43] }  { centers: [115, 23, 123, 152, 35, 124, 33, 31, 99, 98, 10, 71, 125, 44, 85, 134, 114, 45, 119, 137, 93, 5, 139, 22, 92, 38, 141, 30, 108, 127, 19, 129, 149, 25, 113, 42, 7, 76, 97, 67, 131, 16, 72] }  { gammas: [3.0, 2.5069817630191178, 0.86085164920852519, 1.7172611473491917, -1.7169543782045509, 0.79685947843832761, 2.3323910524085885, 0.37973749059151385, -1.6933684702718645, 1.8261716421910965, -1.1804315482983683, 3.0, 1.1456333171355821, 2.2520853930834117, 3.0, 0.99226599556459316, 1.0639430849497515, -1.2604915381654873, 2.2059435249115404, 3.0, 1.1303708451433223, 2.403102243865364, 0.83962252684273997, 0.046527256599890987, -0.38932353222258781, 0.34213114030363911, 3.0, -2.6135048299242909, 2.9732805683438714, 1.4169734425647245, -1.2059829483262359, 1.8660504822914561, 2.9783585684961844, 2.9125866619846992, 0.74265459194174133, 2.854564771509092, -1.3336478690242426, 2.3491631357046061, 2.2078633041855533, 2.0686457732514003, 3.0, 0.57138022682823297, -1.7474989036157522] } >>
Generation 14
--- Selection...
--- Mutation...
--- Replacement...
Best: << ID: 973, SCORE: 0.824848484848 { q: [0.60928125937741573] }  { lambda: [2.3578416188633078] }  { h: [43] }  { centers: [115, 23, 123, 152, 35, 124, 33, 31, 99, 86, 10, 71, 125, 44, 85, 134, 114, 21, 119, 137, 93, 118, 139, 22, 92, 38, 141, 30, 108, 127, 19, 15, 149, 25, 113, 42, 7, 76, 97, 111, 2, 16, 72] }  { gammas: [3.0, 2.9659480196253898, 0.67921717549929828, 0.84432601107348026, -1.939773120562496, 3.0, 0.41235180460850951, 1.2038732881983314, -1.648614614965928, 2.2959386772388455, -2.0698749676217418, 3.0, -0.31722994615901823, 2.4667116729436436, 0.96483405716698556, -0.18150474568340036, 0.13321524120507322, 1.0045639307541543, 3.0, 2.5909233915560548, -0.50431785305987453, 1.7330193527654985, 0.46901634420281668, -1.2456051966090744, 2.1724500453444682, 0.00031519886121578189, 2.5841060038868591, -1.3853572032717159, 2.9944829215589581, 0.9094024032311212, -3.2894413559221483, 0.69605977976224065, 2.5731783330408571, 2.3693442727648044, 2.8689558288139061, 2.0472289540763313, 0.092227619878055944, 3.0, 3.0, 0.74373050984504741, -0.0079816745551846979, 0.83103470888690922, -3.9347167964120464] } >>
Generation 15
--- Selection...
--- Mutation...
--- Replacement...
Best: << ID: 1006, SCORE: 0.832727272727 { q: [0.68849270970310061] }  { lambda: [1.9703189819233413] }  { h: [43] }  { centers: [115, 23, 123, 152, 35, 124, 33, 31, 99, 98, 10, 71, 125, 44, 85, 134, 114, 45, 119, 137, 93, 118, 139, 22, 92, 38, 141, 30, 108, 136, 19, 129, 149, 25, 113, 42, 7, 76, 97, 67, 2, 16, 72] }  { gammas: [3.0, 2.6119370642449056, -0.66850163015254294, 0.59284080823297003, 0.39310144593701651, 1.5195387616737852, 2.4168065904772003, 3.0, -0.94757146790709368, 2.73382851644892, 0.41814063250493128, 3.0, -2.0091264847727177, 2.1297863147633, 2.0060376303590668, 0.60395076036063244, -0.97569890905025813, 1.4085696131256307, 3.0, 2.8312495252156786, -0.21229406108095156, 3.0, 1.3588510308114334, -0.58034129946450519, -0.89017404278288659, 2.0914610091819359, 3.0, -0.20330231856667846, 2.435921912806474, -0.27360545234729045, -2.4949970357281259, -0.46704536587654111, 0.93692988830980106, -0.39332912756290267, 1.7540533794260722, 1.1473683462228446, 1.9693460756258401, 2.6592371202068801, 2.4097607599219568, 1.5430757073394519, 3.0, 0.24663578064459846, -0.48918266106358554] } >>
Generation 16
--- Selection...
--- Mutation...
--- Replacement...
Best: << ID: 1087, SCORE: 0.846060606061 { q: [0.72099361257723171] }  { lambda: [1.1880146692801481] }  { h: [42] }  { centers: [115, 122, 123, 152, 35, 124, 33, 31, 99, 98, 10, 71, 125, 44, 85, 134, 114, 45, 119, 137, 93, 5, 139, 22, 92, 38, 141, 30, 108, 127, 120, 129, 149, 136, 130, 42, 7, 76, 97, 67, 131, 16] }  { gammas: [0.97740552667674807, 3.0, 1.2190506443206273, 1.0623086165574467, -0.94790364349118827, 3.0, 2.7545857353935546, -1.4833925143904765, -3.0547084215932085, 2.7046071918531465, -0.31407404928456173, 3.0, 1.6866173419134358, 2.0412015020233829, 2.4574008233396603, 2.654842865158674, -0.54705864108894331, -1.6148921979044459, 1.1869296477623525, 3.0, 3.0, 2.3712842279882898, -1.574491746186472, 2.7001717868674726, 1.9591446629208522, -1.0596970243822716, 2.1528419529652902, 0.20629623143688969, 2.0139219195545057, 1.0428112138913916, -0.64714902834704191, 2.955913601113743, 3.0, 2.0491774000041754, 1.2089420609136989, 0.57504290937495117, -1.4996854006527336, 3.0, 0.2535123323926225, 2.0572514918198976, 2.1411060766986267, -1.1134805730258499] } >>
Generation 17
--- Selection...
--- Mutation...
--- Replacement...
Best: << ID: 1136, SCORE: 0.838181818182 { q: [0.44972991659363526] }  { lambda: [1.1934596636596126] }  { h: [42] }  { centers: [115, 122, 123, 152, 35, 124, 33, 31, 99, 98, 10, 71, 125, 44, 85, 134, 114, 45, 119, 137, 93, 5, 139, 22, 92, 38, 141, 30, 108, 127, 120, 129, 149, 136, 130, 42, 7, 76, 97, 67, 131, 16] }  { gammas: [0.67818677884018641, 2.4801226081359142, 1.2422808806815424, 1.2565034376463491, -3.0766349883943631, 1.3247926641057464, 2.2499405126570045, -1.6398489612366696, -4.5163709749473391, 3.0, -0.36641916444824102, 3.0, 0.41204181153164821, 2.499378327257209, 1.8155985367343086, 3.0, -1.2218483600134169, -1.2675548517163295, -0.34380973333047038, 1.4396746161646632, 3.0, 2.096074925281505, -2.8198678698743529, 2.9768134411884577, 0.42995245400630222, -2.9117798874357423, 0.96944615761025399, 1.9410348680296812, 1.9676932401625409, 1.960812545874427, 1.5671968671440455, 2.092682041271575, 3.0, 2.8366412896492594, 1.1573968559699057, 0.34687345850680573, -0.29271410923527674, 3.0, -1.5770841502274742, 0.030868525015115722, 2.8025318016356549, -1.1021745424665768] } >>
Generation 18
--- Selection...
--- Mutation...
--- Replacement...
Best: << ID: 1205, SCORE: 0.852121212121 { q: [0.45998312787705592] }  { lambda: [1.286143990814135] }  { h: [42] }  { centers: [115, 122, 123, 152, 35, 124, 33, 31, 99, 98, 10, 71, 125, 44, 85, 134, 114, 45, 133, 137, 93, 5, 139, 22, 92, 38, 141, 30, 108, 127, 120, 129, 149, 136, 130, 42, 7, 76, 97, 67, 131, 16] }  { gammas: [0.0044763312111797404, 2.2366673884125703, 1.5655562399835876, 2.0862640722712196, -1.653198851481009, 0.61793130650741446, 2.4041605092650711, -1.593328949546867, -4.4129224735604744, 2.7419708772135074, -0.76540870337461664, 3.0, -0.82412614868277578, 3.0, 1.6821880266609543, 3.0, -1.3942618944324461, -0.26549142692359773, -0.42616018926128829, 3.0, 3.0, 1.6082111262772993, -2.359417643908166, 3.0, 0.22361216344969018, -1.7463822051563349, 0.66592894293779703, 1.7488703502866252, 1.7617700457882872, 1.5437229167988733, 1.5867485661214142, 1.8535487850737993, 2.6882447706326729, 2.8408088039879176, 2.0775819205940405, 0.26569093242423764, -0.12135456080903922, 3.0, -1.1634081549310888, 0.59944580001890269, 2.5668557945826307, -0.81181952571811888] } >>
Generation 19
--- Selection...
--- Mutation...
--- Replacement...
Best: << ID: 1327, SCORE: 0.841818181818 { q: [0.31697195778162279] }  { lambda: [1.2255939516938414] }  { h: [43] }  { centers: [105, 122, 123, 152, 35, 124, 33, 31, 99, 98, 0, 71, 125, 44, 107, 134, 114, 21, 119, 137, 93, 5, 139, 22, 92, 38, 141, 30, 108, 127, 19, 129, 149, 136, 113, 42, 7, 76, 97, 67, 131, 16, 72] }  { gammas: [1.7718207300891322, 1.5744392089822403, 2.2581084852294282, 1.3494186066731082, -2.2888379524707529, 2.9620695939980677, 2.9566193972299026, -1.7382688149841945, -3.9528478024882205, 1.575207609357574, 0.41939983015765125, 2.093940357737115, 2.9545720650934886, 2.9898138091848931, 1.8738865778288327, 2.3505840286866251, 0.51248876125133658, -3.162598836506394, -0.61025632765920523, 1.403571058896085, 1.9407667068258994, 2.5003732763366071, -1.021217249098485, 1.9737769177373534, 1.5873946832376007, 0.055950026548826769, 3.0, -1.3209578010315244, 0.74824525153829946, 1.8109915925453985, 1.0738553142691218, 1.9578019892465688, 3.0, 0.63838921850643493, 1.7338406555143291, -0.57091474389625252, -3.339331986056072, 2.8805389748607633, -1.001194461032358, 1.7992957815290518, -0.17772463154078835, 0.5045809603554291, -0.96540152417275427] } >>
Generation 20
--- Selection...
--- Mutation...
--- Replacement...
Best: << ID: 1361, SCORE: 0.838181818182 { q: [0.54094713212144641] }  { lambda: [1.2243255003413771] }  { h: [42] }  { centers: [115, 122, 123, 152, 35, 124, 33, 31, 99, 98, 10, 71, 125, 44, 85, 134, 114, 45, 133, 137, 93, 5, 41, 22, 92, 38, 141, 30, 108, 127, 120, 129, 149, 136, 130, 42, 7, 76, 97, 111, 131, 16] }  { gammas: [-0.043806065907607328, 2.5402468658455657, 1.7536006903588477, 2.2019987275534016, -1.6632596377786069, 0.77547781758569989, 2.4050016530762766, -1.1615521966721167, -5.0120880057350572, 2.42389137444074, -0.82847414587794754, 3.0, -0.789115472490169, 2.5938134755774716, 1.727207930307719, 2.7370987834402971, -1.0997287901790029, -0.10855762532630125, -0.57459756991180266, 2.746508713341024, 3.0, 1.6650615028678291, -2.8273749480719865, 2.9198401968675807, 0.24172591644398189, -1.5636153547712097, 0.52741303323740496, 1.3994377761510142, 1.8412602166953491, 1.8830984464924903, 2.4391586205386648, 1.0799149913699451, 2.2755421968605103, 2.6605669739069095, 1.3018075533708475, 0.30263858750259376, 0.096830582897388121, 2.6733665161015852, -1.0695337796376685, 0.123808042674493, 2.6796833691423316, 0.11687236367661791] } >>
Generation 21
--- Selection...
--- Mutation...
--- Replacement...
Best: << ID: 1436, SCORE: 0.871515151515 { q: [0.73576225188214961] }  { lambda: [0.7540586389180588] }  { h: [42] }  { centers: [115, 122, 105, 152, 35, 124, 33, 31, 99, 98, 10, 90, 125, 44, 85, 134, 114, 45, 133, 137, 93, 5, 41, 22, 92, 38, 141, 30, 108, 127, 120, 129, 149, 136, 130, 42, 7, 76, 97, 67, 131, 16] }  { gammas: [0.78170252237778259, 1.3985516412075021, 2.7584898644740936, 0.23247390854591449, 1.6323421353825165, 1.5012498555466285, 2.5457170181210791, -0.92573059902334665, -3.7973630195535946, 2.9057066453483538, -0.47543090800640758, 3.0, -0.010150477767050588, 2.4238264116285313, 0.79707415815396698, 3.0, -0.43606343159410632, -0.18669117304145422, -0.20995031559930938, 3.0, 2.9874330425287319, 0.097246366334284268, -1.1215530666314282, 2.9895562585852828, 0.88405198106056981, -2.1367716780064754, 2.6712202925773161, 0.42578191206377086, 2.4279383297484514, 2.9292000428517038, 1.7961488376863206, 2.2336710497945949, 2.5872829713864598, 2.4040372532178202, 0.96207659631145936, 0.45419622498050805, 0.26493127575615061, 0.72141946378754762, -1.5029717413520938, 0.91802101757962995, 0.73332264856319196, 0.50719988818253836] } >>
Generation 22
--- Selection...
--- Mutation...
--- Replacement...
Best: << ID: 1527, SCORE: 0.857575757576 { q: [0.2821641539551602] }  { lambda: [2.8832963885778469] }  { h: [44] }  { centers: [115, 122, 123, 151, 35, 32, 33, 31, 99, 98, 10, 71, 125, 44, 85, 134, 114, 21, 119, 137, 93, 5, 139, 43, 92, 38, 141, 30, 108, 127, 19, 129, 149, 136, 113, 42, 26, 55, 66, 67, 131, 16, 72, 90] }  { gammas: [2.793928830413885, 1.7473834925022842, 1.2900997999016868, 3.0, -0.52030386488094871, 3.0, 2.7516413531744872, -1.9438086498998477, -1.8283962671428542, 2.7500657636839456, -0.17557564127951361, 1.9180384550681, 2.1929433549658808, 2.9447559848089955, 2.815733409057676, 2.2755944368568435, -0.18658305436070025, -1.2800495705895203, 1.6094674596137637, 2.3797775081108208, 2.2020280462794481, 2.1167821863515264, -0.63316873001770002, 1.451801933653591, 1.0888068876429546, -1.0464274913649536, 2.3896866343374219, -0.95784014470062584, 1.744071981417471, 0.033121282779160072, 0.49792951011986242, 2.8782702614569513, 2.8027814941154379, 0.42076841270608201, 2.3759244376625457, -0.4958925470673381, -4.1907519832751587, 3.0, 1.0660478210503905, 2.5492663352026681, 1.5830831160301675, 0.36259630023395106, -1.4560114533676478, 0.40940814107856704] } >>
Generation 23
--- Selection...
--- Mutation...
--- Replacement...
Best: << ID: 1620, SCORE: 0.846666666667 { q: [0.34216526390876406] }  { lambda: [1.5019098626919183] }  { h: [44] }  { centers: [105, 122, 123, 152, 35, 124, 33, 31, 99, 98, 0, 71, 125, 44, 107, 134, 114, 21, 119, 137, 93, 5, 139, 22, 92, 38, 141, 30, 108, 145, 19, 129, 149, 136, 113, 42, 7, 76, 97, 67, 131, 16, 86, 6] }  { gammas: [1.0785626547720586, 1.3479155906315108, 2.6045616920794465, 1.0736793333299133e-06, -1.3543797500326029, 3.0, 2.8690226570660649, -0.81557853110841882, -3.553387577227562, 0.85828994170918493, 0.7779190153101766, 2.822520184315287, 2.8746827835862998, 3.0, 1.755218446862902, 2.2866711595483014, 1.1475940236140989, -3.0073227106812888, -0.7006518197567505, 1.1111028673539143, 2.7680136909077477, 3.0, -1.3964258182995533, 2.4936380503547433, 0.042461842892630663, 0.30814406379714332, 3.0, -1.63295243873477, 1.0595170256817714, 1.6184901697273324, 2.1367188093276415, 1.9394078513531137, 2.2813597348973862, 0.7835498660491631, 0.49868798387069602, -0.86540075457609777, -3.2789919797125773, 2.2690837245942861, -0.46342993169232294, 0.89755375747539912, -1.7212137703063621, 0.31688982147977546, -1.985364501297459, 0.634742847206758] } >>
Generation 24
--- Selection...
--- Mutation...
--- Replacement...
Best: << ID: 1689, SCORE: 0.837575757576 { q: [0.57361725184002232] }  { lambda: [1.0703523312472021] }  { h: [44] }  { centers: [115, 122, 123, 152, 35, 124, 33, 31, 99, 98, 10, 71, 125, 44, 85, 134, 114, 45, 133, 137, 93, 5, 41, 22, 92, 38, 39, 30, 104, 127, 120, 129, 149, 136, 130, 42, 7, 76, 97, 111, 131, 16, 14, 70] }  { gammas: [0.72222703627711926, 2.2173814112823695, 2.6549287550419232, 1.5810445831886593, -0.75940711850253917, -0.019025399954128608, 1.2305743648189273, -0.62939549934058525, -5.0062670800178166, 1.4765506797956907, -1.0182145765937551, 2.6406985715080951, -0.29775108071049033, 1.9089347939509329, 1.8577787867086377, 2.846634304812127, -1.1554818935246665, 0.56027579119283188, -0.36527027677684715, 2.717692244672461, 2.5764727472255311, 1.4062610830910651, -3.3804948223512983, 2.987406463246093, 0.80127483956014545, -1.6892011324337897, -0.39821358415560865, 2.1504674311060978, 2.1576757051891913, 1.9399253358414299, 3.0, 2.3214211680738321, 1.8059623245165515, 2.3800343544898479, 1.6537524779299544, 0.20349206808143508, -1.1679470802661855, 1.4478623892053564, -0.23764307059072029, 0.77614543180695672, 2.9332118994483398, 0.042419057513408909, 1.6956341288250214, 1.0245927923367777] } >>
Generation 25
--- Selection...
--- Mutation...
--- Replacement...
Best: << ID: 1724, SCORE: 0.850909090909 { q: [0.77300698289517189] }  { lambda: [1.2065948120603125] }  { h: [44] }  { centers: [115, 23, 123, 151, 35, 124, 33, 31, 99, 98, 10, 71, 130, 44, 85, 134, 114, 21, 119, 4, 153, 118, 139, 22, 92, 138, 39, 30, 108, 136, 19, 129, 149, 25, 113, 42, 7, 76, 66, 67, 2, 16, 72, 101] }  { gammas: [2.4323782821502151, 0.57360432550559559, 2.386542614591046, 3.0, -3.7544183715066133, -1.6917255609366761, -0.506901029294891, 2.8957537939231064, -0.25172455541528305, 3.0, -0.42815049085948165, 1.3453495057086116, -1.2006013444840562, 1.2030756993562388, 1.8887987577932452, -0.27793245173781722, 2.9457186120739429, 0.73805233912161894, 3.0, 2.721856653909509, -2.8654362392950246, -1.4570752906501965, 3.0, 1.8589278158851452, 0.1120517099182643, -1.2141223900416951, 3.0, -0.5265053194553404, 2.2071955612912424, 1.3113584420011526, -4.0785125120820229, 1.6279906220046148, 1.3384225887986436, 0.43949091304234622, 3.0, 2.7644992404381994, 3.0, 3.0, -2.5712226143555217, -0.71440961977982664, 0.56053664445671636, -1.4653414645491978, -1.4647700720419179, 2.2743181883852999] } >>
Generation 26
--- Selection...
--- Mutation...
--- Replacement...
Best: << ID: 1806, SCORE: 0.850303030303 { q: [0.62882739497985818] }  { lambda: [1.559116521330133] }  { h: [43] }  { centers: [115, 122, 123, 152, 35, 124, 33, 31, 99, 98, 10, 71, 125, 44, 85, 134, 114, 45, 133, 137, 153, 5, 41, 22, 92, 38, 39, 30, 108, 127, 120, 129, 149, 136, 130, 42, 7, 76, 97, 111, 131, 16, 14] }  { gammas: [2.0571952804943692, 2.6130786914126825, 3.0, 2.2672018330128636, -1.9479194175346866, 0.14380323613096871, 1.2571745815800788, -0.6010427350267552, -4.5605879247354846, 1.4167292655476189, -0.34506715205037897, 3.0, 0.017567660845200617, 2.364851127632098, 1.5532843484557053, 2.3856839097411697, -0.61760658821959147, -0.28482666974214721, 0.12165318947638287, 1.72997208430164, 1.6057343816589309, 0.19618239685711902, -2.186936727518054, 2.3259189020715718, 0.074357821015706982, -1.7969080335978813, -2.5611678078947997, 3.0, 3.0, 1.8812051816918292, 3.0, 3.0, 1.3955309342649593, 1.8214819416235648, 1.3316720147022172, 0.45582294300521187, -1.3301457961753549, 1.5193638226031747, -1.1202668603223014, 0.52494564357961226, 1.798403143335763, -0.41211308182830603, 1.89861399213861] } >>
Generation 27
--- Selection...
--- Mutation...
--- Replacement...
Best: << ID: 1869, SCORE: 0.836363636364 { q: [0.42491927975829324] }  { lambda: [1.4353777070542451] }  { h: [43] }  { centers: [105, 122, 123, 152, 35, 124, 40, 31, 99, 81, 0, 71, 125, 44, 107, 134, 114, 21, 119, 137, 93, 5, 139, 22, 92, 38, 141, 30, 104, 145, 19, 129, 149, 136, 113, 42, 7, 76, 97, 67, 131, 16, 86] }  { gammas: [0.97816469089030655, 1.0580698600417788, 2.6169160783290177, -0.061654279264300796, -1.9734810212177294, 2.6077401942302445, 2.3548088140391554, -1.4835941624764333, -3.3358844829350214, 2.2285920825770242, 1.5403040638661571, 2.6855468967468337, 2.8693280349295436, 2.9712535546980581, 0.5215472012526593, 2.0614991569025931, 1.7110174740140138, -1.4841912525930072, -0.96136092711055832, 2.3198953665282698, 2.9470817489969252, 2.887146146484481, -1.4779465590467404, 2.6544018396818254, -0.073587008967239881, 0.072937585567881325, 2.9589148571426036, -1.904132655570423, 1.64426791541156, 1.4375691098112533, 2.5117615248690548, 2.4844773069332775, 1.9604061121054546, 0.26041928509899354, -0.26362417339874306, -0.3611787596995098, -2.5848264563054579, 2.607132104998219, -0.98963002332370842, 0.86522022229318463, -1.5553260865978209, 1.0591943844998464, -2.0764320486397914] } >>
Generation 28
--- Selection...
--- Mutation...
--- Replacement...
Best: << ID: 1961, SCORE: 0.850303030303 { q: [0.455325730422521] }  { lambda: [0.90849377001295739] }  { h: [42] }  { centers: [105, 122, 123, 152, 35, 124, 40, 31, 99, 81, 0, 71, 125, 44, 107, 134, 114, 21, 119, 137, 93, 5, 139, 22, 92, 38, 141, 30, 104, 145, 19, 129, 149, 136, 113, 42, 7, 76, 89, 67, 2, 16] }  { gammas: [0.31593796757859061, 0.43373931089868606, 2.9392769640161407, -0.39491163938765739, -2.3354497077576868, 2.4536148747888857, 1.3160108117842464, -0.46292475562663077, -3.1042303651760683, 1.7134388571182684, 0.68048846943962937, 3.0, 2.3512488005227237, 2.5235732503045565, 0.62926730819834775, 1.9885684915493336, 2.7363098795402343, -2.9020738028002149, -1.2761869544779376, 2.3940962643153272, 3.0, 3.0, -1.8433098724040928, 3.0, 0.90079205677359231, -0.025804990275543116, 2.5384628178203266, -2.8702129364867832, 1.7164351179868658, -0.016017322520203714, 1.9439301776411457, 2.6765280880511861, 2.2816052176947665, 0.68241012542687929, -0.9014200960355937, -1.0485783356262801, -1.9595777657702795, 2.1639114909761767, -1.054513740760924, 1.4072922415337035, -1.8125313507228493, 0.45406281730924036] } >>
Generation 29
--- Selection...
--- Mutation...
--- Replacement...
Best: << ID: 2032, SCORE: 0.845454545455 { q: [1.0442120806147854] }  { lambda: [0.86721066988957929] }  { h: [45] }  { centers: [115, 23, 123, 151, 35, 124, 33, 31, 60, 98, 10, 71, 125, 44, 85, 134, 114, 105, 119, 4, 93, 118, 139, 22, 92, 154, 39, 30, 108, 136, 19, 129, 149, 25, 113, 42, 7, 76, 66, 67, 2, 16, 72, 101, 58] }  { gammas: [1.9484196208546036, 2.7168800320456681, 2.8421314188625884, 2.8378948420251073, -5.1351424761959983, -1.5855650371424768, 1.7428728636589612, 3.0, 0.015005891390729942, 2.7430795466437115, 0.33359529375022862, 2.1508516784903859, -1.5932495393683834, 1.0578159353356578, 2.9672291024610224, 0.765744673833745, 2.5724830147284905, 0.91555624904864885, 1.7416297403627223, 1.3617521615322554, -5.0514691588979099, -2.1319950404144827, -0.04556752537768792, 2.7768744330270732, 2.581918368634518, -1.2251780688008744, 2.8501338674104635, -0.21838145260243777, 1.5338635998291619, 1.0406244241505218, -2.6431963339590401, 0.73166575458267213, -1.0308556599610574, 1.8043768094468187, 1.8639028291049446, 3.0, 2.2054149875911855, 2.5498645957679185, -2.6424593062020065, -1.276192274366474, 1.2403688058629361, -0.90177010516289502, -0.43231471802957866, 3.0, 2.2563998472651075] } >>
Generation 30
--- Selection...
--- Mutation...
--- Replacement...
Best: << ID: 2080, SCORE: 0.850909090909 { q: [0.35831849067314392] }  { lambda: [0.80687493753125428] }  { h: [43] }  { centers: [105, 122, 123, 152, 35, 124, 40, 31, 99, 81, 12, 71, 125, 44, 107, 134, 59, 21, 119, 137, 93, 5, 139, 22, 92, 38, 141, 30, 104, 145, 19, 129, 149, 136, 113, 42, 7, 76, 89, 67, 2, 16, 126] }  { gammas: [0.6491979853849561, 1.4504876337860755, 3.0, -1.1260160827302512, -0.41593741000475526, 2.8592748394939438, 0.48796483469451279, -0.57693490118980639, -1.6023549387610942, 1.4718097075326879, -0.50935873478300819, 2.9423635788348781, 3.0, 3.0, 1.0589898515449763, 1.3073744982529463, 3.0, -2.4373485023595611, 0.82709413187771552, 1.6375877273095041, 3.0, 1.47889714671089, -2.985394122914943, 0.59910874771113742, 0.27787410061773277, -0.21417119969776988, 1.3297773934992916, -2.628956871831905, 1.8720116355241656, 2.3100159159124498, 0.93700314724865952, 0.79295230141335216, 3.0, 2.7037215459562458, 1.0652630638670058, 0.4273391930078082, -2.5717765548464491, 2.454603499710486, -0.054872476395576575, 0.90442371697652435, -0.77344385203815591, -0.9904817678801533, 0.57308327191691144] } >>
Generation 31
--- Selection...
--- Mutation...
--- Replacement...
Best: << ID: 2176, SCORE: 0.834545454545 { q: [1.0449157225812196] }  { lambda: [0.91845718590642167] }  { h: [46] }  { centers: [115, 23, 123, 133, 47, 124, 33, 31, 60, 98, 10, 71, 125, 44, 85, 134, 114, 105, 151, 4, 93, 118, 139, 22, 92, 154, 39, 30, 108, 136, 19, 129, 149, 25, 113, 42, 26, 76, 66, 67, 2, 16, 72, 101, 58, 145] }  { gammas: [3.0, 2.602869179868633, 1.7670769129627011, 1.5766731833081518, -6.8596850695630511, -3.4656884115757771, 1.5365091234996457, 3.0, 0.072620629526130243, 2.9930976349340757, 2.5395181021367392, 1.9411563773881668, -1.4483657296969858, -0.44315349873249971, 3.0, 1.5338765938820633, 3.0, 0.70043565435437127, 2.3178986412701019, 1.8538893943759247, -5.3060871622603383, -1.86507009640528, 0.49205359305194163, 2.5257956395488965, 2.8451904818349965, -1.7063986889168548, 2.2108098121587068, -0.11706710573378923, 2.0507443817516928, -0.24651860661087355, -3.6247572328846633, 1.4800157912287148, -2.2152631345016678, 1.6698031582135431, 1.0098119646115709, 3.0, -0.20442095132706251, 0.76386770823972716, -4.8813438636020692, -0.24933329981015995, 1.2557313348991115, -2.1787011181016034, -1.5630037634708542, 2.5045271941027902, 2.9143064526233782, 2.1019494550196978] } >>
Generation 32
--- Selection...
--- Mutation...
--- Replacement...
Best: << ID: 2221, SCORE: 0.850909090909 { q: [0.85434249565406428] }  { lambda: [1.3558703737528388] }  { h: [46] }  { centers: [115, 23, 123, 151, 47, 124, 33, 31, 60, 98, 10, 71, 125, 44, 85, 134, 114, 105, 119, 4, 93, 118, 139, 22, 92, 154, 39, 30, 108, 136, 19, 129, 149, 25, 113, 42, 7, 76, 66, 67, 2, 16, 72, 101, 89, 63] }  { gammas: [3.0, 1.389180443095134, 2.0839151890553023, 2.3832103690783666, -5.4950875275521813, -2.8638032314138364, 0.66143921667086547, 3.0, 0.026980504718442669, 1.9025510638276972, 0.70801809202927424, 2.3031498108728563, -0.92302449187441948, 2.0642554601907093, 2.2189922799957493, 1.5672983037122934, 3.0, 1.876933720540086, 2.6742622547722288, 1.67596888082415, -4.3990953163890278, -0.16750248349128438, 0.0033929846059610469, 1.8885842130654478, 3.0, -2.4957884362831244, 3.0, -0.9040790428362917, 0.31936007746107498, 0.41065757353536658, -2.7633841356420614, 0.36575212732182544, -1.1761265652479176, 3.0, 2.2705291493410615, 3.0, 1.6764514001673732, 2.0794962635758263, -2.5848589816332326, -0.86185762881699279, 0.71868141024452359, -2.3561711015998164, -0.56866565395816737, 2.936112931042048, 2.7446651428073183, 0.23106479323902851] } >>
Generation 33
--- Selection...
--- Mutation...
--- Replacement...
Best: << ID: 2284, SCORE: 0.83696969697 { q: [0.57410060911465133] }  { lambda: [1.4321505334303894] }  { h: [45] }  { centers: [105, 122, 123, 151, 35, 124, 33, 31, 60, 98, 10, 71, 130, 0, 107, 134, 114, 21, 119, 4, 93, 118, 139, 22, 92, 138, 141, 30, 104, 136, 19, 129, 149, 127, 113, 42, 7, 76, 66, 111, 2, 133, 72, 58, 100] }  { gammas: [1.7596061188742824, 1.0686858058244642, 1.8737263946970526, 3.0, -1.995825777855063, -2.0863776984739042, 1.2532996542579626, 2.477724559451314, 2.1784365157508843, 3.0, 1.2453831979984189, 0.27335219427996338, -1.3284911717282737, 1.0330307402831935, -0.32351979831790312, 1.1139443364262176, 1.7518560092433946, 2.2154944539702885, 3.0, 2.5505995409432227, -3.8485666215226693, -1.1480804797535571, 2.1568801285590196, 2.4612564464258817, 1.6355166296668886, -5.632459954091793, 2.7387333838812542, -1.8739553110080944, 3.0, 3.0, -6.5024876717594005, 2.3337985843744131, 0.42979993689488993, -1.4279926183178364, 1.3478887925679413, 3.0, 2.1145990187128554, 2.2005912218440065, -4.1444699196185493, 1.7934006266130531, -1.134537039640543, -4.1620742339306949, -2.7131848431474763, 1.9050699228052894, -0.58178070100264456] } >>
Generation 34
--- Selection...
--- Mutation...
--- Replacement...
Best: << ID: 2371, SCORE: 0.833333333333 { q: [0.53172171740752228] }  { lambda: [2.2090273436908237] }  { h: [45] }  { centers: [105, 122, 123, 151, 35, 124, 33, 31, 60, 98, 10, 71, 130, 44, 107, 134, 114, 21, 119, 4, 93, 118, 139, 22, 92, 154, 141, 30, 104, 127, 19, 129, 149, 25, 95, 42, 7, 76, 66, 111, 2, 16, 72, 58, 100] }  { gammas: [2.0750634184390289, 0.50380394768598136, 2.6254696506564446, 2.9167109358543075, -2.3695719379541269, -1.7003990342649069, 0.79373248791903428, 2.9679599430989825, 1.7726768012671481, 3.0, 2.2005751321714584, 0.7746575650418831, -0.76098414848390328, 1.3172690019096627, -0.0081435369749912247, -0.61062509800656373, 0.91395386504039777, 2.3095383772219655, 2.5249584204308393, 3.0, -3.7889971565772842, 0.0541134037559401, 1.7282027712767631, 2.9999245792108531, 1.8859838088368432, -4.7782111740161417, 2.5697295191722009, -1.7480386851669345, 3.0, 2.7268726936819929, -6.2679183349540493, 2.883958801477938, 0.80072137676755772, -0.84166052225685151, 1.1156386133317497, 2.2286042953393062, 2.3673790731151385, 2.7431627811068222, -4.045659652542561, 1.3891610103421812, -1.7041649246393378, -3.8830671776179755, -2.2806437025566577, 2.915904900454855, 0.13200858905111085] } >>
Generation 35
--- Selection...
--- Mutation...
--- Replacement...
Best: << ID: 2428, SCORE: 0.852727272727 { q: [0.27770782821832657] }  { lambda: [1.2199581801298689] }  { h: [45] }  { centers: [115, 23, 123, 151, 47, 124, 33, 31, 60, 98, 10, 71, 125, 44, 107, 134, 114, 105, 119, 4, 93, 5, 139, 22, 92, 154, 39, 30, 108, 136, 19, 15, 149, 25, 113, 153, 7, 76, 66, 67, 2, 16, 72, 101, 89] }  { gammas: [2.5501394192038811, -0.4521794425323673, 3.0, 1.3104374991598646, -3.4961738466563586, -3.1209294144852402, 0.48307466844686597, 3.0, -0.66104929299742543, 3.0, -0.40860726063175767, 1.1162571905977063, -0.13844873263575708, 0.97876447157621671, 1.8327738071728272, 3.0, 1.7735352255417631, 0.42582625372363025, 3.0, 1.3365255253752952, -3.365665783167334, -4.9395572863058783, -2.2793342925289712, 3.0, 2.7364879245190945, -3.1378938741347482, 3.0, 2.8051517613121124, 1.7200358629003196, 0.80091232931108136, 1.0245577724670549, 2.0674396104722668, 1.1259163519699753, 1.4112136482668429, 3.0, 1.3239414967819476, 0.59874589989908811, 3.0, -4.4169307875917738, 1.7308554046375797, 2.4826731525525845, -3.4450526546793134, -1.7608169922009589, 3.0, -0.63047480508884113] } >>
Generation 36
--- Selection...
--- Mutation...
--- Replacement...
Best: << ID: 2480, SCORE: 0.833333333333 { q: [0.43852152437930092] }  { lambda: [0.49457048482687826] }  { h: [48] }  { centers: [115, 23, 123, 151, 47, 124, 33, 31, 60, 98, 10, 71, 125, 44, 107, 134, 114, 105, 119, 4, 93, 5, 139, 22, 92, 154, 39, 30, 108, 136, 19, 15, 149, 25, 113, 153, 7, 76, 66, 67, 2, 16, 72, 101, 89, 87, 43, 82] }  { gammas: [0.13540557041585055, 0.4795850035165925, 2.5967323986565307, 1.3339440501292776, -5.6250903777744146, 0.23238283833328846, 3.0, 0.4200121897169849, 0.67800218981942717, 2.165903321172141, 0.56152739286510767, 1.3537217094344156, 2.148509340481612, 2.7606766700154193, -0.35115826529871352, 3.0, -0.37521430476565348, -1.9189454688349852, 2.8578409492974184, 0.5882532564959182, -3.7373030240435319, 0.27594488644935766, 0.82136782074568904, 1.5033153168113853, 2.7819708348252297, -4.6711861662271241, -0.56331841312632602, 3.0, 1.1371398014358343, 2.6011367317416814, -5.1191161235089115, -3.1512630943747868, 3.0, 1.8369580176201241, 1.1250651728471419, 3.0, 0.30077775982311328, 2.9366279914350284, -5.0961999211711051, 0.35466303592229653, -2.1388876260692591, -1.8333131308165025, 0.57140575171349739, 3.0, 1.6450581601840264, 1.0394629299905547, 2.7377234304165419, 0.44880435984352329] } >>
Generation 37
--- Selection...
--- Mutation...
--- Replacement...
Best: << ID: 2580, SCORE: 0.852727272727 { q: [0.22592025648777475] }  { lambda: [0.77124010248009855] }  { h: [44] }  { centers: [105, 23, 123, 122, 35, 32, 40, 31, 99, 98, 10, 71, 151, 0, 74, 134, 114, 21, 119, 4, 93, 118, 139, 22, 92, 154, 39, 30, 104, 127, 19, 129, 149, 25, 113, 42, 7, 55, 66, 111, 28, 16, 72, 58] }  { gammas: [2.1043241766681269, -0.52488966512377011, 2.0710928677660365, 2.9825317687782849, -1.4742073851712856, -1.1609973193422363, 0.89070573412195309, 1.8860627657149318, 1.6811318278652772, 2.3289077261918898, 0.38221850002822572, -0.46444976503114721, -1.1694953271219217, 3.0, -0.11006943412543357, -0.42142959788904211, 0.40210466486682916, 2.3265325079394459, 3.0, 2.5329701731487568, -4.3116399317930707, -1.7847586466268606, 3.0, 2.8470179244557983, 2.602601696261214, -5.1746843677000225, 3.0, -0.73924095778044607, 1.5078105881899226, 1.463478889248673, -6.2996668414015629, 3.0, 3.0, 0.49361184609203101, 0.38690174661600274, 0.79660577686997536, 2.2623546862198758, 3.0, -3.410058494847958, 2.4822338110074647, -0.24379607295577208, -6.0677090025675344, -0.41619171638862223, 3.0] } >>
Generation 38
--- Selection...
--- Mutation...
--- Replacement...
Best: << ID: 2610, SCORE: 0.852121212121 { q: [0.707377491889017] }  { lambda: [1.3786967129732792] }  { h: [45] }  { centers: [115, 23, 123, 151, 35, 32, 33, 31, 99, 98, 10, 71, 130, 0, 107, 134, 114, 21, 119, 4, 153, 28, 41, 43, 92, 154, 39, 30, 104, 127, 19, 129, 149, 25, 113, 42, 7, 76, 100, 135, 2, 133, 72, 70, 82] }  { gammas: [1.2450944393881098, 3.0, 2.6923824333935329, 3.0, -1.1573250445762255, -2.3846755021989328, 1.5500260043488827, 2.8672291719303025, 1.3593316349681808, 2.9464493390310906, 1.1099401124223107, 2.3251221557340993, 0.031557010666743268, 1.7424820138116111, 0.70213950683733839, 0.71776099084382228, 2.8470438169852206, 2.2164842233266495, 2.9322875099944623, 2.7783783237736506, -2.3998864207650796, 1.7566636557819166, 1.7475180001483257, 1.8504830836140789, -1.5624618663322996, -2.3957115230326695, 1.0174583559664274, 1.186208271614682, 0.61321942216470526, 2.9471175689617901, -4.0947905840571801, 2.4747436341614879, 2.966620759041553, -1.8108287520929667, 1.502295820846016, 2.0536937993218376, 2.9696400584191789, 1.8541708773493761, -6.2935961944110286, -0.89873711267598921, 1.1336976746292942, -3.0240560275782031, -2.7875798730964405, 2.8499757862575152, 2.6580378305804819] } >>
Generation 39
--- Selection...
--- Mutation...
--- Replacement...
Best: << ID: 2712, SCORE: 0.84303030303 { q: [0.23110313573262703] }  { lambda: [2.3853803289725537] }  { h: [46] }  { centers: [105, 122, 123, 151, 35, 124, 33, 31, 60, 98, 10, 71, 130, 44, 107, 134, 114, 21, 119, 4, 93, 118, 139, 22, 92, 154, 141, 30, 104, 127, 120, 129, 149, 25, 95, 153, 7, 76, 66, 111, 2, 16, 72, 58, 100, 125] }  { gammas: [2.316548469942703, -3.1445668338854205, 0.74568460346277798, 3.0, -5.3036367921317797, -1.4407521860331121, -2.3493343800996924, 0.18131852776333535, 2.6609880548277851, 3.0, 1.3948880461374047, 0.29030700539983234, 0.38515962447562524, 1.5256932398808813, 2.172717965600087, 1.1734070676978376, 1.7167482101841942, -1.5393685768337706, 3.0, 2.0471997016458507, -3.1353286314718138, 3.0, 0.52375790099144348, 2.6189852744510138, 2.3863342197400037, -2.9081774592557954, 1.5889342764322214, -5.3463694957860071, 0.42015114505922402, 2.5650240318715944, -3.8861147770826783, 2.1394534751613041, 2.3296432762774688, 1.1877811202298973, -0.19340278131032362, 1.959657488651295, 3.0, 2.011196658481555, -2.6877336590125376, 1.3501685766452534, -1.0876530177316055, -1.5584267957836822, -5.4277746477846609, 3.0, 0.76237658098437655, 0.69914904473874651] } >>
Generation 40
--- Selection...
--- Mutation...
--- Replacement...
Best: << ID: 2748, SCORE: 0.833333333333 { q: [0.28070769087834674] }  { lambda: [1.3618537023847019] }  { h: [45] }  { centers: [115, 23, 123, 151, 47, 124, 40, 31, 60, 98, 10, 71, 125, 44, 107, 134, 114, 105, 119, 4, 93, 5, 41, 22, 92, 154, 39, 30, 108, 136, 19, 15, 149, 127, 113, 153, 7, 76, 66, 67, 2, 130, 72, 101, 89] }  { gammas: [1.8221673042043753, -1.8502924725054144, 0.81643755842979271, 1.0307360571831021, -5.0259947010052519, -2.9242570732848545, 0.28663305124869826, 2.6107736614595507, 1.4726364550274764, 3.0, 0.3908071966223059, 1.6852186581672857, 0.4912371814614897, -0.027628202761262877, 1.9208822585849339, 3.0, 2.2257506052829559, 1.7068887431697684, 2.2659333726151174, 0.37556810334620283, -1.5713549935931503, -3.6264947903849314, -2.6870221195438542, 2.6796370873917255, 1.6408672762165055, -3.8797206146788614, 0.96795497066163882, 3.0, 0.19714851132059652, -0.074587805162834475, 1.9353003030254683, 2.3929316886788152, 1.8729963895579356, 0.59116472903621986, 2.3189476940712765, 0.99015720121613582, 0.67055406804271245, 3.0, -6.4445739707364984, 1.6977224980754679, 2.5156930766262482, -2.0103934601554005, -0.45608117632895651, 1.2196213252870938, 0.69142978049268256] } >>
Generation 41
--- Selection...
--- Mutation...
--- Replacement...
Best: << ID: 2853, SCORE: 0.846060606061 { q: [0.33734494978093499] }  { lambda: [1.6538783811872952] }  { h: [48] }  { centers: [105, 122, 123, 151, 35, 124, 33, 31, 60, 98, 10, 71, 130, 44, 78, 134, 114, 21, 119, 4, 93, 5, 139, 22, 92, 154, 39, 30, 108, 136, 19, 129, 149, 25, 95, 153, 7, 76, 66, 111, 0, 16, 72, 58, 100, 125, 18, 107] }  { gammas: [2.0061208123092751, -2.6190449633796904, 0.91619049525703289, 3.0, -5.3487540523967398, -2.9975673499636741, -2.8887233379822677, 0.71108473489163493, 2.2331594283673897, 2.8232426189665212, 0.67269298582128356, -0.66144154873024286, -0.018258043832635885, 0.83262024244572364, 1.3232062699133755, 3.0, 1.5770284949346947, 1.2505278092735626, 2.9647391918204589, 3.0, -5.9170800040426519, 2.7004204718780138, 0.52430342036989885, 2.6865176553859262, 2.3632230705716233, -0.74921146820900075, -0.36297021718434352, -4.9849104967020423, -0.4743298058151032, 3.0, -3.612247341825674, 3.0, 3.0, 1.8916678504490192, 2.0971023780233509, 2.5247693531206536, 3.0, 1.5184055804447292, -1.7028374394591248, 0.044464890120323786, -2.6216368050750036, -1.7757331260627645, -5.8216694975737138, 2.7860114434505192, 0.35316133582846976, 1.9231746379442214, -1.1862601547553511, 1.2065189169535306] } >>
Generation 42
--- Selection...
--- Mutation...
--- Replacement...
Best: << ID: 2904, SCORE: 0.832727272727 { q: [0.23117442405191005] }  { lambda: [0.48774787733672875] }  { h: [48] }  { centers: [105, 122, 123, 140, 35, 124, 33, 31, 60, 98, 10, 90, 130, 44, 78, 134, 114, 21, 119, 4, 53, 5, 139, 43, 92, 154, 39, 30, 108, 136, 19, 129, 149, 25, 95, 153, 7, 76, 66, 111, 2, 16, 72, 56, 100, 125, 18, 74] }  { gammas: [2.2677303540150007, -2.7946979751010916, 0.24488965172083005, 2.8722856564493249, -6.2446930914600944, -3.3778838791876078, -1.2406167995943294, 1.6111899513129628, 1.9845153532118274, 2.9437738779418186, 1.6778465566564298, 0.16696590926261265, 0.013800851641030454, 1.5601944208363581, 1.1942120295290428, 0.07689290702785774, 2.3457719138630662, -0.75599206313850187, 2.9945150752168712, 3.0, -5.4577128258909946, 3.0, 0.710468728201329, 2.2761391814063554, 2.2843005562327416, -0.77366092563740896, -0.33867273357656763, -4.8516039433788016, 0.34968187946445972, 3.0, -2.9041270299236484, 2.4052057149010611, 3.0, 2.0497421332079253, 1.6107500480374009, 1.4990484507672832, 2.8936821731412627, 1.6346389605968639, -3.6035835592900511, 0.3976772561174996, -1.6014072899944429, 0.063840804145481322, -5.9711107712572362, 1.7069221687663929, -0.40506129338756747, 0.65147791690859025, -1.8571057447379469, 1.0205602261115625] } >>
Generation 43
--- Selection...
--- Mutation...
--- Replacement...
Best: << ID: 3002, SCORE: 0.830303030303 { q: [0.52906649299943387] }  { lambda: [1.7806885842279561] }  { h: [46] }  { centers: [115, 23, 123, 16, 47, 124, 33, 31, 60, 98, 0, 71, 125, 44, 107, 134, 59, 105, 119, 4, 93, 5, 139, 43, 92, 154, 39, 30, 104, 136, 19, 15, 149, 25, 113, 153, 7, 76, 66, 67, 2, 130, 72, 101, 89, 50] }  { gammas: [3.0, -1.859431371149352, 0.73746914442415268, 1.0969886172480949, -4.6101507510787183, -1.8328142294034233, -1.4625267232794996, 2.8868725002624878, 0.027793528368314436, 0.64296898005145275, 0.44228093477977104, 1.5334333578897725, -0.42074447483113431, 1.3215785479670665, 1.5902212382630303, 3.0, 0.067910375377439908, 2.2501690229091764, 3.0, 1.3723022891639964, -1.4950829227012343, -4.1017036971759699, -1.0300149307637549, 0.87446856535232276, 1.458058110108035, -3.0689587174172774, 1.6880339953064141, 2.9560147792378619, 0.50749023678825889, 1.6618323249125595, 1.3607671188240189, 1.8005208540723179, 2.9564668888676033, 0.45497575633880605, 2.0322747717005747, 1.2999923805739737, 0.79701136636526138, 3.0, -5.3626251074681477, 1.7687707235237491, 2.124336785422738, -0.85472527173043311, -0.3512413841286236, 1.9839413529939121, 0.36744422852934078, 1.101950238400176] } >>
Generation 44
--- Selection...
--- Mutation...
--- Replacement...
Best: << ID: 3040, SCORE: 0.845454545455 { q: [0.25403218071226441] }  { lambda: [1.0875577448518867] }  { h: [48] }  { centers: [105, 122, 123, 140, 35, 124, 33, 31, 60, 98, 10, 90, 130, 44, 78, 134, 114, 21, 119, 4, 53, 5, 139, 43, 92, 154, 39, 151, 108, 136, 19, 129, 149, 25, 95, 153, 7, 76, 66, 111, 2, 16, 72, 56, 100, 125, 18, 74] }  { gammas: [1.5220200733811047, -2.2859809577226935, -0.57629104170784351, 3.0, -5.5815786458815904, -3.8171176462831422, -1.281817722412258, 2.3134979539431439, 1.4983612183869124, 2.4506431259428361, 1.0735659172763496, 0.60668030021308572, -0.45239065608479012, 1.3895397095776061, 1.4642431347943314, 0.11172173703806908, 1.4212572895903735, 0.23719832589672685, 2.8777615621529287, 1.6254703880916475, -4.5599636024074055, 2.4351965281980963, -0.052784594208273861, 2.9034394092898137, 1.6365758607955496, -0.15415561125283772, 0.89935121220782899, -4.7948401002797318, -0.69359387731293942, 3.0, -2.0431550976314217, 3.0, 2.7651743229811809, 1.5280883222144861, 0.63367999628300242, 1.611776115190263, 3.0, 2.446826297267235, -2.5732739035731917, 1.6132211733944328, -2.9221145248187228, -0.3830736134275905, -5.9461590757929175, 2.7168242136941845, 0.38052740652750777, -0.71497420119001798, -1.7307265568887231, 1.4523597369839569] } >>
Generation 45
--- Selection...
--- Mutation...
--- Replacement...
Best: << ID: 3137, SCORE: 0.84 { q: [0.37914783618254888] }  { lambda: [1.2647053039064533] }  { h: [45] }  { centers: [115, 23, 123, 151, 47, 124, 33, 31, 60, 98, 10, 71, 125, 44, 107, 134, 114, 56, 119, 4, 93, 5, 139, 43, 92, 154, 39, 30, 108, 136, 19, 129, 11, 25, 113, 153, 7, 76, 100, 67, 2, 16, 72, 101, 89] }  { gammas: [2.8551059807871044, -0.28941054875070038, 2.4876962422791067, -1.3020358679451447, -4.2416895237070964, -1.8318763822619946, -0.12067632641376125, 3.0, -2.1486192310440728, 2.8253006805321776, 1.2619272436997009, 1.0084031100345554, 1.8324093039078755, 0.89426154442792649, 2.5258586975903272, 2.3585935342750011, 0.38827731022315648, 0.28107022832685824, 1.7590090823153355, 0.11651930514021869, -4.0029491493335394, -6.9728844943676371, -0.62449286529042414, 0.064598997970347849, 2.743588970058231, -4.8793416113294876, 3.0, 2.4479396983785557, 2.5375576051432049, -1.0010795166195563, 2.5479661440241617, 1.1561220528472524, 3.0, 2.2721616815840195, 1.9803947186968558, 1.1691901428799412, 2.1433779825570234, 1.718261376471629, -5.0943640725629811, 2.4565383243490526, 3.0, -4.7738856626758821, -1.3414629249412462, 3.0, 2.7163982923618453] } >>
Generation 46
--- Selection...
--- Mutation...
--- Replacement...
Best: << ID: 3175, SCORE: 0.838787878788 { q: [0.26162643709321448] }  { lambda: [1.3895839492500073] }  { h: [43] }  { centers: [105, 36, 123, 122, 47, 32, 40, 31, 99, 98, 10, 90, 151, 44, 74, 134, 114, 21, 133, 4, 153, 118, 139, 22, 92, 154, 39, 30, 104, 127, 120, 15, 149, 136, 113, 42, 7, 55, 66, 135, 28, 16, 37] }  { gammas: [1.4447514738610889, -0.93425437003031842, 3.0, 0.65131408705169913, 0.89999255218602947, 0.30099079640796766, -0.1823664759337269, 1.5201007381910276, 2.3980474658993223, 2.5902568559385455, 3.0, -0.58189146586510399, 0.41928733555426662, 2.8587435200907865, 0.190438689053403, -0.73680721848983988, 0.15451172967017426, 3.0, 2.5276703850783373, 3.0, -0.64785726011211264, 0.59081761458150062, 2.7791378860653269, 1.305610474496548, 3.0, -3.6825645825781606, 0.18662129432350749, -1.989998629279637, 1.5991804341902662, 2.8014718319182808, -4.3379597473367371, 1.5196384678306423, 2.415681523303014, -1.7219280046706875, -0.77174325772308827, 1.7130943601324509, 0.28401712342985586, 2.3023438676442405, -2.4132855468227676, 0.92457035828316436, -0.69181225406002278, -5.0547400516810299, 1.1456336865751235] } >>
Generation 47
--- Selection...
--- Mutation...
--- Replacement...
Best: << ID: 3252, SCORE: 0.824242424242 { q: [0.34997536169092236] }  { lambda: [1.1055945369611484] }  { h: [45] }  { centers: [115, 23, 123, 151, 35, 124, 33, 31, 60, 98, 10, 71, 125, 44, 107, 134, 114, 56, 119, 4, 93, 5, 139, 43, 92, 154, 39, 30, 108, 136, 19, 129, 11, 25, 113, 153, 7, 76, 100, 67, 2, 16, 72, 101, 89] }  { gammas: [2.467836765050337, -1.1189504201184197, 2.8212218025137861, -1.1053136986897503, -4.228143090500688, -0.88341723929681082, -0.48146304526060152, 2.8361513737822883, -1.7526490174254896, 3.0, 1.024958343606345, 1.3734966886860889, 1.719008782665749, 0.84647469502679584, 1.9337866806962996, 2.4268762594362787, 0.048095843730755289, -0.11595159865466614, 2.4911511426552222, -0.11768268917687008, -3.7956044771169477, -6.9044678340991812, 0.060993922484145535, -0.96861805080207897, 2.6639427292244919, -4.7532406348061498, 3.0, 2.4029784510287073, 1.8826316712787698, -1.5417840882515286, 2.9624525413411029, 2.2916072786525099, 2.7264116720064231, 2.8749842864677944, 2.0638343530386658, 1.4897519414897293, 1.9287722085538668, 2.3092028055472573, -4.795642274474389, 1.9464225049115693, 3.0, -4.4500028355437662, -1.3778359403162324, 2.2477201533698121, 2.8083368886316551] } >>
Generation 48
--- Selection...
--- Mutation...
--- Replacement...
Best: << ID: 3315, SCORE: 0.844242424242 { q: [0.3216871396448413] }  { lambda: [0.98339411432741941] }  { h: [42] }  { centers: [105, 36, 123, 122, 47, 32, 40, 31, 99, 98, 10, 71, 151, 44, 74, 134, 114, 21, 133, 4, 153, 118, 139, 22, 92, 154, 39, 30, 104, 127, 120, 15, 149, 136, 113, 42, 7, 55, 100, 135, 28, 16] }  { gammas: [0.83889942522675509, -1.6963627273276225, 2.098476241780963, 0.92197459020353145, 1.4459613120571313, 0.24451335193962342, -0.37286276827899684, 2.0146963563326676, 2.8244232579165631, 1.6087130319693901, 3.0, -1.3941152313326155, 0.65937852013671872, 2.6462872241454174, -0.095474947174070512, -0.60631890583170289, 0.51673373057866612, 2.7236306259329068, 2.707869083550543, 3.0, -0.51792803532586662, 1.33926689717882, 2.4428495820815517, 1.3939920844337963, 2.8232766622112626, -3.849324789605757, 0.33851581725919744, -0.47328990866719078, 1.7287394712185937, 2.7470497512912337, -4.3044653503981252, 0.37181753499975689, 2.7356743070157918, -1.0957702889004548, -0.88638274443196485, 2.067859290944484, 0.69472393615341133, 2.7631959263786525, -2.2937765776903434, 1.4531459809174891, -0.59336906602200146, -5.2585996260145125] } >>
Generation 49
--- Selection...
--- Mutation...
--- Replacement...
Best: << ID: 3379, SCORE: 0.843636363636 { q: [0.27547443212951322] }  { lambda: [0.65199900785957121] }  { h: [41] }  { centers: [105, 36, 123, 122, 47, 32, 40, 31, 60, 98, 0, 71, 151, 44, 74, 134, 114, 21, 133, 4, 153, 118, 139, 22, 92, 154, 39, 30, 104, 127, 120, 15, 149, 136, 113, 42, 7, 55, 66, 135, 28] }  { gammas: [3.0, 0.85732638252707649, 1.909317500311603, -0.26943723220878285, -0.25994159344977197, -0.27819826055324487, 0.10240242796081295, -0.46794911158216412, 3.0, 3.0, 2.0155740648036957, -0.77463482320066113, 3.0, 2.7414349848599349, 1.233181777530882, -0.56277429971874127, 1.22802386626593, 3.0, 1.587806640918076, 1.8728274425783507, -1.2668568337466408, 1.5089628241693029, 2.3685637516603051, 2.4258794501702221, 2.8294051938304858, -4.8553630952958748, -0.74101783687322531, -2.7662509585135853, 3.0, 3.0, -4.0324768603190506, 1.2645817312657324, 1.7858765261643135, -1.2654237915512163, -0.47069384049896645, -0.28525159124637334, 3.0, 0.36528807169101252, -2.9453151542621652, 1.6253787268807278, -0.40751800272165495] } >>
Generation 50
--- Selection...
--- Mutation...
--- Replacement...
Best: << ID: 3454, SCORE: 0.841212121212 { q: [0.38315040807751444] }  { lambda: [1.2410764780034216] }  { h: [43] }  { centers: [105, 36, 123, 122, 47, 32, 40, 31, 99, 98, 10, 71, 151, 44, 74, 134, 114, 21, 133, 4, 153, 118, 139, 22, 92, 154, 39, 30, 104, 145, 120, 129, 149, 136, 113, 42, 7, 55, 66, 135, 28, 16, 53] }  { gammas: [2.2458412916353385, -1.1150138076750205, 1.7142890495211809, 0.53927812632517946, 0.72844591324126728, -0.45797610824300949, 0.85313462709098387, 0.99949237211740849, 2.7373846393270473, 3.0, 2.6079722749429051, -2.2877544858746872, 0.09441095250651288, 2.4182581879216825, -0.20964657888855703, -0.54751383121814734, -0.99289368436549608, 2.9201412113196921, 2.5083572657574296, 2.3066016851296469, -0.23868463413060415, 1.3138792304793183, 2.8351111583749624, 0.82399001644646008, 3.0, -2.2170161318520911, -0.12378892159951331, -1.5705027190467906, 2.0074473527871746, 2.9740628781668295, -4.3996961609111107, 2.7444892584615932, 3.0, -2.3261006952125887, -0.09823890926420166, 2.028154457210642, 1.2392976607310582, 2.1732478982684702, -3.1867368644507668, 0.61089630816314311, 0.67858314320740065, -4.4808327730710369, 3.0] } >>
Generation 51
--- Selection...
--- Mutation...
--- Replacement...
Best: << ID: 3530, SCORE: 0.84303030303 { q: [0.37689482322333145] }  { lambda: [0.9716583931601972] }  { h: [42] }  { centers: [105, 36, 123, 122, 47, 32, 40, 31, 60, 98, 10, 71, 151, 44, 74, 134, 59, 21, 119, 4, 153, 118, 139, 22, 92, 154, 39, 30, 104, 145, 120, 129, 149, 136, 113, 42, 7, 55, 66, 135, 28, 16] }  { gammas: [3.0, 0.088917760564653725, 2.1831361588521214, 0.842665513168393, 0.75593112267767593, 0.24616300861591195, -0.46705050420498861, 0.18487873947838485, 1.7014483962443905, 2.5329764724051005, 2.3152194709728415, -1.1716393602639874, -1.0035975844196039, 2.8887037635533388, 0.073400180125525238, 0.088069320901535464, -0.6519915469050831, 2.9030221800307516, 2.2795137798148453, 1.8488141194003775, -0.059230808014082592, 1.5239676643864546, 2.9279092630029404, 2.1809699171839703, 2.7329772039583338, -4.7236268597251865, 0.18733127739103694, -1.3030127304862984, 3.0, 2.0240014768467551, -5.4194653208508896, 2.56907025257807, 2.1855196607228771, -2.4536593518323793, 0.41684774491820603, -0.43065806690231645, 1.8506140212237971, 2.0086347766082921, -1.635190851452379, 1.0597745594903674, 0.76551146997364572, -4.1309752787524872] } >>
Generation 52
--- Selection...
--- Mutation...
--- Replacement...
Best: << ID: 3614, SCORE: 0.84 { q: [0.51707730187596779] }  { lambda: [0.33185952691087217] }  { h: [42] }  { centers: [105, 36, 123, 122, 47, 32, 40, 31, 99, 98, 10, 71, 151, 44, 74, 134, 59, 21, 133, 4, 153, 118, 139, 22, 92, 154, 39, 30, 104, 145, 120, 15, 149, 136, 113, 42, 7, 55, 66, 135, 28, 16] }  { gammas: [1.9878024826514564, 0.32453177415950774, 2.1796341375820769, 1.2291003430091669, 0.9106239793011609, 0.5093519864160051, 0.53294853428154043, -0.1509758054254241, 1.6640738570637761, 3.0, 2.1302015694505019, -0.91571932322414185, -1.511852596240459, 3.0, -0.61683798500733811, -0.14675644279476727, -0.37655020309460174, 3.0, 2.8297924387781306, 2.0019489141128464, 0.028317942267638632, 1.4078945099464242, 2.7405063408785106, 2.9948234001827001, 2.6332424677013262, -3.7961593015067741, -0.020732648283068561, -0.94788506968986375, 3.0, 1.2990522792720203, -4.4376510963537941, 2.7013077047171117, 2.571492037778059, -2.0917607990246254, 0.55275148295027332, -0.78267212894424365, 2.4418794019103247, 1.4545211810746501, -1.466708588204259, 0.45427607747384025, 1.2449621031226958, -4.3479990422012564] } >>
Generation 53
--- Selection...
--- Mutation...
--- Replacement...
Best: << ID: 3714, SCORE: 0.86 { q: [0.59419567551132513] }  { lambda: [0.92310682431083979] }  { h: [42] }  { centers: [105, 36, 123, 23, 47, 32, 40, 31, 99, 98, 10, 71, 151, 44, 107, 134, 114, 21, 133, 4, 153, 5, 139, 22, 92, 154, 39, 119, 104, 145, 120, 15, 11, 136, 113, 42, 7, 55, 66, 135, 28, 16] }  { gammas: [2.8037572258798891, -0.018280555985029312, 3.0, -0.67360252449087021, 1.9273018124624994, 1.8926938569015115, -0.88764264493611356, 0.41984441626455815, 0.93918160209712875, 2.4151022824112038, 2.1322697428290658, -0.22185820034602832, 0.27621263413280495, 2.5720394223668777, 0.80643148471168602, 0.86777221127347903, -1.8474170790151438, 3.0, 1.193330778320487, 2.8731272683005753, 0.074327598450533799, 1.3374385543458334, 3.0, 0.72602686763539115, 3.0, -3.8566561695153387, -0.82829165978101349, -1.6049985840899716, 1.9769615595594074, 2.3891644523030005, -5.8977547698321668, 3.0, 1.8267666427203171, -3.6313164557649475, -0.54489494858848297, 1.1182734278913709, 1.4776421533476605, 2.4221584597923842, -2.5594895599724898, 0.59946887324419174, 1.139555249401845, -4.6231517304571685] } >>
Generation 54
--- Selection...
--- Mutation...
--- Replacement...
Best: << ID: 3753, SCORE: 0.853333333333 { q: [0.34178433094535199] }  { lambda: [0.39198448883815062] }  { h: [40] }  { centers: [105, 36, 123, 122, 47, 32, 40, 5, 60, 98, 10, 71, 151, 44, 74, 134, 59, 142, 119, 4, 153, 118, 139, 22, 92, 154, 39, 16, 104, 145, 120, 129, 149, 136, 113, 42, 7, 55, 100, 135] }  { gammas: [1.6787697173382077, 0.54550398703939595, 1.8150022792943967, 0.47618854053818011, 1.276131793267717, 0.99020855240599159, -1.1923859759977933, -0.80866016840603316, 2.2148742451038244, 1.7611216635482594, 1.1997054536574434, -0.29285742184716224, -0.63786515601477289, 3.0, -0.90641613220466577, -0.52603202573595242, 0.0085129285959158474, 2.8056252698842084, 1.5926720637013325, 1.6729420072631909, 0.59005662677919524, 1.6531423213285468, 2.0640432000855173, 2.3850956705660642, 2.2441703862495195, -4.8968100670089081, -0.19539988077685511, -1.0598853225701368, 2.9658978090453307, 2.5850105108520443, -6.1166100486504087, 3.0, 1.776168426921493, -3.4354555499647099, 0.64603482767915787, 0.76390266998197709, 2.9324448276827115, 1.6739094999358521, -1.7082072510059374, 1.6462749230159119] } >>
Generation 55
--- Selection...
--- Mutation...
--- Replacement...
Best: << ID: 3792, SCORE: 0.850909090909 { q: [0.38994319339143296] }  { lambda: [0.48526459165605723] }  { h: [40] }  { centers: [105, 36, 123, 122, 47, 32, 40, 5, 60, 98, 10, 71, 151, 44, 74, 134, 59, 142, 119, 4, 153, 118, 41, 22, 92, 154, 39, 16, 104, 145, 120, 129, 149, 136, 113, 42, 7, 55, 100, 135] }  { gammas: [1.7018198796797901, 0.79256656191638575, 2.0974570288994716, -0.065986938733210654, 1.1160537773174806, 0.34301135151084872, -1.2869183979616579, -1.6293739375887903, 2.2827085818783432, 1.0925656951964888, 1.6898002330207706, -0.56040286620137081, -1.0614711864901833, 3.0, -0.62507420193479835, -1.2459143213418473, 0.59088864029113108, 3.0, 1.5242564335550677, 1.2252097651476448, 0.43852144113981706, 1.346375601108218, 1.5228870856037999, 2.3736658401777904, 2.279597949232655, -3.8916822221359961, -0.41929835667530524, -0.37912002691443492, 2.8376357133642824, 3.0, -5.5446471689271721, 3.0, 1.7224324072575454, -2.6691825096862107, 0.38319064460296276, 1.7319084457186691, 3.0, 1.7707386152663487, -2.1818728926180571, 1.8786007542789052] } >>
Generation 56
--- Selection...
--- Mutation...
--- Replacement...
Best: << ID: 3881, SCORE: 0.827878787879 { q: [0.34523056418890569] }  { lambda: [0.46503513194560064] }  { h: [40] }  { centers: [105, 36, 123, 23, 47, 32, 40, 31, 99, 98, 10, 71, 151, 44, 107, 134, 59, 21, 133, 4, 153, 5, 139, 22, 92, 154, 39, 30, 104, 145, 120, 15, 149, 136, 95, 42, 7, 76, 66, 135] }  { gammas: [2.8545790059198302, 2.1359074512324665, 2.5371575570934985, 1.3814757342546888, 2.9274805544987634, -2.0341689651779422, 1.3954580755972628, 0.42901491977188694, 1.0040412633054037, 1.1128274323366274, 2.0880852855109135, -2.2545959538959703, 1.2367037275506862, 2.8105776044044442, -0.59359874872595908, -0.36109864104061323, -2.12181725812655, 1.0025769774640152, 2.119948195866503, 2.9849800384351921, 0.87331657791949246, 0.41077227340140876, 2.9133379769627816, 2.9125563292214349, 2.6490840928640904, -3.2480945114623117, 1.0477441071897253, -2.4225147135588254, 3.0, 3.0, -5.2536914336031346, -0.33042859106287858, 2.7645784136548035, -2.2177293075927613, 0.30329675739914019, -1.271051009900553, -0.15096195369536236, 0.16183014794854622, -2.4079419786639997, 1.1902925080230484] } >>
Generation 57
--- Selection...
--- Mutation...
--- Replacement...
Best: << ID: 3951, SCORE: 0.852727272727 { q: [0.32756899320750793] }  { lambda: [0.51551870106678499] }  { h: [42] }  { centers: [105, 36, 5, 122, 47, 32, 40, 31, 60, 98, 12, 71, 151, 44, 107, 134, 59, 21, 119, 4, 153, 118, 43, 22, 92, 154, 39, 30, 104, 145, 120, 15, 149, 136, 113, 42, 7, 55, 66, 135, 0, 16] }  { gammas: [2.1935103261124809, -0.40664525652826855, 0.015822296833827451, 1.9069876096088745, -0.2272775076005932, 0.059597575696294647, -0.182208416865837, -1.5005780475483017, 3.0, 2.4876545411693467, 2.6505718988897677, -3.0559289276946728, 0.84946475765763652, 0.82226198415447693, 1.5344270828458926, 1.8893819883001559, 0.49347861132081783, 2.7989058402285512, 1.4115329427770513, 3.0, -1.1635502819955346, 1.0179247447883082, 2.5208039485416722, 2.0163534432332293, 1.6112524117166895, -6.1966559212137629, 0.90104951253265775, 0.83462939168156025, 3.0, 1.6095456448771703, -6.3331345554263061, 0.83957326099318474, 1.7258741022850612, -3.3497607738137209, -0.67626805873653106, -0.61282606590947131, 3.0, 3.0, -0.46492906299329823, -0.84053862080572561, -0.45858311407130492, -4.0030803910469794] } >>
Generation 58
--- Selection...
--- Mutation...
--- Replacement...
Best: << ID: 4055, SCORE: 0.846060606061 { q: [0.53582543598959498] }  { lambda: [1.1326359694167385] }  { h: [40] }  { centers: [105, 36, 123, 122, 47, 32, 40, 5, 60, 98, 10, 71, 151, 44, 74, 134, 59, 142, 119, 4, 26, 118, 139, 22, 92, 154, 39, 16, 104, 145, 120, 129, 149, 136, 113, 42, 7, 55, 100, 135] }  { gammas: [1.4604023258609959, 0.57676080052612899, 1.5902681043759805, -0.24484270019825444, 0.32303714286004093, 0.18732448811000801, -0.3658221967813326, 0.040731299639649464, 0.90981517044059113, 1.7022477924441668, 2.3076239961299256, 0.57213011278032422, -0.12541073460473748, 2.9173942505705059, 0.32932805526964537, -1.8255337312406774, -0.24299030916701198, 2.4119623149751064, 0.28597019039701443, 1.5772820122213089, 1.3777059342552838, 0.97048664019126019, 2.9797647429573999, 2.1343482415605242, 2.1686155038391095, -3.5062625396076759, -0.632591763771986, -1.6137375958278428, 1.7343687330866207, 2.787978551083488, -6.3755865251154757, 2.9344961680273296, 1.8162903957363874, -2.399385642825278, 1.5701797483757165, 0.53329269381181599, 2.7477282549098683, 1.0620856798884799, -1.2243709938478393,